2021-09-09 17:47:41.6712 INFO: Application started
2021-09-09 17:47:51.4052 INFO: Выбран режим открытия на скорости 30%
2021-09-09 17:47:52.6552 INFO: Выбран режим открытия на скорости 60%
2021-09-09 17:47:53.4418 INFO: Выбран режим открытия на скорости 100%
2021-09-09 17:47:55.2679 INFO: Выбран режим закрытия на скорости 30%
2021-09-09 17:47:55.8617 INFO: Выбран режим закрытия на скорости 60%
2021-09-09 17:47:56.2653 INFO: Выбран режим закрытия на скорости 100%
2021-09-09 17:47:56.8091 INFO: Выбран режим закрытия на скорости 0%
2021-09-09 17:47:58.2671 INFO: Выбран режим открытия на скорости 30%
2021-09-09 17:47:58.4612 INFO: Выбран режим открытия на скорости 60%
2021-09-09 17:47:58.6768 INFO: Выбран режим открытия на скорости 100%
2021-09-09 17:47:58.8914 INFO: Выбран режим открытия на скорости 0%
2021-09-09 17:48:00.0556 INFO: Выбран режим закрытия на скорости 30%
2021-09-09 17:48:00.2658 INFO: Выбран режим закрытия на скорости 60%
2021-09-09 17:48:00.4639 INFO: Выбран режим закрытия на скорости 100%
2021-09-09 17:48:01.7011 INFO: Выбран режим подъема на скорости 30%
2021-09-09 17:48:01.9039 INFO: Выбран режим подъема на скорости 60%
2021-09-09 17:48:02.1169 INFO: Выбран режим подъема на скорости 100%
2021-09-09 17:48:03.4315 INFO: Выбран режим спуска на скорости 30%
2021-09-09 17:48:03.6162 INFO: Выбран режим спуска на скорости 60%
2021-09-09 17:48:03.8307 INFO: Выбран режим спуска на скорости 100%
2021-09-09 17:48:04.3938 INFO: Выбран режим спуска на скорости 0%
2021-09-09 17:48:05.8401 INFO: Выбран режим открытия на скорости 30%
2021-09-09 17:48:06.0363 INFO: Выбран режим открытия на скорости 60%
2021-09-09 17:48:06.2650 INFO: Выбран режим открытия на скорости 100%
2021-09-09 17:49:20.9427 INFO: Application started
2021-09-09 17:49:25.5514 INFO: Выбран режим открытия на скорости 30%
2021-09-09 17:49:26.3607 INFO: Выбран режим открытия на скорости 60%
2021-09-09 17:49:26.8211 INFO: Выбран режим открытия на скорости 100%
2021-09-09 17:49:27.0305 INFO: Выбран режим открытия на скорости 0%
2021-09-09 17:49:28.6134 INFO: Выбран режим закрытия на скорости 30%
2021-09-09 17:49:28.8161 INFO: Выбран режим закрытия на скорости 60%
2021-09-09 17:49:29.0039 INFO: Выбран режим закрытия на скорости 100%
2021-09-09 17:49:29.2197 INFO: Выбран режим закрытия на скорости 0%
2021-09-09 17:49:30.6415 INFO: Выбран режим открытия на скорости 30%
2021-09-09 17:49:30.8285 INFO: Выбран режим открытия на скорости 60%
2021-09-09 17:49:31.0450 INFO: Выбран режим открытия на скорости 100%
2021-09-09 17:49:32.5589 INFO: Выбран режим закрытия на скорости 30%
2021-09-09 17:49:32.7458 INFO: Выбран режим закрытия на скорости 60%
2021-09-09 17:49:32.9320 INFO: Выбран режим закрытия на скорости 100%
2021-09-09 17:49:33.1480 INFO: Выбран режим закрытия на скорости 0%
2021-09-09 17:49:34.2347 INFO: Выбран режим открытия на скорости 30%
2021-09-09 17:49:34.4246 INFO: Выбран режим открытия на скорости 60%
2021-09-09 17:49:34.6347 INFO: Выбран режим открытия на скорости 100%
2021-09-09 17:50:31.3656 INFO: Application started
2021-09-09 17:50:35.1501 INFO: Выбран режим открытия на скорости 30%
2021-09-09 17:50:35.3353 INFO: Выбран режим открытия на скорости 60%
2021-09-09 17:50:35.5555 INFO: Выбран режим открытия на скорости 100%
2021-09-09 17:50:37.3252 INFO: Выбран режим закрытия на скорости 30%
2021-09-09 17:50:37.5117 INFO: Выбран режим закрытия на скорости 60%
2021-09-09 17:50:37.7001 INFO: Выбран режим закрытия на скорости 100%
2021-09-09 17:50:37.9018 INFO: Выбран режим закрытия на скорости 0%
2021-09-09 17:50:39.2963 INFO: Выбран режим открытия на скорости 30%
2021-09-09 17:50:39.4748 INFO: Выбран режим открытия на скорости 60%
2021-09-09 17:50:39.6949 INFO: Выбран режим открытия на скорости 100%
2021-09-09 17:50:39.8684 INFO: Выбран режим открытия на скорости 0%
2021-09-09 17:50:40.9533 INFO: Выбран режим закрытия на скорости 30%
2021-09-09 17:50:41.1327 INFO: Выбран режим закрытия на скорости 60%
2021-09-09 17:50:41.3050 INFO: Выбран режим закрытия на скорости 100%
2021-09-09 17:50:41.5012 INFO: Выбран режим закрытия на скорости 0%
2021-09-09 17:50:41.7137 INFO: Выбран режим закрытия на скорости 30%
2021-09-09 17:50:42.8783 INFO: Выбран режим открытия на скорости 30%
2021-09-09 17:50:43.0787 INFO: Выбран режим открытия на скорости 60%
2021-09-09 17:50:43.2936 INFO: Выбран режим открытия на скорости 100%
2021-09-09 17:51:23.2976 INFO: Application started
2021-09-09 17:51:26.5829 INFO: Выбран режим открытия на скорости 30%
2021-09-09 17:51:27.3694 INFO: Выбран режим открытия на скорости 60%
2021-09-09 17:51:27.8292 INFO: Выбран режим открытия на скорости 100%
2021-09-09 17:51:29.2484 INFO: Выбран режим закрытия на скорости 30%
2021-09-09 17:51:29.4283 INFO: Выбран режим закрытия на скорости 60%
2021-09-09 17:51:29.6417 INFO: Выбран режим закрытия на скорости 100%
2021-09-09 17:51:30.7421 INFO: Выбран режим открытия на скорости 30%
2021-09-09 17:51:30.9208 INFO: Выбран режим открытия на скорости 60%
2021-09-09 17:51:31.1345 INFO: Выбран режим открытия на скорости 100%
2021-09-09 17:51:58.8049 INFO: Application started
2021-09-09 17:52:04.6957 INFO: Выбран режим закрытия на скорости 30%
2021-09-09 17:52:05.1295 INFO: Выбран режим закрытия на скорости 60%
2021-09-09 17:52:06.1573 INFO: Выбран режим открытия на скорости 30%
2021-09-09 17:52:06.3824 INFO: Выбран режим открытия на скорости 60%
2021-09-09 17:52:06.5977 INFO: Выбран режим открытия на скорости 100%
2021-09-09 17:52:10.2407 INFO: Выбран режим подъема на скорости 30%
2021-09-09 17:52:11.5274 INFO: Выбран режим открытия на скорости 30%
2021-09-09 17:52:11.7307 INFO: Выбран режим открытия на скорости 60%
2021-09-09 17:52:11.9435 INFO: Выбран режим открытия на скорости 100%
2021-09-09 17:52:12.9997 INFO: Выбран режим закрытия на скорости 30%
2021-09-09 17:52:13.2191 INFO: Выбран режим закрытия на скорости 60%
2021-09-09 17:52:42.5423 INFO: Application started
2021-09-09 17:52:52.4217 INFO: Выбран режим открытия на скорости 30%
2021-09-09 17:52:52.5893 INFO: Выбран режим открытия на скорости 60%
2021-09-09 17:52:52.7921 INFO: Выбран режим открытия на скорости 100%
2021-09-09 17:52:53.0008 INFO: Выбран режим открытия на скорости 0%
2021-09-09 17:52:53.9257 INFO: Выбран режим закрытия на скорости 30%
2021-09-09 17:52:54.0969 INFO: Выбран режим закрытия на скорости 60%
2021-09-09 17:52:54.2725 INFO: Выбран режим закрытия на скорости 100%
2021-09-09 17:52:54.4875 INFO: Выбран режим закрытия на скорости 0%
2021-09-09 17:52:55.3346 INFO: Выбран режим открытия на скорости 30%
2021-09-09 17:52:55.5292 INFO: Выбран режим открытия на скорости 60%
2021-09-09 17:52:55.7437 INFO: Выбран режим открытия на скорости 100%
2021-09-09 17:53:33.6778 INFO: Application started
2021-09-09 17:53:41.0949 INFO: Выбран режим открытия на скорости 30%
2021-09-09 17:53:41.2176 INFO: Выбран режим открытия на скорости 60%
2021-09-09 17:53:41.4323 INFO: Выбран режим открытия на скорости 100%
2021-09-09 17:53:44.7862 INFO: Выбран режим закрытия на скорости 30%
2021-09-09 17:53:45.0875 INFO: Выбран режим закрытия на скорости 60%
2021-09-09 17:53:45.1646 INFO: Выбран режим закрытия на скорости 100%
2021-09-09 17:53:45.3811 INFO: Выбран режим закрытия на скорости 0%
2021-09-09 17:53:46.4511 INFO: Выбран режим открытия на скорости 30%
2021-09-09 17:53:46.6229 INFO: Выбран режим открытия на скорости 60%
2021-09-09 17:53:46.8376 INFO: Выбран режим открытия на скорости 100%
2021-09-09 17:57:14.2531 INFO: Application started
2021-09-09 17:57:18.2350 INFO: Выбран режим открытия на скорости 30%
2021-09-09 17:57:19.1278 INFO: Выбран режим открытия на скорости 60%
2021-09-09 17:57:19.3770 INFO: Выбран режим открытия на скорости 100%
2021-09-09 17:57:19.5876 INFO: Выбран режим открытия на скорости 0%
2021-09-09 17:57:21.0465 INFO: Выбран режим закрытия на скорости 30%
2021-09-09 18:00:31.6648 INFO: Application started
2021-09-09 18:00:37.3705 INFO: Выбран режим открытия на скорости 30%
2021-09-09 18:00:38.0743 INFO: Выбран режим открытия на скорости 60%
2021-09-09 18:00:38.7458 INFO: Выбран режим открытия на скорости 100%
2021-09-09 18:00:40.3542 INFO: Выбран режим закрытия на скорости 30%
2021-09-09 18:00:40.5614 INFO: Выбран режим закрытия на скорости 60%
2021-09-09 18:00:40.7763 INFO: Выбран режим закрытия на скорости 100%
2021-09-09 18:00:41.3354 INFO: Выбран режим закрытия на скорости 0%
2021-09-09 18:00:42.3266 INFO: Выбран режим открытия на скорости 30%
2021-09-09 18:00:42.5204 INFO: Выбран режим открытия на скорости 60%
2021-09-09 18:00:42.7342 INFO: Выбран режим открытия на скорости 100%
2021-09-09 18:00:46.9643 INFO: Выбран режим закрытия на скорости 30%
2021-09-09 18:00:47.1800 INFO: Выбран режим закрытия на скорости 60%
2021-09-09 18:00:48.6658 INFO: Выбран режим открытия на скорости 30%
2021-09-09 18:00:48.9362 INFO: Выбран режим открытия на скорости 60%
2021-09-09 18:01:07.2971 ERROR: Error during connection to TwinCAT PLC
2021-09-09 18:01:10.8825 ERROR: Error during connection to TwinCAT PLC
2021-09-09 18:01:14.8695 ERROR: Error during connection to TwinCAT PLC
2021-09-09 18:01:18.8675 ERROR: Error during connection to TwinCAT PLC
2021-09-09 18:01:22.8673 ERROR: Error during connection to TwinCAT PLC
2021-09-09 18:01:26.8848 ERROR: Error during connection to TwinCAT PLC
2021-09-09 18:01:30.8694 ERROR: Error during connection to TwinCAT PLC
2021-09-09 18:01:34.8667 ERROR: Error during connection to TwinCAT PLC
2021-09-09 18:01:38.8691 ERROR: Error during connection to TwinCAT PLC
2021-09-09 18:01:42.8680 ERROR: Error during connection to TwinCAT PLC
2021-09-09 18:01:46.8761 ERROR: Error during connection to TwinCAT PLC
2021-09-09 18:01:50.8687 ERROR: Error during connection to TwinCAT PLC
2021-09-09 18:01:54.8725 ERROR: Error during connection to TwinCAT PLC
2021-09-09 18:01:58.8687 ERROR: Error during connection to TwinCAT PLC
2021-09-09 18:02:02.8673 ERROR: Error during connection to TwinCAT PLC
2021-09-09 18:02:06.8779 ERROR: Error during connection to TwinCAT PLC
2021-09-09 18:02:10.6785 INFO: Выбран режим открытия на скорости 100%
2021-09-09 18:02:10.8699 ERROR: Error during connection to TwinCAT PLC
2021-09-09 18:02:10.8739 INFO: Выбран режим открытия на скорости 0%
2021-09-09 18:02:11.0873 INFO: Выбран режим открытия на скорости 30%
2021-09-09 18:02:11.8124 INFO: Выбран режим открытия на скорости 60%
2021-09-09 18:02:12.0275 INFO: Выбран режим открытия на скорости 100%
2021-09-09 18:02:14.8692 ERROR: Error during connection to TwinCAT PLC
2021-09-09 18:02:18.8733 ERROR: Error during connection to TwinCAT PLC
2021-09-09 18:02:22.8774 ERROR: Error during connection to TwinCAT PLC
2021-09-09 18:02:26.8723 ERROR: Error during connection to TwinCAT PLC
2021-09-09 18:02:30.8790 ERROR: Error during connection to TwinCAT PLC
2021-09-09 18:02:34.9469 ERROR: Error during connection to TwinCAT PLC
2021-09-09 18:02:38.8682 ERROR: Error during connection to TwinCAT PLC
2021-09-09 18:02:42.8684 ERROR: Error during connection to TwinCAT PLC
2021-09-09 18:02:46.8749 ERROR: Error during connection to TwinCAT PLC
2021-09-09 18:02:50.8683 ERROR: Error during connection to TwinCAT PLC
2021-09-09 18:02:54.8747 ERROR: Error during connection to TwinCAT PLC
2021-09-09 18:02:58.8683 ERROR: Error during connection to TwinCAT PLC
2021-09-09 18:03:02.8809 ERROR: Error during connection to TwinCAT PLC
2021-09-09 18:03:06.8674 ERROR: Error during connection to TwinCAT PLC
2021-09-09 18:03:10.8668 ERROR: Error during connection to TwinCAT PLC
2021-09-09 18:03:14.8709 ERROR: Error during connection to TwinCAT PLC
2021-09-09 18:03:18.8707 ERROR: Error during connection to TwinCAT PLC
2021-09-09 18:03:22.8755 ERROR: Error during connection to TwinCAT PLC
2021-09-09 18:03:26.8659 ERROR: Error during connection to TwinCAT PLC
2021-09-09 18:03:30.8731 ERROR: Error during connection to TwinCAT PLC
2021-09-09 18:03:34.8676 ERROR: Error during connection to TwinCAT PLC
2021-09-09 18:03:38.8679 ERROR: Error during connection to TwinCAT PLC
2021-09-09 18:03:42.8702 ERROR: Error during connection to TwinCAT PLC
2021-09-09 18:03:46.8745 ERROR: Error during connection to TwinCAT PLC
2021-09-09 18:03:50.8706 ERROR: Error during connection to TwinCAT PLC
2021-09-09 18:03:54.8689 ERROR: Error during connection to TwinCAT PLC
2021-09-09 18:03:58.8681 ERROR: Error during connection to TwinCAT PLC
2021-09-09 18:04:02.8658 ERROR: Error during connection to TwinCAT PLC
2021-09-09 18:04:06.8691 ERROR: Error during connection to TwinCAT PLC
2021-09-09 18:04:10.8782 ERROR: Error during connection to TwinCAT PLC
2021-09-09 18:04:14.8684 ERROR: Error during connection to TwinCAT PLC
2021-09-09 18:04:18.8664 ERROR: Error during connection to TwinCAT PLC
2021-09-09 18:04:22.8708 ERROR: Error during connection to TwinCAT PLC
2021-09-09 18:04:26.8662 ERROR: Error during connection to TwinCAT PLC
2021-09-09 18:04:30.8668 ERROR: Error during connection to TwinCAT PLC
2021-09-09 18:04:34.8677 ERROR: Error during connection to TwinCAT PLC
2021-09-09 18:04:38.8663 ERROR: Error during connection to TwinCAT PLC
2021-09-09 18:04:42.8843 ERROR: Error during connection to TwinCAT PLC
2021-09-09 18:04:46.8664 ERROR: Error during connection to TwinCAT PLC
2021-09-09 18:04:50.8669 ERROR: Error during connection to TwinCAT PLC
2021-09-09 18:04:54.8766 ERROR: Error during connection to TwinCAT PLC
2021-09-09 18:04:58.8661 ERROR: Error during connection to TwinCAT PLC
2021-09-09 18:05:02.8674 ERROR: Error during connection to TwinCAT PLC
2021-09-09 18:05:06.8775 ERROR: Error during connection to TwinCAT PLC
2021-09-09 18:05:10.8669 ERROR: Error during connection to TwinCAT PLC
2021-09-09 18:05:14.8678 ERROR: Error during connection to TwinCAT PLC
2021-09-09 18:05:18.8731 ERROR: Error during connection to TwinCAT PLC
2021-09-09 18:05:22.8736 ERROR: Error during connection to TwinCAT PLC
2021-09-09 18:05:26.8682 ERROR: Error during connection to TwinCAT PLC
2021-09-09 18:05:30.8802 ERROR: Error during connection to TwinCAT PLC
2021-09-09 18:05:34.8669 ERROR: Error during connection to TwinCAT PLC
2021-09-09 18:05:38.8668 ERROR: Error during connection to TwinCAT PLC
2021-09-09 18:05:42.8805 ERROR: Error during connection to TwinCAT PLC
2021-09-09 18:06:10.5252 INFO: Выбран режим открытия на скорости 30%
2021-09-09 18:06:10.7239 INFO: Выбран режим открытия на скорости 60%
2021-09-09 18:06:10.9248 INFO: Выбран режим открытия на скорости 100%
2021-09-09 18:06:11.1396 INFO: Выбран режим открытия на скорости 0%
2021-09-09 18:06:27.7473 INFO: Application started
2021-09-09 18:06:31.4565 INFO: Выбран режим открытия на скорости 30%
2021-09-09 18:06:32.4063 INFO: Выбран режим открытия на скорости 60%
2021-09-09 18:06:33.1335 INFO: Выбран режим открытия на скорости 100%
2021-09-09 18:15:24.9088 INFO: Application started
2021-09-09 18:15:29.7912 INFO: Выбран режим открытия на скорости 30%
2021-09-09 18:15:30.6369 INFO: Выбран режим открытия на скорости 60%
2021-09-09 18:15:32.0749 INFO: Выбран режим закрытия на скорости 30%
2021-09-09 18:15:32.7494 INFO: Выбран режим закрытия на скорости 60%
2021-09-09 18:15:33.2585 INFO: Выбран режим закрытия на скорости 100%
2021-09-09 18:15:34.4857 INFO: Выбран режим открытия на скорости 30%
2021-09-09 18:15:35.1556 INFO: Выбран режим открытия на скорости 60%
2021-09-09 18:17:24.1218 INFO: Application started
2021-09-09 18:17:38.4708 INFO: Выбран режим открытия на скорости 30%
2021-09-09 18:17:38.6795 INFO: Выбран режим открытия на скорости 60%
2021-09-09 18:17:38.9902 INFO: Выбран режим открытия на скорости 100%
2021-09-09 18:17:40.4003 INFO: Выбран режим закрытия на скорости 30%
2021-09-09 18:17:41.0965 INFO: Выбран режим закрытия на скорости 60%
2021-09-09 18:17:50.2965 INFO: Осуществлен успешный вход в режим администрирования
2021-09-09 18:17:51.7273 INFO: Пользователь произвел переход на страницу Discrete X
2021-09-09 18:20:26.8704 ERROR: Error during connection to TwinCAT PLC
2021-09-09 18:20:30.0621 ERROR: Error during connection to TwinCAT PLC
2021-09-09 18:20:33.3921 ERROR: Error during connection to TwinCAT PLC
2021-09-09 18:20:36.6184 ERROR: Error during connection to TwinCAT PLC
2021-09-09 18:20:39.8000 ERROR: Error during connection to TwinCAT PLC
2021-09-09 18:20:43.0355 ERROR: Error during connection to TwinCAT PLC
2021-09-09 18:20:46.2862 ERROR: Error during connection to TwinCAT PLC
2021-09-09 18:20:49.5387 ERROR: Error during connection to TwinCAT PLC
2021-09-09 18:20:53.5482 ERROR: Error during connection to TwinCAT PLC
2021-09-09 18:20:56.7891 ERROR: Error during connection to TwinCAT PLC
2021-09-09 18:21:00.0533 ERROR: Error during connection to TwinCAT PLC
2021-09-09 18:21:03.2860 ERROR: Error during connection to TwinCAT PLC
2021-09-09 18:21:06.5354 ERROR: Error during connection to TwinCAT PLC
2021-09-09 18:21:09.7984 ERROR: Error during connection to TwinCAT PLC
2021-09-09 18:21:13.0372 ERROR: Error during connection to TwinCAT PLC
2021-09-09 18:21:16.2929 ERROR: Error during connection to TwinCAT PLC
2021-09-09 18:21:19.5448 ERROR: Error during connection to TwinCAT PLC
2021-09-09 18:21:22.7837 ERROR: Error during connection to TwinCAT PLC
2021-09-09 18:21:26.0401 ERROR: Error during connection to TwinCAT PLC
2021-09-09 18:21:29.2904 ERROR: Error during connection to TwinCAT PLC
2021-09-09 18:21:32.5363 ERROR: Error during connection to TwinCAT PLC
2021-09-09 18:21:35.7868 ERROR: Error during connection to TwinCAT PLC
2021-09-09 18:21:39.0359 ERROR: Error during connection to TwinCAT PLC
2021-09-09 18:21:42.2845 ERROR: Error during connection to TwinCAT PLC
2021-09-09 18:21:45.5351 ERROR: Error during connection to TwinCAT PLC
2021-09-09 18:21:48.6655 ERROR: Error during connection to TwinCAT PLC
2021-09-09 18:21:51.7865 ERROR: Error during connection to TwinCAT PLC
2021-09-09 18:21:55.0357 ERROR: Error during connection to TwinCAT PLC
2021-09-09 18:21:58.2849 ERROR: Error during connection to TwinCAT PLC
2021-09-09 18:22:01.5763 ERROR: Error during connection to TwinCAT PLC
2021-09-09 18:22:04.7866 ERROR: Error during connection to TwinCAT PLC
2021-09-09 18:22:08.0440 ERROR: Error during connection to TwinCAT PLC
2021-09-09 18:22:11.2983 ERROR: Error during connection to TwinCAT PLC
2021-09-09 18:22:14.5350 ERROR: Error during connection to TwinCAT PLC
2021-09-09 18:22:17.7862 ERROR: Error during connection to TwinCAT PLC
2021-09-09 18:22:21.0360 ERROR: Error during connection to TwinCAT PLC
2021-09-09 18:22:24.3045 ERROR: Error during connection to TwinCAT PLC
2021-09-09 18:22:27.5343 ERROR: Error during connection to TwinCAT PLC
2021-09-09 18:22:31.6980 ERROR: Error during connection to TwinCAT PLC
2021-09-09 18:22:34.7862 ERROR: Error during connection to TwinCAT PLC
2021-09-09 18:22:51.3972 INFO: Выбран режим открытия на скорости 30%
2021-09-09 18:22:52.1757 INFO: Выбран режим открытия на скорости 60%
2021-09-09 18:22:53.3143 INFO: Выбран режим закрытия на скорости 30%
2021-09-09 18:22:53.5153 INFO: Выбран режим закрытия на скорости 60%
2021-09-09 18:22:53.7325 INFO: Выбран режим закрытия на скорости 100%
2021-09-09 18:22:55.2022 INFO: Выбран режим открытия на скорости 30%
2021-09-09 18:22:55.4178 INFO: Выбран режим открытия на скорости 60%
2021-09-09 18:23:12.3553 INFO: Application started
2021-09-09 18:23:16.0170 INFO: Выбран режим открытия на скорости 30%
2021-09-09 18:23:16.6740 INFO: Выбран режим открытия на скорости 60%
2021-09-09 18:23:17.1877 INFO: Выбран режим открытия на скорости 100%
2021-09-09 18:23:18.4001 INFO: Выбран режим закрытия на скорости 30%
2021-09-09 18:23:18.7044 INFO: Выбран режим закрытия на скорости 60%
2021-09-09 18:23:18.8133 INFO: Выбран режим закрытия на скорости 100%
2021-09-09 18:30:36.8006 INFO: Application started
2021-09-09 18:30:40.1032 INFO: Выбран режим открытия на скорости 30%
2021-09-09 18:30:40.8221 INFO: Выбран режим открытия на скорости 60%
2021-09-09 18:30:41.8024 INFO: Выбран режим открытия на скорости 100%
2021-09-09 18:30:43.1917 INFO: Выбран режим закрытия на скорости 30%
2021-09-09 18:30:43.3636 INFO: Выбран режим закрытия на скорости 60%
2021-09-09 18:30:43.5506 INFO: Выбран режим закрытия на скорости 100%
2021-09-09 18:30:43.7513 INFO: Выбран режим закрытия на скорости 0%
2021-09-09 18:30:43.9664 INFO: Выбран режим закрытия на скорости 30%
2021-09-09 18:30:44.9863 INFO: Выбран режим открытия на скорости 30%
2021-09-09 18:30:45.1586 INFO: Выбран режим открытия на скорости 60%
2021-09-09 18:30:45.3596 INFO: Выбран режим открытия на скорости 100%
2021-09-09 18:30:45.5752 INFO: Выбран режим открытия на скорости 0%
2021-09-09 18:30:46.7915 INFO: Выбран режим закрытия на скорости 30%
2021-09-09 18:30:46.9751 INFO: Выбран режим закрытия на скорости 60%
2021-09-09 18:30:47.1617 INFO: Выбран режим закрытия на скорости 100%
2021-09-09 18:30:47.3762 INFO: Выбран режим закрытия на скорости 0%
2021-09-09 18:30:48.6625 INFO: Выбран режим открытия на скорости 30%
2021-09-09 18:30:48.8348 INFO: Выбран режим открытия на скорости 60%
2021-09-09 18:30:49.0893 INFO: Выбран режим открытия на скорости 100%
2021-09-09 18:30:49.2152 INFO: Выбран режим открытия на скорости 0%
2021-09-09 18:30:50.6764 INFO: Выбран режим закрытия на скорости 30%
2021-09-09 18:30:50.8453 INFO: Выбран режим закрытия на скорости 60%
2021-09-09 18:30:51.0886 INFO: Выбран режим закрытия на скорости 100%
2021-09-09 18:30:52.8706 INFO: Выбран режим открытия на скорости 30%
2021-09-09 18:30:53.6450 INFO: Выбран режим открытия на скорости 60%
2021-09-09 18:30:54.2852 INFO: Выбран режим открытия на скорости 100%
2021-09-09 18:30:56.0875 INFO: Выбран режим закрытия на скорости 30%
2021-09-09 18:30:56.7543 INFO: Выбран режим закрытия на скорости 60%
2021-09-09 18:30:57.3153 INFO: Выбран режим закрытия на скорости 100%
2021-09-09 18:30:58.8018 INFO: Выбран режим открытия на скорости 30%
2021-09-09 18:30:58.9594 INFO: Выбран режим открытия на скорости 60%
2021-09-09 18:30:59.1389 INFO: Выбран режим открытия на скорости 100%
2021-09-09 18:30:59.3542 INFO: Выбран режим открытия на скорости 0%
2021-09-09 18:31:00.7892 INFO: Выбран режим закрытия на скорости 30%
2021-09-09 18:31:01.3722 INFO: Выбран режим закрытия на скорости 60%
2021-09-09 18:31:15.7583 INFO: Application closed
2021-09-09 18:33:53.7542 INFO: Application started
2021-09-09 18:34:11.6093 INFO: Выбран режим открытия на скорости 30%
2021-09-09 18:34:12.8055 INFO: Выбран режим открытия на скорости 60%
2021-09-09 18:34:13.6279 INFO: Выбран режим открытия на скорости 100%
2021-09-09 18:34:14.5492 INFO: Выбран режим открытия на скорости 0%
2021-09-09 18:34:15.4290 INFO: Выбран режим открытия на скорости 30%
2021-09-09 18:34:16.1959 INFO: Выбран режим открытия на скорости 60%
2021-09-09 18:34:16.9227 INFO: Выбран режим открытия на скорости 100%
2021-09-09 18:34:18.3086 INFO: Выбран режим закрытия на скорости 30%
2021-09-09 18:34:18.5478 INFO: Выбран режим закрытия на скорости 60%
2021-09-09 18:34:18.6887 INFO: Выбран режим закрытия на скорости 100%
2021-09-09 18:34:18.8322 INFO: Выбран режим закрытия на скорости 0%
2021-09-09 18:34:20.1178 INFO: Выбран режим открытия на скорости 30%
2021-09-09 18:34:20.3045 INFO: Выбран режим открытия на скорости 60%
2021-09-09 18:34:20.5490 INFO: Выбран режим открытия на скорости 100%
2021-09-09 18:34:20.7950 INFO: Выбран режим открытия на скорости 0%
2021-09-09 18:34:23.1844 INFO: Выбран режим закрытия на скорости 30%
2021-09-09 18:34:23.3639 INFO: Выбран режим закрытия на скорости 60%
2021-09-09 18:34:23.5506 INFO: Выбран режим закрытия на скорости 100%
2021-09-09 18:34:23.7948 INFO: Выбран режим закрытия на скорости 0%
2021-09-09 18:34:24.9295 INFO: Выбран режим открытия на скорости 30%
2021-09-09 18:34:25.1017 INFO: Выбран режим открытия на скорости 60%
2021-09-09 18:34:25.2946 INFO: Выбран режим открытия на скорости 100%
2021-09-09 18:34:25.5468 INFO: Выбран режим открытия на скорости 0%
2021-09-09 18:34:26.8972 INFO: Выбран режим закрытия на скорости 30%
2021-09-09 18:34:27.1023 INFO: Выбран режим закрытия на скорости 60%
2021-09-09 18:34:27.2956 INFO: Выбран режим закрытия на скорости 100%
2021-09-09 18:34:27.5479 INFO: Выбран режим закрытия на скорости 0%
2021-09-09 18:34:28.8432 INFO: Выбран режим открытия на скорости 30%
2021-09-09 18:34:29.0536 INFO: Выбран режим открытия на скорости 60%
2021-09-09 18:34:29.2948 INFO: Выбран режим открытия на скорости 100%
2021-09-09 18:34:29.4247 INFO: Выбран режим открытия на скорости 0%
2021-09-09 18:34:30.7959 INFO: Выбран режим закрытия на скорости 30%
2021-09-09 18:34:30.9111 INFO: Выбран режим закрытия на скорости 60%
2021-09-09 18:34:31.0920 INFO: Выбран режим закрытия на скорости 100%
2021-09-09 18:34:31.2948 INFO: Выбран режим закрытия на скорости 0%
2021-09-09 18:34:31.5469 INFO: Выбран режим закрытия на скорости 30%
2021-09-09 18:34:32.6489 INFO: Выбран режим открытия на скорости 30%
2021-09-09 18:34:32.8429 INFO: Выбран режим открытия на скорости 60%
2021-09-09 18:34:33.0485 INFO: Выбран режим открытия на скорости 100%
2021-09-09 18:34:33.2938 INFO: Выбран режим открытия на скорости 0%
2021-09-09 18:40:00.2542 INFO: Application started
2021-09-09 18:40:12.7124 INFO: Выбран режим открытия на скорости 30%
2021-09-09 18:40:13.4436 INFO: Выбран режим открытия на скорости 60%
2021-09-09 18:40:13.5651 INFO: Выбран режим открытия на скорости 100%
2021-09-09 18:41:13.9475 INFO: Application started
2021-09-09 18:41:21.0079 INFO: Выбран режим открытия на скорости 30%
2021-09-09 18:41:22.0042 INFO: Выбран режим открытия на скорости 60%
2021-09-09 18:41:22.5866 INFO: Выбран режим открытия на скорости 100%
2021-09-09 18:41:23.7693 INFO: Выбран режим закрытия на скорости 30%
2021-09-09 18:41:24.0145 INFO: Выбран режим закрытия на скорости 60%
2021-09-09 18:41:24.2488 INFO: Выбран режим закрытия на скорости 100%
2021-09-09 18:41:25.7455 INFO: Выбран режим открытия на скорости 30%
2021-09-09 18:41:25.8727 INFO: Выбран режим открытия на скорости 60%
2021-09-09 18:41:26.0607 INFO: Выбран режим открытия на скорости 100%
2021-09-09 18:41:26.2730 INFO: Выбран режим открытия на скорости 0%
2021-09-09 18:41:27.4958 INFO: Выбран режим закрытия на скорости 30%
2021-09-09 18:41:27.6161 INFO: Выбран режим закрытия на скорости 60%
2021-09-09 18:41:28.7726 INFO: Выбран режим открытия на скорости 30%
2021-09-09 18:41:33.9969 INFO: Выбран режим закрытия на скорости 30%
2021-09-09 18:41:34.2450 INFO: Выбран режим закрытия на скорости 60%
2021-09-09 18:41:41.5367 INFO: Выбран режим открытия на скорости 30%
2021-09-09 18:41:42.2447 INFO: Выбран режим открытия на скорости 60%
2021-09-09 18:42:22.2709 INFO: Выбран режим открытия на скорости 100%
2021-09-09 18:42:22.4966 INFO: Выбран режим открытия на скорости 0%
2021-09-09 18:42:23.6046 INFO: Выбран режим закрытия на скорости 30%
2021-09-09 18:42:23.8119 INFO: Выбран режим закрытия на скорости 60%
2021-09-09 18:46:19.1281 INFO: Application started
2021-09-09 18:46:25.6850 INFO: Выбран режим открытия на скорости 30%
2021-09-09 18:46:25.9644 INFO: Остановка открытия занавеса
2021-09-09 18:46:26.3314 INFO: Остановка открытия занавеса
2021-09-09 18:46:26.6934 INFO: Остановка открытия занавеса
2021-09-09 18:46:27.0524 INFO: Остановка открытия занавеса
2021-09-09 18:46:27.4104 INFO: Остановка открытия занавеса
2021-09-09 18:46:27.7714 INFO: Остановка открытия занавеса
2021-09-09 18:46:28.1294 INFO: Остановка открытия занавеса
2021-09-09 18:46:28.4904 INFO: Остановка открытия занавеса
2021-09-09 18:46:28.8484 INFO: Остановка открытия занавеса
2021-09-09 18:46:29.2105 INFO: Остановка открытия занавеса
2021-09-09 18:46:29.5714 INFO: Остановка открытия занавеса
2021-09-09 18:46:29.9304 INFO: Остановка открытия занавеса
2021-09-09 18:46:30.2894 INFO: Остановка открытия занавеса
2021-09-09 18:46:30.6495 INFO: Остановка открытия занавеса
2021-09-09 18:46:31.0095 INFO: Остановка открытия занавеса
2021-09-09 18:46:31.3674 INFO: Остановка открытия занавеса
2021-09-09 18:46:31.7274 INFO: Остановка открытия занавеса
2021-09-09 18:46:32.0864 INFO: Остановка открытия занавеса
2021-09-09 18:46:32.4444 INFO: Остановка открытия занавеса
2021-09-09 18:46:32.8044 INFO: Остановка открытия занавеса
2021-09-09 18:46:33.1624 INFO: Остановка открытия занавеса
2021-09-09 18:46:33.5224 INFO: Остановка открытия занавеса
2021-09-09 18:46:33.8805 INFO: Остановка открытия занавеса
2021-09-09 18:46:34.2385 INFO: Остановка открытия занавеса
2021-09-09 18:46:34.6004 INFO: Остановка открытия занавеса
2021-09-09 18:46:34.9595 INFO: Остановка открытия занавеса
2021-09-09 18:46:35.3174 INFO: Остановка открытия занавеса
2021-09-09 18:46:35.6774 INFO: Остановка открытия занавеса
2021-09-09 18:46:36.0386 INFO: Остановка открытия занавеса
2021-09-09 18:46:36.4065 INFO: Остановка открытия занавеса
2021-09-09 18:46:36.7694 INFO: Остановка открытия занавеса
2021-09-09 18:46:37.1274 INFO: Остановка открытия занавеса
2021-09-09 18:46:37.4875 INFO: Остановка открытия занавеса
2021-09-09 18:46:37.8484 INFO: Остановка открытия занавеса
2021-09-09 18:46:38.2064 INFO: Остановка открытия занавеса
2021-09-09 18:46:38.5664 INFO: Остановка открытия занавеса
2021-09-09 18:46:38.9245 INFO: Остановка открытия занавеса
2021-09-09 18:46:39.2824 INFO: Остановка открытия занавеса
2021-09-09 18:46:39.6464 INFO: Остановка открытия занавеса
2021-09-09 18:46:40.0064 INFO: Остановка открытия занавеса
2021-09-09 18:46:40.3654 INFO: Остановка открытия занавеса
2021-09-09 18:46:40.7254 INFO: Остановка открытия занавеса
2021-09-09 18:46:41.0854 INFO: Остановка открытия занавеса
2021-09-09 18:46:41.4454 INFO: Остановка открытия занавеса
2021-09-09 18:46:41.8094 INFO: Остановка открытия занавеса
2021-09-09 18:46:42.1844 INFO: Остановка открытия занавеса
2021-09-09 18:46:42.6059 INFO: Остановка открытия занавеса
2021-09-09 18:46:43.2754 INFO: Остановка открытия занавеса
2021-09-09 18:46:43.6860 INFO: Остановка открытия занавеса
2021-09-09 18:46:44.1514 INFO: Остановка открытия занавеса
2021-09-09 18:46:44.5970 INFO: Остановка открытия занавеса
2021-09-09 18:47:36.1134 INFO: Application started
2021-09-09 18:47:41.4164 INFO: Выбран режим открытия на скорости 30%
2021-09-09 18:47:42.5725 INFO: Остановка открытия занавеса
2021-09-09 18:47:43.9404 INFO: Остановка открытия занавеса
2021-09-09 18:47:45.1384 INFO: Остановка открытия занавеса
2021-09-09 18:47:45.1543 INFO: Выбран режим открытия на скорости 60%
2021-09-09 18:47:46.3394 INFO: Остановка открытия занавеса
2021-09-09 18:47:47.5364 INFO: Остановка открытия занавеса
2021-09-09 18:47:48.7375 INFO: Остановка открытия занавеса
2021-09-09 18:47:48.9875 INFO: Выбран режим открытия на скорости 100%
2021-09-09 18:47:49.9355 INFO: Остановка открытия занавеса
2021-09-09 18:47:51.1344 INFO: Остановка открытия занавеса
2021-09-09 18:47:51.2005 INFO: Выбран режим закрытия на скорости 30%
2021-09-09 18:47:51.9269 INFO: Выбран режим закрытия на скорости 60%
2021-09-09 18:47:52.6436 INFO: Выбран режим закрытия на скорости 100%
2021-09-09 18:47:53.9794 INFO: Выбран режим открытия на скорости 30%
2021-09-09 18:47:54.5707 INFO: Остановка открытия занавеса
2021-09-09 18:47:54.7119 INFO: Выбран режим открытия на скорости 60%
2021-09-09 18:47:55.4717 INFO: Выбран режим открытия на скорости 100%
2021-09-09 18:47:55.9345 INFO: Остановка открытия занавеса
2021-09-09 18:47:57.1344 INFO: Остановка открытия занавеса
2021-09-09 18:47:58.3335 INFO: Остановка открытия занавеса
2021-09-09 18:47:59.5455 INFO: Остановка открытия занавеса
2021-09-09 18:48:00.7894 INFO: Остановка открытия занавеса
2021-09-09 18:52:45.6571 INFO: Application started
2021-09-09 18:52:52.3427 INFO: Выбран режим открытия на скорости 30%
2021-09-09 18:52:53.2485 INFO: Открытие занавеса
2021-09-09 18:52:53.2615 INFO: Остановка открытия занавеса
2021-09-09 18:52:53.4916 INFO: Выбран режим открытия на скорости 60%
2021-09-09 18:52:53.6035 INFO: Выбран режим открытия на скорости 100%
2021-09-09 18:52:53.8157 INFO: Выбран режим открытия на скорости 0%
2021-09-09 18:52:55.1241 INFO: Выбран режим закрытия на скорости 30%
2021-09-09 18:52:55.3378 INFO: Выбран режим закрытия на скорости 60%
2021-09-09 18:52:55.8833 INFO: Выбран режим закрытия на скорости 100%
2021-09-09 18:52:57.0247 INFO: Выбран режим открытия на скорости 30%
2021-09-09 18:52:57.6999 INFO: Выбран режим открытия на скорости 60%
2021-09-09 18:52:58.0465 INFO: Открытие занавеса
2021-09-09 18:52:58.0656 INFO: Остановка открытия занавеса
2021-09-09 18:52:58.3461 INFO: Выбран режим открытия на скорости 100%
2021-09-09 18:52:59.4145 INFO: Открытие занавеса
2021-09-09 18:52:59.4334 INFO: Остановка открытия занавеса
2021-09-09 18:53:00.6385 INFO: Открытие занавеса
2021-09-09 18:53:00.6521 INFO: Остановка открытия занавеса
2021-09-09 18:53:02.0375 INFO: Открытие занавеса
2021-09-09 18:53:02.0694 INFO: Остановка открытия занавеса
2021-09-09 18:53:03.0725 INFO: Открытие занавеса
2021-09-09 18:53:03.1125 INFO: Остановка открытия занавеса
2021-09-09 18:54:11.5439 INFO: Application started
2021-09-09 18:54:31.7598 INFO: Выбран режим открытия на скорости 30%
2021-09-09 18:54:32.1785 INFO: Открытие занавеса
2021-09-09 18:54:32.1964 INFO: Остановка открытия занавеса
2021-09-09 18:54:32.8455 INFO: Открытие занавеса
2021-09-09 18:54:32.8585 INFO: Остановка открытия занавеса
2021-09-09 18:54:32.9087 INFO: Выбран режим открытия на скорости 60%
2021-09-09 18:54:33.3445 INFO: Открытие занавеса
2021-09-09 18:54:33.3624 INFO: Остановка открытия занавеса
2021-09-09 18:54:33.8514 INFO: Открытие занавеса
2021-09-09 18:54:33.8694 INFO: Остановка открытия занавеса
2021-09-09 18:54:33.8753 INFO: Выбран режим открытия на скорости 100%
2021-09-09 18:54:34.3515 INFO: Открытие занавеса
2021-09-09 18:54:34.3694 INFO: Остановка открытия занавеса
2021-09-09 18:54:34.8465 INFO: Открытие занавеса
2021-09-09 18:54:34.8654 INFO: Остановка открытия занавеса
2021-09-09 18:54:34.8654 INFO: Выбран режим открытия на скорости 0%
2021-09-09 18:54:35.7866 INFO: Выбран режим открытия на скорости 30%
2021-09-09 18:54:36.1774 INFO: Открытие занавеса
2021-09-09 18:54:36.1955 INFO: Остановка открытия занавеса
2021-09-09 18:54:36.4742 INFO: Выбран режим открытия на скорости 60%
2021-09-09 18:54:36.8665 INFO: Открытие занавеса
2021-09-09 18:54:36.8844 INFO: Остановка открытия занавеса
2021-09-09 18:54:37.3474 INFO: Открытие занавеса
2021-09-09 18:54:37.3654 INFO: Остановка открытия занавеса
2021-09-09 18:54:37.8494 INFO: Открытие занавеса
2021-09-09 18:54:37.8684 INFO: Остановка открытия занавеса
2021-09-09 18:54:37.8712 INFO: Выбран режим открытия на скорости 100%
2021-09-09 18:54:38.3465 INFO: Открытие занавеса
2021-09-09 18:54:38.3654 INFO: Остановка открытия занавеса
2021-09-09 18:54:38.8485 INFO: Открытие занавеса
2021-09-09 18:54:38.8615 INFO: Остановка открытия занавеса
2021-09-09 18:54:39.3454 INFO: Открытие занавеса
2021-09-09 18:54:39.3634 INFO: Остановка открытия занавеса
2021-09-09 18:54:39.4053 INFO: Выбран режим закрытия на скорости 30%
2021-09-09 18:54:40.1290 INFO: Выбран режим закрытия на скорости 60%
2021-09-09 18:54:40.8627 INFO: Выбран режим закрытия на скорости 100%
2021-09-09 18:54:41.5868 INFO: Выбран режим закрытия на скорости 0%
2021-09-09 18:54:42.7276 INFO: Выбран режим открытия на скорости 30%
2021-09-09 18:54:43.1804 INFO: Открытие занавеса
2021-09-09 18:54:43.1984 INFO: Остановка открытия занавеса
2021-09-09 18:54:43.3817 INFO: Выбран режим открытия на скорости 60%
2021-09-09 18:54:43.8454 INFO: Открытие занавеса
2021-09-09 18:54:43.8634 INFO: Остановка открытия занавеса
2021-09-09 18:54:44.3454 INFO: Открытие занавеса
2021-09-09 18:54:44.3644 INFO: Остановка открытия занавеса
2021-09-09 18:54:44.3644 INFO: Выбран режим открытия на скорости 100%
2021-09-09 18:54:44.8454 INFO: Открытие занавеса
2021-09-09 18:54:44.8635 INFO: Остановка открытия занавеса
2021-09-09 18:54:45.3454 INFO: Открытие занавеса
2021-09-09 18:54:45.3634 INFO: Остановка открытия занавеса
2021-09-09 18:54:45.3634 INFO: Выбран режим закрытия на скорости 30%
2021-09-09 18:54:46.0788 INFO: Выбран режим закрытия на скорости 60%
2021-09-09 18:54:46.7638 INFO: Выбран режим закрытия на скорости 100%
2021-09-09 18:54:48.1058 INFO: Выбран режим открытия на скорости 30%
2021-09-09 18:54:48.6774 INFO: Открытие занавеса
2021-09-09 18:54:48.6954 INFO: Остановка открытия занавеса
2021-09-09 18:54:48.7957 INFO: Выбран режим открытия на скорости 60%
2021-09-09 18:54:49.3464 INFO: Открытие занавеса
2021-09-09 18:54:49.3644 INFO: Остановка открытия занавеса
2021-09-09 18:54:49.8454 INFO: Открытие занавеса
2021-09-09 18:54:49.8634 INFO: Остановка открытия занавеса
2021-09-09 18:54:49.8634 INFO: Выбран режим открытия на скорости 100%
2021-09-09 18:54:50.3454 INFO: Открытие занавеса
2021-09-09 18:54:50.3644 INFO: Остановка открытия занавеса
2021-09-09 18:54:50.8465 INFO: Открытие занавеса
2021-09-09 18:54:50.8644 INFO: Остановка открытия занавеса
2021-09-09 18:54:51.3444 INFO: Открытие занавеса
2021-09-09 18:54:51.3634 INFO: Остановка открытия занавеса
2021-09-09 18:54:51.3634 INFO: Выбран режим закрытия на скорости 30%
2021-09-09 18:54:51.7467 INFO: Выбран режим закрытия на скорости 60%
2021-09-09 18:54:51.8898 INFO: Выбран режим закрытия на скорости 100%
2021-09-09 18:54:52.0788 INFO: Выбран режим закрытия на скорости 0%
2021-09-09 18:54:52.2917 INFO: Выбран режим закрытия на скорости 30%
2021-09-09 18:54:53.2108 INFO: Выбран режим открытия на скорости 30%
2021-09-09 18:54:53.3980 INFO: Выбран режим открытия на скорости 60%
2021-09-09 18:54:53.6915 INFO: Открытие занавеса
2021-09-09 18:54:53.7104 INFO: Остановка открытия занавеса
2021-09-09 18:54:53.7104 INFO: Выбран режим открытия на скорости 100%
2021-09-09 18:54:53.8067 INFO: Выбран режим открытия на скорости 0%
2021-09-09 18:54:55.0796 INFO: Выбран режим закрытия на скорости 30%
2021-09-09 18:54:55.2211 INFO: Выбран режим закрытия на скорости 60%
2021-09-09 18:54:55.4368 INFO: Выбран режим закрытия на скорости 100%
2021-09-09 18:54:57.1524 INFO: Выбран режим открытия на скорости 30%
2021-09-09 18:54:57.3461 INFO: Выбран режим открытия на скорости 60%
2021-09-09 18:54:57.6794 INFO: Открытие занавеса
2021-09-09 18:54:57.6965 INFO: Остановка открытия занавеса
2021-09-09 18:54:57.6990 INFO: Выбран режим открытия на скорости 100%
2021-09-09 18:54:58.3485 INFO: Открытие занавеса
2021-09-09 18:54:58.3664 INFO: Остановка открытия занавеса
2021-09-09 18:54:58.8454 INFO: Открытие занавеса
2021-09-09 18:54:58.8624 INFO: Остановка открытия занавеса
2021-09-09 18:54:59.3484 INFO: Открытие занавеса
2021-09-09 18:54:59.3654 INFO: Остановка открытия занавеса
2021-09-09 18:54:59.8465 INFO: Открытие занавеса
2021-09-09 18:54:59.8594 INFO: Остановка открытия занавеса
2021-09-09 18:55:00.3464 INFO: Открытие занавеса
2021-09-09 18:55:00.3634 INFO: Остановка открытия занавеса
2021-09-09 18:55:00.8465 INFO: Открытие занавеса
2021-09-09 18:55:00.8644 INFO: Остановка открытия занавеса
2021-09-09 18:55:01.3454 INFO: Открытие занавеса
2021-09-09 18:55:01.3624 INFO: Остановка открытия занавеса
2021-09-09 18:55:01.8444 INFO: Открытие занавеса
2021-09-09 18:55:01.8614 INFO: Остановка открытия занавеса
2021-09-09 18:55:02.3465 INFO: Открытие занавеса
2021-09-09 18:55:02.3644 INFO: Остановка открытия занавеса
2021-09-09 18:55:02.8454 INFO: Открытие занавеса
2021-09-09 18:55:02.8625 INFO: Остановка открытия занавеса
2021-09-09 18:55:03.3454 INFO: Открытие занавеса
2021-09-09 18:55:03.3624 INFO: Остановка открытия занавеса
2021-09-09 18:55:03.8455 INFO: Открытие занавеса
2021-09-09 18:55:03.8634 INFO: Остановка открытия занавеса
2021-09-09 18:55:04.3464 INFO: Открытие занавеса
2021-09-09 18:55:04.3634 INFO: Остановка открытия занавеса
2021-09-09 18:55:04.8754 INFO: Открытие занавеса
2021-09-09 18:55:04.8934 INFO: Остановка открытия занавеса
2021-09-09 18:55:05.3464 INFO: Открытие занавеса
2021-09-09 18:55:05.3634 INFO: Остановка открытия занавеса
2021-09-09 18:55:05.8455 INFO: Открытие занавеса
2021-09-09 18:55:05.8584 INFO: Остановка открытия занавеса
2021-09-09 18:55:06.3805 INFO: Открытие занавеса
2021-09-09 18:55:06.3984 INFO: Остановка открытия занавеса
2021-09-09 18:55:06.8444 INFO: Открытие занавеса
2021-09-09 18:55:06.8614 INFO: Остановка открытия занавеса
2021-09-09 18:55:07.3444 INFO: Открытие занавеса
2021-09-09 18:55:07.3614 INFO: Остановка открытия занавеса
2021-09-09 18:55:07.8445 INFO: Открытие занавеса
2021-09-09 18:55:07.8614 INFO: Остановка открытия занавеса
2021-09-09 18:55:08.3454 INFO: Открытие занавеса
2021-09-09 18:55:08.3634 INFO: Остановка открытия занавеса
2021-09-09 18:55:08.8454 INFO: Открытие занавеса
2021-09-09 18:55:08.8624 INFO: Остановка открытия занавеса
2021-09-09 18:55:09.3454 INFO: Открытие занавеса
2021-09-09 18:55:09.3624 INFO: Остановка открытия занавеса
2021-09-09 18:55:09.8444 INFO: Открытие занавеса
2021-09-09 18:55:09.8614 INFO: Остановка открытия занавеса
2021-09-09 18:55:10.3465 INFO: Открытие занавеса
2021-09-09 18:55:10.3594 INFO: Остановка открытия занавеса
2021-09-09 18:55:10.8454 INFO: Открытие занавеса
2021-09-09 18:55:10.8625 INFO: Остановка открытия занавеса
2021-09-09 18:55:11.3474 INFO: Открытие занавеса
2021-09-09 18:55:11.3644 INFO: Остановка открытия занавеса
2021-09-09 18:55:11.8464 INFO: Открытие занавеса
2021-09-09 18:55:11.8654 INFO: Остановка открытия занавеса
2021-09-09 18:55:12.3424 INFO: Открытие занавеса
2021-09-09 18:55:12.3594 INFO: Остановка открытия занавеса
2021-09-09 18:55:12.8454 INFO: Открытие занавеса
2021-09-09 18:55:12.8625 INFO: Остановка открытия занавеса
2021-09-09 18:55:13.3454 INFO: Открытие занавеса
2021-09-09 18:55:13.3634 INFO: Остановка открытия занавеса
2021-09-09 18:55:13.8444 INFO: Открытие занавеса
2021-09-09 18:55:13.8624 INFO: Остановка открытия занавеса
2021-09-09 18:55:14.3455 INFO: Открытие занавеса
2021-09-09 18:55:14.3634 INFO: Остановка открытия занавеса
2021-09-09 18:55:14.8454 INFO: Открытие занавеса
2021-09-09 18:55:14.8624 INFO: Остановка открытия занавеса
2021-09-09 18:55:14.8624 INFO: Выбран режим закрытия на скорости 30%
2021-09-09 18:55:14.9304 INFO: Выбран режим закрытия на скорости 60%
2021-09-09 18:55:15.2699 INFO: Выбран режим закрытия на скорости 100%
2021-09-09 18:55:16.6039 INFO: Выбран режим открытия на скорости 30%
2021-09-09 18:55:16.7969 INFO: Выбран режим открытия на скорости 60%
2021-09-09 18:55:17.1774 INFO: Открытие занавеса
2021-09-09 18:55:17.1944 INFO: Остановка открытия занавеса
2021-09-09 18:55:17.1944 INFO: Выбран режим открытия на скорости 100%
2021-09-09 18:55:17.1995 INFO: Выбран режим открытия на скорости 0%
2021-09-09 18:55:18.3905 INFO: Выбран режим закрытия на скорости 30%
2021-09-09 18:55:18.5789 INFO: Выбран режим закрытия на скорости 60%
2021-09-09 18:55:18.7925 INFO: Выбран режим закрытия на скорости 100%
2021-09-09 18:55:20.0789 INFO: Выбран режим открытия на скорости 30%
2021-09-09 18:55:20.2068 INFO: Выбран режим открытия на скорости 60%
2021-09-09 18:55:20.3934 INFO: Выбран режим открытия на скорости 100%
2021-09-09 18:55:20.6775 INFO: Открытие занавеса
2021-09-09 18:55:20.6904 INFO: Остановка открытия занавеса
2021-09-09 18:55:20.6904 INFO: Выбран режим открытия на скорости 0%
2021-09-09 18:55:21.9008 INFO: Выбран режим закрытия на скорости 30%
2021-09-09 18:55:22.0803 INFO: Выбран режим закрытия на скорости 60%
2021-09-09 18:55:22.2957 INFO: Выбран режим закрытия на скорости 100%
2021-09-09 18:59:22.8819 INFO: Application started
2021-09-09 18:59:40.9379 INFO: Выбран режим открытия на скорости 30%
2021-09-09 18:59:41.2805 INFO: Открытие занавеса
2021-09-09 18:59:41.2984 INFO: Остановка открытия занавеса
2021-09-09 18:59:41.9455 INFO: Открытие занавеса
2021-09-09 18:59:41.9614 INFO: Остановка открытия занавеса
2021-09-09 18:59:41.9739 INFO: Выбран режим открытия на скорости 60%
2021-09-09 18:59:42.4415 INFO: Открытие занавеса
2021-09-09 18:59:42.4575 INFO: Остановка открытия занавеса
2021-09-09 18:59:42.9425 INFO: Открытие занавеса
2021-09-09 18:59:42.9584 INFO: Остановка открытия занавеса
2021-09-09 18:59:42.9655 INFO: Выбран режим открытия на скорости 100%
2021-09-09 18:59:43.4425 INFO: Открытие занавеса
2021-09-09 18:59:43.4605 INFO: Остановка открытия занавеса
2021-09-09 18:59:43.9425 INFO: Открытие занавеса
2021-09-09 18:59:43.9594 INFO: Остановка открытия занавеса
2021-09-09 18:59:43.9594 INFO: Выбран режим открытия на скорости 0%
2021-09-09 18:59:44.9102 INFO: Выбран режим открытия на скорости 30%
2021-09-09 18:59:45.2785 INFO: Открытие занавеса
2021-09-09 18:59:45.3015 INFO: Остановка открытия занавеса
2021-09-09 18:59:45.9415 INFO: Открытие занавеса
2021-09-09 18:59:45.9574 INFO: Остановка открытия занавеса
2021-09-09 18:59:45.9697 INFO: Выбран режим открытия на скорости 60%
2021-09-09 18:59:46.4515 INFO: Открытие занавеса
2021-09-09 18:59:46.4684 INFO: Остановка открытия занавеса
2021-09-09 18:59:46.9425 INFO: Открытие занавеса
2021-09-09 18:59:46.9584 INFO: Остановка открытия занавеса
2021-09-09 18:59:46.9723 INFO: Выбран режим открытия на скорости 100%
2021-09-09 18:59:47.4414 INFO: Открытие занавеса
2021-09-09 18:59:47.4574 INFO: Остановка открытия занавеса
2021-09-09 18:59:47.9425 INFO: Открытие занавеса
2021-09-09 18:59:47.9584 INFO: Остановка открытия занавеса
2021-09-09 18:59:47.9584 INFO: Выбран режим открытия на скорости 0%
2021-09-09 18:59:48.7775 INFO: Выбран режим открытия на скорости 30%
2021-09-09 18:59:49.2775 INFO: Открытие занавеса
2021-09-09 18:59:49.2775 INFO: Остановка открытия занавеса
2021-09-09 18:59:49.5537 INFO: Выбран режим открытия на скорости 60%
2021-09-09 18:59:49.9444 INFO: Открытие занавеса
2021-09-09 18:59:49.9615 INFO: Остановка открытия занавеса
2021-09-09 18:59:50.4414 INFO: Открытие занавеса
2021-09-09 18:59:50.4584 INFO: Остановка открытия занавеса
2021-09-09 18:59:50.4584 INFO: Выбран режим открытия на скорости 100%
2021-09-09 18:59:50.9425 INFO: Открытие занавеса
2021-09-09 18:59:50.9612 INFO: Остановка открытия занавеса
2021-09-09 18:59:51.4424 INFO: Открытие занавеса
2021-09-09 18:59:51.4544 INFO: Остановка открытия занавеса
2021-09-09 18:59:51.4544 INFO: Выбран режим открытия на скорости 0%
2021-09-09 18:59:52.2209 INFO: Выбран режим открытия на скорости 30%
2021-09-09 18:59:52.7784 INFO: Открытие занавеса
2021-09-09 18:59:52.7954 INFO: Остановка открытия занавеса
2021-09-09 18:59:52.8917 INFO: Выбран режим открытия на скорости 60%
2021-09-09 18:59:53.4484 INFO: Открытие занавеса
2021-09-09 18:59:53.4674 INFO: Остановка открытия занавеса
2021-09-09 18:59:53.9475 INFO: Открытие занавеса
2021-09-09 18:59:53.9644 INFO: Остановка открытия занавеса
2021-09-09 18:59:54.0542 INFO: Выбран режим закрытия на скорости 30%
2021-09-09 18:59:54.5427 INFO: Выбран режим закрытия на скорости 60%
2021-09-09 18:59:55.1794 INFO: Выбран режим закрытия на скорости 100%
2021-09-09 18:59:57.0629 INFO: Выбран режим открытия на скорости 30%
2021-09-09 18:59:57.2785 INFO: Открытие занавеса
2021-09-09 18:59:57.2944 INFO: Остановка открытия занавеса
2021-09-09 18:59:57.2944 INFO: Выбран режим открытия на скорости 60%
2021-09-09 18:59:57.4571 INFO: Выбран режим открытия на скорости 100%
2021-09-09 18:59:57.9435 INFO: Открытие занавеса
2021-09-09 18:59:57.9604 INFO: Остановка открытия занавеса
2021-09-09 18:59:57.9604 INFO: Выбран режим открытия на скорости 0%
2021-09-09 18:59:58.6783 INFO: Выбран режим открытия на скорости 30%
2021-09-09 18:59:58.8569 INFO: Выбран режим открытия на скорости 60%
2021-09-09 18:59:59.0362 INFO: Выбран режим открытия на скорости 100%
2021-09-09 18:59:59.2784 INFO: Открытие занавеса
2021-09-09 18:59:59.2964 INFO: Остановка открытия занавеса
2021-09-09 18:59:59.2964 INFO: Выбран режим открытия на скорости 0%
2021-09-09 19:00:00.0484 INFO: Выбран режим открытия на скорости 30%
2021-09-09 19:00:00.2785 INFO: Открытие занавеса
2021-09-09 19:00:00.2785 INFO: Остановка открытия занавеса
2021-09-09 19:00:00.2929 INFO: Выбран режим открытия на скорости 60%
2021-09-09 19:00:00.4007 INFO: Выбран режим открытия на скорости 100%
2021-09-09 19:00:00.9434 INFO: Открытие занавеса
2021-09-09 19:00:00.9594 INFO: Остановка открытия занавеса
2021-09-09 19:00:00.9594 INFO: Выбран режим открытия на скорости 0%
2021-09-09 19:00:01.6796 INFO: Выбран режим открытия на скорости 30%
2021-09-09 19:00:01.8143 INFO: Выбран режим открытия на скорости 60%
2021-09-09 19:00:02.0299 INFO: Выбран режим открытия на скорости 100%
2021-09-09 19:00:02.2774 INFO: Открытие занавеса
2021-09-09 19:00:02.2944 INFO: Остановка открытия занавеса
2021-09-09 19:00:02.9434 INFO: Открытие занавеса
2021-09-09 19:00:02.9605 INFO: Остановка открытия занавеса
2021-09-09 19:00:03.4414 INFO: Открытие занавеса
2021-09-09 19:00:03.4584 INFO: Остановка открытия занавеса
2021-09-09 19:00:03.4760 INFO: Выбран режим открытия на скорости 0%
2021-09-09 19:00:04.1794 INFO: Выбран режим открытия на скорости 30%
2021-09-09 19:00:04.8164 INFO: Открытие занавеса
2021-09-09 19:00:04.8334 INFO: Остановка открытия занавеса
2021-09-09 19:00:05.4434 INFO: Открытие занавеса
2021-09-09 19:00:05.4604 INFO: Остановка открытия занавеса
2021-09-09 19:00:05.9414 INFO: Открытие занавеса
2021-09-09 19:00:05.9574 INFO: Остановка открытия занавеса
2021-09-09 19:00:06.4424 INFO: Открытие занавеса
2021-09-09 19:00:06.4594 INFO: Остановка открытия занавеса
2021-09-09 19:00:06.9414 INFO: Открытие занавеса
2021-09-09 19:00:06.9584 INFO: Остановка открытия занавеса
2021-09-09 19:00:07.4414 INFO: Открытие занавеса
2021-09-09 19:00:07.4584 INFO: Остановка открытия занавеса
2021-09-09 19:00:07.9424 INFO: Открытие занавеса
2021-09-09 19:00:07.9595 INFO: Остановка открытия занавеса
2021-09-09 19:00:08.4424 INFO: Открытие занавеса
2021-09-09 19:00:08.4594 INFO: Остановка открытия занавеса
2021-09-09 19:00:08.9424 INFO: Открытие занавеса
2021-09-09 19:00:08.9594 INFO: Остановка открытия занавеса
2021-09-09 19:00:09.4424 INFO: Открытие занавеса
2021-09-09 19:00:09.4594 INFO: Остановка открытия занавеса
2021-09-09 19:00:09.9415 INFO: Открытие занавеса
2021-09-09 19:00:09.9534 INFO: Остановка открытия занавеса
2021-09-09 19:00:10.4424 INFO: Открытие занавеса
2021-09-09 19:00:10.4594 INFO: Остановка открытия занавеса
2021-09-09 19:00:10.9704 INFO: Открытие занавеса
2021-09-09 19:00:10.9874 INFO: Остановка открытия занавеса
2021-09-09 19:00:18.2872 INFO: Выбран режим открытия на скорости 30%
2021-09-09 19:00:18.4739 INFO: Выбран режим открытия на скорости 60%
2021-09-09 19:00:18.8214 INFO: Открытие занавеса
2021-09-09 19:00:18.8384 INFO: Остановка открытия занавеса
2021-09-09 19:00:18.8409 INFO: Выбран режим открытия на скорости 100%
2021-09-09 19:00:18.8409 INFO: Выбран режим открытия на скорости 0%
2021-09-09 19:00:19.0051 INFO: Выбран режим открытия на скорости 30%
2021-09-09 19:00:19.4874 INFO: Открытие занавеса
2021-09-09 19:00:19.5045 INFO: Остановка открытия занавеса
2021-09-09 19:00:19.5045 INFO: Выбран режим открытия на скорости 60%
2021-09-09 19:00:19.9875 INFO: Открытие занавеса
2021-09-09 19:00:20.0044 INFO: Остановка открытия занавеса
2021-09-09 19:00:20.0044 INFO: Выбран режим открытия на скорости 100%
2021-09-09 19:00:20.0044 INFO: Выбран режим открытия на скорости 0%
2021-09-09 19:00:20.3876 INFO: Выбран режим открытия на скорости 30%
2021-09-09 19:00:20.3876 INFO: Выбран режим открытия на скорости 60%
2021-09-09 19:00:20.6272 INFO: Выбран режим открытия на скорости 100%
2021-09-09 19:00:20.8324 INFO: Открытие занавеса
2021-09-09 19:00:20.8504 INFO: Остановка открытия занавеса
2021-09-09 19:00:20.8504 INFO: Выбран режим открытия на скорости 0%
2021-09-09 19:00:21.0291 INFO: Выбран режим открытия на скорости 30%
2021-09-09 19:00:21.4884 INFO: Открытие занавеса
2021-09-09 19:00:21.5054 INFO: Остановка открытия занавеса
2021-09-09 19:00:21.5054 INFO: Выбран режим открытия на скорости 60%
2021-09-09 19:00:21.5054 INFO: Выбран режим открытия на скорости 100%
2021-09-09 19:00:21.9874 INFO: Открытие занавеса
2021-09-09 19:00:22.0044 INFO: Остановка открытия занавеса
2021-09-09 19:00:22.0044 INFO: Выбран режим открытия на скорости 0%
2021-09-09 19:00:23.2235 INFO: Выбран режим закрытия на скорости 30%
2021-09-09 19:00:23.3607 INFO: Выбран режим закрытия на скорости 60%
2021-09-09 19:00:24.2591 INFO: Выбран режим открытия на скорости 30%
2021-09-09 19:00:24.4737 INFO: Выбран режим открытия на скорости 60%
2021-09-09 19:00:24.8214 INFO: Открытие занавеса
2021-09-09 19:00:24.8344 INFO: Остановка открытия занавеса
2021-09-09 19:00:24.8344 INFO: Выбран режим открытия на скорости 100%
2021-09-09 19:00:24.9909 INFO: Выбран режим открытия на скорости 0%
2021-09-09 19:00:25.3895 INFO: Выбран режим открытия на скорости 30%
2021-09-09 19:00:25.8217 INFO: Открытие занавеса
2021-09-09 19:00:25.8384 INFO: Остановка открытия занавеса
2021-09-09 19:00:25.8409 INFO: Выбран режим открытия на скорости 60%
2021-09-09 19:00:25.9241 INFO: Выбран режим открытия на скорости 100%
2021-09-09 19:00:26.4884 INFO: Открытие занавеса
2021-09-09 19:00:26.5054 INFO: Остановка открытия занавеса
2021-09-09 19:00:26.5054 INFO: Выбран режим открытия на скорости 0%
2021-09-09 19:00:27.2736 INFO: Выбран режим открытия на скорости 30%
2021-09-09 19:00:27.4745 INFO: Выбран режим открытия на скорости 60%
2021-09-09 19:00:27.8214 INFO: Открытие занавеса
2021-09-09 19:00:27.8374 INFO: Остановка открытия занавеса
2021-09-09 19:00:27.8399 INFO: Выбран режим открытия на скорости 100%
2021-09-09 19:00:28.4875 INFO: Открытие занавеса
2021-09-09 19:00:28.5044 INFO: Остановка открытия занавеса
2021-09-09 19:00:28.9854 INFO: Открытие занавеса
2021-09-09 19:00:29.0014 INFO: Остановка открытия занавеса
2021-09-09 19:00:29.4874 INFO: Открытие занавеса
2021-09-09 19:00:29.5044 INFO: Остановка открытия занавеса
2021-09-09 19:00:29.9865 INFO: Открытие занавеса
2021-09-09 19:00:30.0034 INFO: Остановка открытия занавеса
2021-09-09 19:00:30.4894 INFO: Открытие занавеса
2021-09-09 19:00:30.5014 INFO: Остановка открытия занавеса
2021-09-09 19:00:30.9854 INFO: Открытие занавеса
2021-09-09 19:00:31.0024 INFO: Остановка открытия занавеса
2021-09-09 19:00:31.4875 INFO: Открытие занавеса
2021-09-09 19:00:31.5035 INFO: Остановка открытия занавеса
2021-09-09 19:00:31.9864 INFO: Открытие занавеса
2021-09-09 19:00:32.0034 INFO: Остановка открытия занавеса
2021-09-09 19:00:32.4865 INFO: Открытие занавеса
2021-09-09 19:00:32.5025 INFO: Остановка открытия занавеса
2021-09-09 19:00:32.9854 INFO: Открытие занавеса
2021-09-09 19:00:33.0014 INFO: Остановка открытия занавеса
2021-09-09 19:00:33.0448 INFO: Выбран режим открытия на скорости 0%
2021-09-09 19:11:53.1231 INFO: Application started
2021-09-09 19:11:54.3833 ERROR: Error during connection to TwinCAT PLC
2021-09-09 19:11:57.4824 ERROR: Error during connection to TwinCAT PLC
2021-09-09 19:12:01.4047 ERROR: Error during connection to TwinCAT PLC
2021-09-09 19:12:04.5451 ERROR: Error during connection to TwinCAT PLC
2021-09-09 19:12:08.4096 ERROR: Error during connection to TwinCAT PLC
2021-09-09 19:22:56.3323 INFO: Application started
2021-09-09 19:23:00.6201 INFO: Выбран режим открытия на скорости 30%
2021-09-09 19:23:01.2036 INFO: Открытие занавеса
2021-09-09 19:23:01.2226 INFO: Остановка открытия занавеса
2021-09-09 19:23:01.4025 INFO: Выбран режим открытия на скорости 60%
2021-09-09 19:23:01.8756 INFO: Открытие занавеса
2021-09-09 19:23:01.8976 INFO: Остановка открытия занавеса
2021-09-09 19:23:02.3686 INFO: Открытие занавеса
2021-09-09 19:23:02.3876 INFO: Остановка открытия занавеса
2021-09-09 19:23:02.3876 INFO: Выбран режим открытия на скорости 100%
2021-09-09 19:23:02.8706 INFO: Открытие занавеса
2021-09-09 19:23:02.8886 INFO: Остановка открытия занавеса
2021-09-09 19:23:03.3716 INFO: Открытие занавеса
2021-09-09 19:23:03.3896 INFO: Остановка открытия занавеса
2021-09-09 19:23:03.8716 INFO: Открытие занавеса
2021-09-09 19:23:03.8716 INFO: Остановка открытия занавеса
2021-09-09 19:23:03.9773 INFO: Выбран режим закрытия на скорости 30%
2021-09-09 19:23:04.6854 INFO: Выбран режим закрытия на скорости 60%
2021-09-09 19:23:05.3158 INFO: Выбран режим закрытия на скорости 100%
2021-09-09 19:23:06.6120 INFO: Выбран режим открытия на скорости 30%
2021-09-09 19:23:06.7274 INFO: Выбран режим открытия на скорости 60%
2021-09-09 19:23:06.9422 INFO: Выбран режим открытия на скорости 100%
2021-09-09 19:23:07.2036 INFO: Открытие занавеса
2021-09-09 19:23:07.2216 INFO: Остановка открытия занавеса
2021-09-09 19:23:07.8706 INFO: Открытие занавеса
2021-09-09 19:23:07.8886 INFO: Остановка открытия занавеса
2021-09-09 19:23:08.3666 INFO: Открытие занавеса
2021-09-09 19:23:08.3856 INFO: Остановка открытия занавеса
2021-09-09 19:23:08.4011 INFO: Выбран режим закрытия на скорости 30%
2021-09-09 19:23:09.1049 INFO: Выбран режим закрытия на скорости 60%
2021-09-09 19:23:10.9469 INFO: Выбран режим открытия на скорости 30%
2021-09-09 19:23:11.2036 INFO: Открытие занавеса
2021-09-09 19:23:11.2236 INFO: Остановка открытия занавеса
2021-09-09 19:23:11.8696 INFO: Открытие занавеса
2021-09-09 19:23:11.8886 INFO: Остановка открытия занавеса
2021-09-09 19:23:11.8886 INFO: Выбран режим открытия на скорости 60%
2021-09-09 19:23:12.3696 INFO: Открытие занавеса
2021-09-09 19:23:12.3876 INFO: Остановка открытия занавеса
2021-09-09 19:23:12.8666 INFO: Открытие занавеса
2021-09-09 19:23:12.8846 INFO: Остановка открытия занавеса
2021-09-09 19:23:13.3666 INFO: Открытие занавеса
2021-09-09 19:23:13.3856 INFO: Остановка открытия занавеса
2021-09-09 19:23:13.8679 INFO: Открытие занавеса
2021-09-09 19:23:13.8866 INFO: Остановка открытия занавеса
2021-09-09 19:23:14.3676 INFO: Открытие занавеса
2021-09-09 19:23:14.3867 INFO: Остановка открытия занавеса
2021-09-09 19:23:14.4020 INFO: Выбран режим закрытия на скорости 30%
2021-09-09 19:23:14.4020 INFO: Выбран режим закрытия на скорости 60%
2021-09-09 19:23:15.2889 INFO: Выбран режим закрытия на скорости 100%
2021-09-09 19:23:16.6104 INFO: Выбран режим открытия на скорости 30%
2021-09-09 19:23:16.7378 INFO: Выбран режим открытия на скорости 60%
2021-09-09 19:23:17.2036 INFO: Открытие занавеса
2021-09-09 19:23:17.2216 INFO: Остановка открытия занавеса
2021-09-09 19:23:17.8736 INFO: Открытие занавеса
2021-09-09 19:23:17.8916 INFO: Остановка открытия занавеса
2021-09-09 19:23:17.9296 INFO: Выбран режим открытия на скорости 100%
2021-09-09 19:23:18.3726 INFO: Открытие занавеса
2021-09-09 19:23:18.3906 INFO: Остановка открытия занавеса
2021-09-09 19:23:18.8676 INFO: Открытие занавеса
2021-09-09 19:23:18.8856 INFO: Остановка открытия занавеса
2021-09-09 19:23:19.3676 INFO: Открытие занавеса
2021-09-09 19:23:19.3861 INFO: Остановка открытия занавеса
2021-09-09 19:23:19.8666 INFO: Открытие занавеса
2021-09-09 19:23:19.8846 INFO: Остановка открытия занавеса
2021-09-09 19:23:20.3686 INFO: Открытие занавеса
2021-09-09 19:23:20.3866 INFO: Остановка открытия занавеса
2021-09-09 19:23:20.8666 INFO: Открытие занавеса
2021-09-09 19:23:20.8846 INFO: Остановка открытия занавеса
2021-09-09 19:23:21.3676 INFO: Открытие занавеса
2021-09-09 19:23:21.3856 INFO: Остановка открытия занавеса
2021-09-09 19:23:21.8676 INFO: Открытие занавеса
2021-09-09 19:23:21.8856 INFO: Остановка открытия занавеса
2021-09-09 19:23:22.3716 INFO: Открытие занавеса
2021-09-09 19:23:22.3896 INFO: Остановка открытия занавеса
2021-09-09 19:23:22.8696 INFO: Открытие занавеса
2021-09-09 19:23:22.8876 INFO: Остановка открытия занавеса
2021-09-09 19:23:23.3716 INFO: Открытие занавеса
2021-09-09 19:23:23.3896 INFO: Остановка открытия занавеса
2021-09-09 19:23:23.8707 INFO: Открытие занавеса
2021-09-09 19:23:23.8896 INFO: Остановка открытия занавеса
2021-09-09 19:23:23.9031 INFO: Выбран режим закрытия на скорости 30%
2021-09-09 19:23:23.9444 INFO: Выбран режим закрытия на скорости 60%
2021-09-09 19:23:24.2719 INFO: Выбран режим закрытия на скорости 100%
2021-09-09 19:23:27.3922 INFO: Выбран режим открытия на скорости 30%
2021-09-09 19:23:27.7036 INFO: Открытие занавеса
2021-09-09 19:23:27.7226 INFO: Остановка открытия занавеса
2021-09-09 19:23:27.7303 INFO: Выбран режим открытия на скорости 60%
2021-09-09 19:23:28.3676 INFO: Открытие занавеса
2021-09-09 19:23:28.3856 INFO: Остановка открытия занавеса
2021-09-09 19:23:28.8676 INFO: Открытие занавеса
2021-09-09 19:23:28.8856 INFO: Остановка открытия занавеса
2021-09-09 19:23:29.3666 INFO: Открытие занавеса
2021-09-09 19:23:29.3846 INFO: Остановка открытия занавеса
2021-09-09 19:23:29.8666 INFO: Открытие занавеса
2021-09-09 19:23:29.8846 INFO: Остановка открытия занавеса
2021-09-09 19:23:30.3686 INFO: Открытие занавеса
2021-09-09 19:23:30.3866 INFO: Остановка открытия занавеса
2021-09-09 19:23:30.8676 INFO: Открытие занавеса
2021-09-09 19:23:30.8856 INFO: Остановка открытия занавеса
2021-09-09 19:23:31.3676 INFO: Открытие занавеса
2021-09-09 19:23:31.3856 INFO: Остановка открытия занавеса
2021-09-09 19:23:31.8676 INFO: Открытие занавеса
2021-09-09 19:23:31.8856 INFO: Остановка открытия занавеса
2021-09-09 19:23:32.3676 INFO: Открытие занавеса
2021-09-09 19:23:32.3856 INFO: Остановка открытия занавеса
2021-09-09 19:23:32.8696 INFO: Открытие занавеса
2021-09-09 19:23:32.8876 INFO: Остановка открытия занавеса
2021-09-09 19:23:33.3686 INFO: Открытие занавеса
2021-09-09 19:23:33.3866 INFO: Остановка открытия занавеса
2021-09-09 19:23:33.8676 INFO: Открытие занавеса
2021-09-09 19:23:33.8856 INFO: Остановка открытия занавеса
2021-09-09 19:23:34.3706 INFO: Открытие занавеса
2021-09-09 19:23:34.3886 INFO: Остановка открытия занавеса
2021-09-09 19:23:34.8686 INFO: Открытие занавеса
2021-09-09 19:23:34.8866 INFO: Остановка открытия занавеса
2021-09-09 19:23:34.9750 INFO: Application closed
2021-09-09 19:26:43.2278 INFO: Application started
2021-09-09 19:26:49.1511 INFO: Выбран режим открытия на скорости 30%
2021-09-09 19:26:49.6103 INFO: Открытие занавеса
2021-09-09 19:26:49.6233 INFO: Остановка открытия занавеса
2021-09-09 19:26:49.8651 INFO: Выбран режим открытия на скорости 60%
2021-09-09 19:26:50.2753 INFO: Открытие занавеса
2021-09-09 19:26:50.2883 INFO: Остановка открытия занавеса
2021-09-09 19:26:50.7763 INFO: Открытие занавеса
2021-09-09 19:26:50.7893 INFO: Остановка открытия занавеса
2021-09-09 19:26:50.7976 INFO: Выбран режим открытия на скорости 100%
2021-09-09 19:26:51.2773 INFO: Открытие занавеса
2021-09-09 19:26:51.2773 INFO: Остановка открытия занавеса
2021-09-09 19:26:51.7754 INFO: Открытие занавеса
2021-09-09 19:26:51.7883 INFO: Остановка открытия занавеса
2021-09-09 19:26:52.2743 INFO: Открытие занавеса
2021-09-09 19:26:52.2873 INFO: Остановка открытия занавеса
2021-09-09 19:26:52.3016 INFO: Выбран режим закрытия на скорости 30%
2021-09-09 19:26:53.5120 INFO: Выбран режим открытия на скорости 30%
2021-09-09 19:26:54.1103 INFO: Открытие занавеса
2021-09-09 19:26:54.1233 INFO: Остановка открытия занавеса
2021-09-09 19:26:54.2675 INFO: Выбран режим открытия на скорости 60%
2021-09-09 19:26:54.7763 INFO: Открытие занавеса
2021-09-09 19:26:54.7893 INFO: Остановка открытия занавеса
2021-09-09 19:26:54.7893 INFO: Выбран режим открытия на скорости 100%
2021-09-09 19:26:54.7970 INFO: Выбран режим открытия на скорости 0%
2021-09-09 19:26:55.1879 INFO: Выбран режим открытия на скорости 30%
2021-09-09 19:26:55.1879 INFO: Выбран режим открытия на скорости 60%
2021-09-09 19:26:55.2797 INFO: Выбран режим открытия на скорости 100%
2021-09-09 19:26:55.6103 INFO: Открытие занавеса
2021-09-09 19:26:55.6233 INFO: Остановка открытия занавеса
2021-09-09 19:26:55.6233 INFO: Выбран режим открытия на скорости 0%
2021-09-09 19:26:55.6457 INFO: Выбран режим открытия на скорости 30%
2021-09-09 19:26:55.8320 INFO: Выбран режим открытия на скорости 60%
2021-09-09 19:26:56.2763 INFO: Открытие занавеса
2021-09-09 19:26:56.2893 INFO: Остановка открытия занавеса
2021-09-09 19:26:56.2893 INFO: Выбран режим открытия на скорости 100%
2021-09-09 19:26:56.2965 INFO: Выбран режим открытия на скорости 0%
2021-09-09 19:26:56.3828 INFO: Выбран режим открытия на скорости 30%
2021-09-09 19:26:56.7763 INFO: Открытие занавеса
2021-09-09 19:26:56.7893 INFO: Остановка открытия занавеса
2021-09-09 19:26:56.7893 INFO: Выбран режим открытия на скорости 60%
2021-09-09 19:26:56.7960 INFO: Выбран режим открытия на скорости 100%
2021-09-09 19:26:57.2763 INFO: Открытие занавеса
2021-09-09 19:26:57.2893 INFO: Остановка открытия занавеса
2021-09-09 19:26:57.2893 INFO: Выбран режим открытия на скорости 0%
2021-09-09 19:26:57.3918 INFO: Выбран режим открытия на скорости 30%
2021-09-09 19:26:57.7764 INFO: Открытие занавеса
2021-09-09 19:26:57.7893 INFO: Остановка открытия занавеса
2021-09-09 19:26:57.7893 INFO: Выбран режим открытия на скорости 60%
2021-09-09 19:26:57.7954 INFO: Выбран режим открытия на скорости 100%
2021-09-09 19:26:58.2753 INFO: Открытие занавеса
2021-09-09 19:26:58.2953 INFO: Остановка открытия занавеса
2021-09-09 19:26:58.2953 INFO: Выбран режим открытия на скорости 0%
2021-09-09 19:26:58.2953 INFO: Выбран режим открытия на скорости 30%
2021-09-09 19:26:58.3879 INFO: Выбран режим открытия на скорости 60%
2021-09-09 19:26:58.7753 INFO: Открытие занавеса
2021-09-09 19:26:58.7883 INFO: Остановка открытия занавеса
2021-09-09 19:26:58.7883 INFO: Выбран режим открытия на скорости 100%
2021-09-09 19:26:59.2783 INFO: Открытие занавеса
2021-09-09 19:26:59.2783 INFO: Остановка открытия занавеса
2021-09-09 19:26:59.2954 INFO: Выбран режим открытия на скорости 0%
2021-09-09 19:26:59.6810 INFO: Выбран режим открытия на скорости 30%
2021-09-09 19:26:59.6853 INFO: Выбран режим открытия на скорости 60%
2021-09-09 19:26:59.8379 INFO: Выбран режим открытия на скорости 100%
2021-09-09 19:27:00.1113 INFO: Открытие занавеса
2021-09-09 19:27:00.1243 INFO: Остановка открытия занавеса
2021-09-09 19:27:00.1243 INFO: Выбран режим открытия на скорости 0%
2021-09-09 19:27:00.7167 INFO: Выбран режим открытия на скорости 30%
2021-09-09 19:27:00.8076 INFO: Выбран режим открытия на скорости 60%
2021-09-09 19:27:01.1303 INFO: Открытие занавеса
2021-09-09 19:27:01.1433 INFO: Остановка открытия занавеса
2021-09-09 19:27:01.1433 INFO: Выбран режим открытия на скорости 100%
2021-09-09 19:27:01.7793 INFO: Открытие занавеса
2021-09-09 19:27:01.7793 INFO: Остановка открытия занавеса
2021-09-09 19:27:01.8190 INFO: Выбран режим открытия на скорости 0%
2021-09-09 19:27:02.7093 INFO: Выбран режим открытия на скорости 30%
2021-09-09 19:27:03.1093 INFO: Открытие занавеса
2021-09-09 19:27:03.1223 INFO: Остановка открытия занавеса
2021-09-09 19:27:03.3767 INFO: Выбран режим открытия на скорости 60%
2021-09-09 19:27:03.7793 INFO: Открытие занавеса
2021-09-09 19:27:03.7793 INFO: Остановка открытия занавеса
2021-09-09 19:27:03.7970 INFO: Выбран режим открытия на скорости 100%
2021-09-09 19:27:04.2753 INFO: Открытие занавеса
2021-09-09 19:27:04.2883 INFO: Остановка открытия занавеса
2021-09-09 19:27:04.2883 INFO: Выбран режим открытия на скорости 0%
2021-09-09 19:27:05.0229 INFO: Выбран режим открытия на скорости 30%
2021-09-09 19:27:05.6173 INFO: Открытие занавеса
2021-09-09 19:27:05.6303 INFO: Остановка открытия занавеса
2021-09-09 19:27:05.6944 INFO: Выбран режим открытия на скорости 60%
2021-09-09 19:27:06.2753 INFO: Открытие занавеса
2021-09-09 19:27:06.2883 INFO: Остановка открытия занавеса
2021-09-09 19:27:06.7743 INFO: Открытие занавеса
2021-09-09 19:27:06.7873 INFO: Остановка открытия занавеса
2021-09-09 19:27:06.7873 INFO: Выбран режим открытия на скорости 100%
2021-09-09 19:27:07.2763 INFO: Открытие занавеса
2021-09-09 19:27:07.2893 INFO: Остановка открытия занавеса
2021-09-09 19:27:07.7753 INFO: Открытие занавеса
2021-09-09 19:27:07.7923 INFO: Остановка открытия занавеса
2021-09-09 19:27:08.3123 INFO: Открытие занавеса
2021-09-09 19:27:08.3253 INFO: Остановка открытия занавеса
2021-09-09 19:27:08.7883 INFO: Открытие занавеса
2021-09-09 19:27:08.8012 INFO: Остановка открытия занавеса
2021-09-09 19:27:09.2783 INFO: Открытие занавеса
2021-09-09 19:27:09.2783 INFO: Остановка открытия занавеса
2021-09-09 19:27:09.7933 INFO: Открытие занавеса
2021-09-09 19:27:09.7933 INFO: Остановка открытия занавеса
2021-09-09 19:27:10.3163 INFO: Открытие занавеса
2021-09-09 19:27:10.3293 INFO: Остановка открытия занавеса
2021-09-09 19:27:10.7763 INFO: Открытие занавеса
2021-09-09 19:27:10.7893 INFO: Остановка открытия занавеса
2021-09-09 19:27:11.2803 INFO: Открытие занавеса
2021-09-09 19:27:11.2933 INFO: Остановка открытия занавеса
2021-09-09 19:27:11.7923 INFO: Открытие занавеса
2021-09-09 19:27:11.8053 INFO: Остановка открытия занавеса
2021-09-09 19:27:12.2773 INFO: Открытие занавеса
2021-09-09 19:27:12.2773 INFO: Остановка открытия занавеса
2021-09-09 19:27:12.7773 INFO: Открытие занавеса
2021-09-09 19:27:12.7773 INFO: Остановка открытия занавеса
2021-09-09 19:30:39.5060 INFO: Application started
2021-09-09 19:30:49.4175 INFO: Выбран режим открытия на скорости 30%
2021-09-09 19:30:50.0004 INFO: Открытие занавеса
2021-09-09 19:30:50.0133 INFO: Остановка открытия занавеса
2021-09-09 19:30:50.2709 INFO: Выбран режим открытия на скорости 60%
2021-09-09 19:30:50.6663 INFO: Открытие занавеса
2021-09-09 19:30:50.6793 INFO: Остановка открытия занавеса
2021-09-09 19:30:51.1663 INFO: Открытие занавеса
2021-09-09 19:30:51.1803 INFO: Остановка открытия занавеса
2021-09-09 19:30:51.6643 INFO: Открытие занавеса
2021-09-09 19:30:51.6783 INFO: Остановка открытия занавеса
2021-09-09 19:30:51.6865 INFO: Выбран режим открытия на скорости 100%
2021-09-09 19:30:52.1673 INFO: Открытие занавеса
2021-09-09 19:30:52.1803 INFO: Остановка открытия занавеса
2021-09-09 19:30:52.6663 INFO: Открытие занавеса
2021-09-09 19:30:52.6793 INFO: Остановка открытия занавеса
2021-09-09 19:30:53.1673 INFO: Открытие занавеса
2021-09-09 19:30:53.1803 INFO: Остановка открытия занавеса
2021-09-09 19:30:53.2154 INFO: Выбран режим закрытия на скорости 30%
2021-09-09 19:30:55.4697 INFO: Выбран режим открытия на скорости 30%
2021-09-09 19:30:56.0013 INFO: Открытие занавеса
2021-09-09 19:30:56.0143 INFO: Остановка открытия занавеса
2021-09-09 19:30:56.3057 INFO: Выбран режим открытия на скорости 60%
2021-09-09 19:30:56.6683 INFO: Открытие занавеса
2021-09-09 19:30:56.6683 INFO: Остановка открытия занавеса
2021-09-09 19:30:57.1673 INFO: Открытие занавеса
2021-09-09 19:30:57.1803 INFO: Остановка открытия занавеса
2021-09-09 19:30:57.6653 INFO: Открытие занавеса
2021-09-09 19:30:57.6773 INFO: Остановка открытия занавеса
2021-09-09 19:30:57.7614 INFO: Выбран режим открытия на скорости 100%
2021-09-09 19:30:58.1673 INFO: Открытие занавеса
2021-09-09 19:30:58.1803 INFO: Остановка открытия занавеса
2021-09-09 19:30:58.6643 INFO: Открытие занавеса
2021-09-09 19:30:58.6773 INFO: Остановка открытия занавеса
2021-09-09 19:30:59.1663 INFO: Открытие занавеса
2021-09-09 19:30:59.1782 INFO: Остановка открытия занавеса
2021-09-09 19:30:59.6683 INFO: Открытие занавеса
2021-09-09 19:30:59.6683 INFO: Остановка открытия занавеса
2021-09-09 19:30:59.6848 INFO: Выбран режим закрытия на скорости 30%
2021-09-09 19:31:01.1621 INFO: Выбран режим открытия на скорости 30%
2021-09-09 19:31:01.5003 INFO: Открытие занавеса
2021-09-09 19:31:01.5123 INFO: Остановка открытия занавеса
2021-09-09 19:31:02.1663 INFO: Открытие занавеса
2021-09-09 19:31:02.1833 INFO: Остановка открытия занавеса
2021-09-09 19:31:02.2169 INFO: Выбран режим открытия на скорости 60%
2021-09-09 19:31:02.6673 INFO: Открытие занавеса
2021-09-09 19:31:02.6793 INFO: Остановка открытия занавеса
2021-09-09 19:31:03.1643 INFO: Открытие занавеса
2021-09-09 19:31:03.1763 INFO: Остановка открытия занавеса
2021-09-09 19:31:03.1763 INFO: Выбран режим открытия на скорости 100%
2021-09-09 19:31:03.6663 INFO: Открытие занавеса
2021-09-09 19:31:03.6782 INFO: Остановка открытия занавеса
2021-09-09 19:31:04.1673 INFO: Открытие занавеса
2021-09-09 19:31:04.1792 INFO: Остановка открытия занавеса
2021-09-09 19:31:04.2495 INFO: Выбран режим открытия на скорости 0%
2021-09-09 19:31:04.5683 INFO: Выбран режим открытия на скорости 30%
2021-09-09 19:31:04.6433 INFO: Выбран режим открытия на скорости 60%
2021-09-09 19:31:05.0023 INFO: Открытие занавеса
2021-09-09 19:31:05.0152 INFO: Остановка открытия занавеса
2021-09-09 19:31:05.0152 INFO: Выбран режим открытия на скорости 100%
2021-09-09 19:31:05.0152 INFO: Выбран режим открытия на скорости 0%
2021-09-09 19:31:05.2102 INFO: Выбран режим открытия на скорости 30%
2021-09-09 19:31:05.6663 INFO: Открытие занавеса
2021-09-09 19:31:05.6783 INFO: Остановка открытия занавеса
2021-09-09 19:31:05.6783 INFO: Выбран режим открытия на скорости 60%
2021-09-09 19:31:05.6853 INFO: Выбран режим открытия на скорости 100%
2021-09-09 19:31:05.7627 INFO: Выбран режим открытия на скорости 0%
2021-09-09 19:31:06.0679 INFO: Выбран режим открытия на скорости 30%
2021-09-09 19:31:06.1356 INFO: Выбран режим открытия на скорости 60%
2021-09-09 19:31:06.5013 INFO: Открытие занавеса
2021-09-09 19:31:06.5133 INFO: Остановка открытия занавеса
2021-09-09 19:31:06.5133 INFO: Выбран режим открытия на скорости 100%
2021-09-09 19:31:06.5133 INFO: Выбран режим открытия на скорости 0%
2021-09-09 19:31:06.7235 INFO: Выбран режим открытия на скорости 30%
2021-09-09 19:31:07.1663 INFO: Открытие занавеса
2021-09-09 19:31:07.1783 INFO: Остановка открытия занавеса
2021-09-09 19:31:07.6643 INFO: Открытие занавеса
2021-09-09 19:31:07.6763 INFO: Остановка открытия занавеса
2021-09-09 19:31:07.6763 INFO: Выбран режим открытия на скорости 60%
2021-09-09 19:31:08.1653 INFO: Открытие занавеса
2021-09-09 19:31:08.1773 INFO: Остановка открытия занавеса
2021-09-09 19:31:08.6643 INFO: Открытие занавеса
2021-09-09 19:31:08.6763 INFO: Остановка открытия занавеса
2021-09-09 19:31:09.1653 INFO: Открытие занавеса
2021-09-09 19:31:09.1773 INFO: Остановка открытия занавеса
2021-09-09 19:31:09.6673 INFO: Открытие занавеса
2021-09-09 19:31:09.6793 INFO: Остановка открытия занавеса
2021-09-09 19:31:10.1653 INFO: Открытие занавеса
2021-09-09 19:31:10.1783 INFO: Остановка открытия занавеса
2021-09-09 19:31:18.9675 INFO: Выбран режим открытия на скорости 30%
2021-09-09 19:31:19.3353 INFO: Открытие занавеса
2021-09-09 19:31:19.3473 INFO: Остановка открытия занавеса
2021-09-09 19:31:20.0003 INFO: Открытие занавеса
2021-09-09 19:31:20.0123 INFO: Остановка открытия занавеса
2021-09-09 19:31:20.5013 INFO: Открытие занавеса
2021-09-09 19:31:20.5133 INFO: Остановка открытия занавеса
2021-09-09 19:31:21.0003 INFO: Открытие занавеса
2021-09-09 19:31:21.0133 INFO: Остановка открытия занавеса
2021-09-09 19:31:21.5003 INFO: Открытие занавеса
2021-09-09 19:31:21.5123 INFO: Остановка открытия занавеса
2021-09-09 19:31:22.0003 INFO: Открытие занавеса
2021-09-09 19:31:22.0133 INFO: Остановка открытия занавеса
2021-09-09 19:31:22.5013 INFO: Открытие занавеса
2021-09-09 19:31:22.5143 INFO: Остановка открытия занавеса
2021-09-09 19:31:23.0013 INFO: Открытие занавеса
2021-09-09 19:31:23.0133 INFO: Остановка открытия занавеса
2021-09-09 19:31:23.5003 INFO: Открытие занавеса
2021-09-09 19:31:23.5143 INFO: Остановка открытия занавеса
2021-09-09 19:31:24.0003 INFO: Открытие занавеса
2021-09-09 19:31:24.0133 INFO: Остановка открытия занавеса
2021-09-09 19:31:24.4993 INFO: Открытие занавеса
2021-09-09 19:31:24.5123 INFO: Остановка открытия занавеса
2021-09-09 19:31:25.0013 INFO: Открытие занавеса
2021-09-09 19:31:25.0133 INFO: Остановка открытия занавеса
2021-09-09 19:31:25.5003 INFO: Открытие занавеса
2021-09-09 19:31:25.5143 INFO: Остановка открытия занавеса
2021-09-09 19:31:42.4634 INFO: Выбран режим открытия на скорости 30%
2021-09-09 19:31:43.0603 INFO: Открытие занавеса
2021-09-09 19:31:43.0603 INFO: Остановка открытия занавеса
2021-09-09 19:31:43.7263 INFO: Открытие занавеса
2021-09-09 19:31:43.7383 INFO: Остановка открытия занавеса
2021-09-09 19:31:44.2263 INFO: Открытие занавеса
2021-09-09 19:31:44.2393 INFO: Остановка открытия занавеса
2021-09-09 19:31:44.7253 INFO: Открытие занавеса
2021-09-09 19:31:44.7373 INFO: Остановка открытия занавеса
2021-09-09 19:31:45.2243 INFO: Открытие занавеса
2021-09-09 19:31:45.2363 INFO: Остановка открытия занавеса
2021-09-09 19:31:45.7243 INFO: Открытие занавеса
2021-09-09 19:31:45.7363 INFO: Остановка открытия занавеса
2021-09-09 19:31:46.2243 INFO: Открытие занавеса
2021-09-09 19:31:46.2363 INFO: Остановка открытия занавеса
2021-09-09 19:31:46.7243 INFO: Открытие занавеса
2021-09-09 19:31:46.7383 INFO: Остановка открытия занавеса
2021-09-09 19:31:47.2253 INFO: Открытие занавеса
2021-09-09 19:31:47.2383 INFO: Остановка открытия занавеса
2021-09-09 19:31:47.7253 INFO: Открытие занавеса
2021-09-09 19:31:47.7383 INFO: Остановка открытия занавеса
2021-09-09 19:31:48.2253 INFO: Открытие занавеса
2021-09-09 19:31:48.2373 INFO: Остановка открытия занавеса
2021-09-09 19:31:48.7253 INFO: Открытие занавеса
2021-09-09 19:31:48.7383 INFO: Остановка открытия занавеса
2021-09-09 19:31:49.2243 INFO: Открытие занавеса
2021-09-09 19:31:49.2363 INFO: Остановка открытия занавеса
2021-09-09 19:31:49.7253 INFO: Открытие занавеса
2021-09-09 19:31:49.7373 INFO: Остановка открытия занавеса
2021-09-09 19:31:50.2253 INFO: Открытие занавеса
2021-09-09 19:31:50.2393 INFO: Остановка открытия занавеса
2021-09-09 19:31:50.7273 INFO: Открытие занавеса
2021-09-09 19:31:50.7413 INFO: Остановка открытия занавеса
2021-09-09 19:31:51.2253 INFO: Открытие занавеса
2021-09-09 19:31:51.2373 INFO: Остановка открытия занавеса
2021-09-09 19:31:51.7263 INFO: Открытие занавеса
2021-09-09 19:31:51.7383 INFO: Остановка открытия занавеса
2021-09-09 19:31:52.2243 INFO: Открытие занавеса
2021-09-09 19:31:52.2373 INFO: Остановка открытия занавеса
2021-09-09 19:31:52.7243 INFO: Открытие занавеса
2021-09-09 19:31:52.7363 INFO: Остановка открытия занавеса
2021-09-09 19:31:53.2253 INFO: Открытие занавеса
2021-09-09 19:31:53.2383 INFO: Остановка открытия занавеса
2021-09-09 19:31:53.7253 INFO: Открытие занавеса
2021-09-09 19:31:53.7373 INFO: Остановка открытия занавеса
2021-09-09 19:31:54.2243 INFO: Открытие занавеса
2021-09-09 19:31:54.2373 INFO: Остановка открытия занавеса
2021-09-09 19:31:54.7253 INFO: Открытие занавеса
2021-09-09 19:31:54.7373 INFO: Остановка открытия занавеса
2021-09-09 19:31:55.2253 INFO: Открытие занавеса
2021-09-09 19:31:55.2373 INFO: Остановка открытия занавеса
2021-09-09 19:31:55.7243 INFO: Открытие занавеса
2021-09-09 19:31:55.7373 INFO: Остановка открытия занавеса
2021-09-09 19:31:55.7503 INFO: Выбран режим открытия на скорости 60%
2021-09-09 19:31:56.2263 INFO: Открытие занавеса
2021-09-09 19:31:56.2383 INFO: Остановка открытия занавеса
2021-09-09 19:31:56.7263 INFO: Открытие занавеса
2021-09-09 19:31:56.7383 INFO: Остановка открытия занавеса
2021-09-09 19:31:57.2253 INFO: Открытие занавеса
2021-09-09 19:31:57.2383 INFO: Остановка открытия занавеса
2021-09-09 19:31:57.2934 INFO: Выбран режим открытия на скорости 100%
2021-09-09 19:31:57.7253 INFO: Открытие занавеса
2021-09-09 19:31:57.7382 INFO: Остановка открытия занавеса
2021-09-09 19:31:58.2253 INFO: Открытие занавеса
2021-09-09 19:31:58.2373 INFO: Остановка открытия занавеса
2021-09-09 19:31:58.2373 INFO: Выбран режим открытия на скорости 0%
2021-09-09 19:31:59.2244 INFO: Выбран режим открытия на скорости 30%
2021-09-09 19:31:59.5613 INFO: Открытие занавеса
2021-09-09 19:31:59.5613 INFO: Остановка открытия занавеса
2021-09-09 19:32:00.2263 INFO: Открытие занавеса
2021-09-09 19:32:00.2383 INFO: Остановка открытия занавеса
2021-09-09 19:32:00.2383 INFO: Выбран режим открытия на скорости 60%
2021-09-09 19:32:00.7273 INFO: Открытие занавеса
2021-09-09 19:32:00.7393 INFO: Остановка открытия занавеса
2021-09-09 19:32:00.7393 INFO: Выбран режим открытия на скорости 100%
2021-09-09 19:32:01.2253 INFO: Открытие занавеса
2021-09-09 19:32:01.2373 INFO: Остановка открытия занавеса
2021-09-09 19:32:01.7263 INFO: Открытие занавеса
2021-09-09 19:32:01.7383 INFO: Остановка открытия занавеса
2021-09-09 19:32:01.7383 INFO: Выбран режим открытия на скорости 0%
2021-09-09 19:32:03.1346 INFO: Выбран режим закрытия на скорости 30%
2021-09-09 19:32:03.4733 INFO: Выбран режим закрытия на скорости 60%
2021-09-09 19:32:03.6886 INFO: Выбран режим закрытия на скорости 100%
2021-09-09 19:32:04.9660 INFO: Выбран режим открытия на скорости 30%
2021-09-09 19:32:05.1816 INFO: Выбран режим открытия на скорости 60%
2021-09-09 19:32:05.5613 INFO: Открытие занавеса
2021-09-09 19:32:05.5613 INFO: Остановка открытия занавеса
2021-09-09 19:32:06.2243 INFO: Открытие занавеса
2021-09-09 19:32:06.2363 INFO: Остановка открытия занавеса
2021-09-09 19:32:06.7263 INFO: Открытие занавеса
2021-09-09 19:32:06.7383 INFO: Остановка открытия занавеса
2021-09-09 19:32:07.2253 INFO: Открытие занавеса
2021-09-09 19:32:07.2373 INFO: Остановка открытия занавеса
2021-09-09 19:32:07.7243 INFO: Открытие занавеса
2021-09-09 19:32:07.7363 INFO: Остановка открытия занавеса
2021-09-09 19:32:08.2263 INFO: Открытие занавеса
2021-09-09 19:32:08.2393 INFO: Остановка открытия занавеса
2021-09-09 19:32:08.7263 INFO: Открытие занавеса
2021-09-09 19:32:08.7383 INFO: Остановка открытия занавеса
2021-09-09 19:32:09.2243 INFO: Открытие занавеса
2021-09-09 19:32:09.2373 INFO: Остановка открытия занавеса
2021-09-09 19:32:09.7243 INFO: Открытие занавеса
2021-09-09 19:32:09.7363 INFO: Остановка открытия занавеса
2021-09-09 19:32:10.2253 INFO: Открытие занавеса
2021-09-09 19:32:10.2373 INFO: Остановка открытия занавеса
2021-09-09 19:32:10.7263 INFO: Открытие занавеса
2021-09-09 19:32:10.7383 INFO: Остановка открытия занавеса
2021-09-09 19:32:11.2253 INFO: Открытие занавеса
2021-09-09 19:32:11.2383 INFO: Остановка открытия занавеса
2021-09-09 19:32:11.7263 INFO: Открытие занавеса
2021-09-09 19:32:11.7383 INFO: Остановка открытия занавеса
2021-09-09 19:32:12.2253 INFO: Открытие занавеса
2021-09-09 19:32:12.2383 INFO: Остановка открытия занавеса
2021-09-09 19:32:12.7553 INFO: Открытие занавеса
2021-09-09 19:32:12.7683 INFO: Остановка открытия занавеса
2021-09-09 19:32:13.3213 INFO: Открытие занавеса
2021-09-09 19:32:13.3333 INFO: Остановка открытия занавеса
2021-09-09 19:32:13.7284 INFO: Открытие занавеса
2021-09-09 19:32:13.7423 INFO: Остановка открытия занавеса
2021-09-09 19:32:14.2253 INFO: Открытие занавеса
2021-09-09 19:32:14.2394 INFO: Остановка открытия занавеса
2021-09-09 19:32:14.7263 INFO: Открытие занавеса
2021-09-09 19:32:14.7403 INFO: Остановка открытия занавеса
