2021-09-07 10:18:36.5525 INFO: Application started
2021-09-07 16:37:48.2476 INFO: Application started
2021-09-07 16:39:41.3176 INFO: Application started
2021-09-07 16:40:43.9350 INFO: Application started
2021-09-07 16:50:55.4516 INFO: Application started
2021-09-07 16:54:12.4454 INFO: Application started
2021-09-07 16:54:17.6124 INFO: Выбран режим открытия на скорости 30%
2021-09-07 16:54:18.3639 INFO: Выбран режим открытия на скорости 60%
2021-09-07 16:54:27.6789 INFO: Выбран режим закрытия на скорости 30%
2021-09-07 16:54:30.1317 INFO: Выбран режим открытия на скорости 30%
2021-09-07 16:54:30.9870 INFO: Выбран режим открытия на скорости 60%
2021-09-07 16:54:32.5990 INFO: Выбран режим подъема на скорости 30%
2021-09-07 16:54:33.2947 INFO: Выбран режим подъема на скорости 60%
2021-09-07 16:55:09.1529 INFO: Application started
2021-09-07 16:55:37.3616 INFO: Application started
2021-09-07 16:55:48.7807 INFO: Выбран режим открытия на скорости 30%
2021-09-07 16:55:50.0043 INFO: Выбран режим закрытия на скорости 30%
2021-09-07 16:55:50.7902 INFO: Выбран режим подъема на скорости 30%
2021-09-07 16:55:59.2601 INFO: Выбран режим открытия на скорости 30%
2021-09-07 16:57:15.0337 INFO: Application started
2021-09-07 16:57:16.5248 INFO: Выбран режим открытия на скорости 30%
2021-09-07 17:00:51.0290 INFO: Application started
2021-09-07 17:01:19.8632 INFO: Осуществлен успешный вход в режим администрирования
2021-09-07 17:01:21.1386 INFO: Пользователь произвел переход на страницу Discrete X
2021-09-07 17:01:28.6155 INFO: Перемещение АРЗ по пресетам на точку 1,3
2021-09-07 17:02:10.5265 INFO: Остановка движения по пресетам
2021-09-07 17:06:28.4873 INFO: Application started
2021-09-07 17:06:45.8192 INFO: Осуществлен успешный вход в режим администрирования
2021-09-07 17:06:47.0906 INFO: Пользователь произвел переход на страницу Discrete X
2021-09-07 17:10:37.8954 INFO: Application started
2021-09-07 17:10:46.7474 INFO: Выбран режим подъема на скорости 30%
2021-09-07 17:10:48.3754 INFO: Выбран режим открытия на скорости 30%
2021-09-07 17:10:53.9155 INFO: Осуществлен успешный вход в режим администрирования
2021-09-07 17:10:54.7075 INFO: Пользователь произвел переход на страницу Discrete X
2021-09-07 17:14:07.1314 INFO: Application started
2021-09-07 17:14:19.8746 INFO: Выбран режим открытия на скорости 30%
2021-09-07 17:14:21.6822 INFO: Выбран режим закрытия на скорости 30%
2021-09-07 17:14:22.9937 INFO: Выбран режим подъема на скорости 30%
2021-09-07 17:14:36.1859 INFO: Осуществлен успешный вход в режим администрирования
2021-09-07 17:14:37.0348 INFO: Пользователь произвел переход на страницу Discrete X
2021-09-07 17:14:47.8907 INFO: Осуществлен успешный вход в режим администрирования
2021-09-07 17:14:48.8980 INFO: Пользователь произвел переход на страницу Discrete Y
2021-09-07 17:17:01.5156 INFO: Application started
2021-09-07 17:17:07.0737 INFO: Осуществлен успешный вход в режим администрирования
2021-09-07 17:17:08.2495 INFO: Пользователь произвел переход на страницу Discrete Y
2021-09-07 17:21:49.8007 INFO: Application started
2021-09-07 17:21:55.2505 INFO: Осуществлен успешный вход в режим администрирования
2021-09-07 17:21:56.5453 INFO: Пользователь произвел переход на страницу Track X
2021-09-07 17:22:31.6323 INFO: Application started
2021-09-07 17:22:38.2764 INFO: Осуществлен успешный вход в режим администрирования
2021-09-07 17:22:39.3136 INFO: Пользователь произвел переход на страницу Track X
2021-09-07 17:28:20.7488 INFO: Application started
2021-09-07 17:28:28.8065 INFO: Осуществлен успешный вход в режим администрирования
2021-09-07 17:28:30.0334 INFO: Пользователь произвел переход на страницу Track Y
