2022-04-07 11:31:54.0399 INFO: Application started
2022-04-07 11:32:03.6679 INFO: Осуществлен успешный вход в режим администрирования
2022-04-07 11:32:04.8877 INFO: Пользователь произвел переход на страницу Track X
2022-04-07 11:48:51.1193 INFO: Application started
2022-04-07 11:48:58.5086 INFO: Осуществлен успешный вход в режим администрирования
2022-04-07 11:48:59.8626 INFO: Пользователь произвел переход на страницу Track X
2022-04-07 11:52:53.8398 INFO: Application started
2022-04-07 11:52:59.8212 INFO: Осуществлен успешный вход в режим администрирования
2022-04-07 11:53:00.9000 INFO: Пользователь произвел переход на страницу Track X
2022-04-07 12:00:24.6598 INFO: Application started
2022-04-07 12:01:22.7026 INFO: Application started
2022-04-07 12:01:38.0477 INFO: Осуществлен успешный вход в режим администрирования
2022-04-07 12:01:39.1565 INFO: Пользователь произвел переход на страницу Track X
2022-04-07 12:04:50.7973 INFO: Application started
2022-04-07 12:04:56.5686 INFO: Осуществлен успешный вход в режим администрирования
2022-04-07 12:04:57.8924 INFO: Пользователь произвел переход на страницу Track X
2022-04-07 12:05:33.4441 INFO: Application started
2022-04-07 12:05:43.2871 INFO: Осуществлен успешный вход в режим администрирования
2022-04-07 12:05:44.4919 INFO: Пользователь произвел переход на страницу Track X
2022-04-07 12:14:19.5844 INFO: Application started
2022-04-07 12:14:26.3193 INFO: Осуществлен успешный вход в режим администрирования
2022-04-07 12:14:27.3792 INFO: Пользователь произвел переход на страницу Track X
2022-04-07 12:16:51.2676 INFO: Application started
2022-04-07 12:16:57.1518 INFO: Осуществлен успешный вход в режим администрирования
2022-04-07 12:16:58.1448 INFO: Пользователь произвел переход на страницу Track X
2022-04-07 12:17:19.8680 INFO: Application started
2022-04-07 12:17:25.3893 INFO: Осуществлен успешный вход в режим администрирования
2022-04-07 12:17:26.5547 INFO: Пользователь произвел переход на страницу Track X
2022-04-07 12:18:32.2505 INFO: Application started
2022-04-07 12:18:54.7422 INFO: Осуществлен успешный вход в режим администрирования
2022-04-07 12:18:56.0829 INFO: Пользователь произвел переход на страницу Track X
2022-04-07 12:19:24.8266 INFO: Application started
2022-04-07 12:19:38.4219 INFO: Осуществлен успешный вход в режим администрирования
2022-04-07 12:19:39.8663 INFO: Пользователь произвел переход на страницу Track X
2022-04-07 12:20:47.8934 INFO: Application started
2022-04-07 12:20:54.5174 INFO: Осуществлен успешный вход в режим администрирования
2022-04-07 12:20:55.9304 INFO: Пользователь произвел переход на страницу Track X
2022-04-07 12:32:53.1210 INFO: Application started
2022-04-07 12:33:01.5917 INFO: Осуществлен успешный вход в режим администрирования
2022-04-07 12:33:02.8403 INFO: Пользователь произвел переход на страницу Track X
2022-04-07 12:44:09.6398 INFO: Application started
2022-04-07 12:44:16.7348 INFO: Осуществлен успешный вход в режим администрирования
2022-04-07 12:44:18.3751 INFO: Пользователь произвел переход на страницу Track X
2022-04-07 12:50:34.6121 INFO: Application started
2022-04-07 12:50:44.3407 INFO: Осуществлен успешный вход в режим администрирования
2022-04-07 12:50:45.4949 INFO: Пользователь произвел переход на страницу Track X
2022-04-07 13:28:12.7683 INFO: Application started
2022-04-07 13:28:21.0038 INFO: Осуществлен успешный вход в режим администрирования
2022-04-07 13:28:22.8738 INFO: Пользователь произвел переход на страницу Track X
2022-04-07 13:31:26.9310 INFO: Application started
2022-04-07 13:31:34.2220 INFO: Осуществлен успешный вход в режим администрирования
2022-04-07 13:31:35.5458 INFO: Пользователь произвел переход на страницу Track X
2022-04-07 13:34:02.1961 INFO: Application started
2022-04-07 13:34:22.3279 INFO: Осуществлен успешный вход в режим администрирования
2022-04-07 13:34:23.4656 INFO: Пользователь произвел переход на страницу Track X
2022-04-07 13:41:12.2123 INFO: Application started
2022-04-07 13:41:19.9219 INFO: Осуществлен успешный вход в режим администрирования
2022-04-07 13:41:21.0593 INFO: Пользователь произвел переход на страницу Track X
2022-04-07 13:46:46.9041 INFO: Application started
2022-04-07 13:46:54.9049 INFO: Осуществлен успешный вход в режим администрирования
2022-04-07 13:46:56.1116 INFO: Пользователь произвел переход на страницу Track X
2022-04-07 14:15:55.2901 INFO: Application started
2022-04-07 14:16:04.8548 INFO: Осуществлен успешный вход в режим администрирования
2022-04-07 14:16:06.1723 INFO: Пользователь произвел переход на страницу Track X
2022-04-07 14:17:29.4208 INFO: Application started
2022-04-07 14:17:36.4106 INFO: Осуществлен успешный вход в режим администрирования
2022-04-07 14:17:37.9321 INFO: Пользователь произвел переход на страницу Track X
2022-04-07 14:23:07.9690 INFO: Application started
2022-04-07 14:23:17.7088 INFO: Осуществлен успешный вход в режим администрирования
2022-04-07 14:23:19.0835 INFO: Пользователь произвел переход на страницу Track X
2022-04-07 14:29:39.3739 INFO: Application started
2022-04-07 14:29:46.5783 INFO: Осуществлен успешный вход в режим администрирования
2022-04-07 14:29:47.9555 INFO: Пользователь произвел переход на страницу Track X
2022-04-07 14:35:40.7780 INFO: Осуществлен успешный вход в режим администрирования
2022-04-07 14:35:42.4811 INFO: Пользователь произвел переход на страницу Track X
2022-04-07 14:40:09.9332 INFO: Application started
2022-04-07 14:40:18.2417 INFO: Осуществлен успешный вход в режим администрирования
2022-04-07 14:40:19.8414 INFO: Пользователь произвел переход на страницу Track Y
2022-04-07 15:06:51.2670 INFO: Application started
2022-04-07 15:13:25.9230 INFO: Application started
2022-04-07 15:13:34.9544 INFO: Осуществлен успешный вход в режим администрирования
2022-04-07 15:13:40.0774 INFO: Пользователь произвел переход на страницу Discrete X
2022-04-07 15:14:52.9584 INFO: Осуществлен успешный вход в режим администрирования
2022-04-07 15:14:55.2610 INFO: Пользователь произвел переход на страницу Track X
2022-04-07 20:14:06.2832 INFO: Application started
2022-04-07 20:14:39.9943 INFO: Осуществлен успешный вход в режим администрирования
2022-04-07 20:14:42.1175 INFO: Пользователь произвел переход на страницу Track X
2022-04-07 20:23:51.2303 INFO: Application started
2022-04-07 20:24:01.6485 INFO: Осуществлен успешный вход в режим администрирования
2022-04-07 20:24:04.0603 INFO: Пользователь произвел переход на страницу Track X
2022-04-07 20:36:39.1411 INFO: Application started
2022-04-07 20:36:52.2029 INFO: Осуществлен успешный вход в режим администрирования
2022-04-07 20:36:54.5037 INFO: Пользователь произвел переход на страницу Track X
2022-04-07 20:56:13.4858 INFO: Application started
2022-04-07 21:01:58.1604 INFO: Application started
2022-04-07 21:02:12.3279 INFO: Осуществлен успешный вход в режим администрирования
2022-04-07 21:02:34.3883 INFO: Пользователь произвел переход на страницу Settings
2022-04-07 21:03:13.7502 INFO: Осуществлен успешный вход в режим администрирования
2022-04-07 21:03:29.9056 WARN: Попытка входа в режим администрирования, введен неверный пароль
2022-04-07 21:03:41.1731 INFO: Осуществлен успешный вход в режим администрирования
2022-04-07 21:03:49.1328 INFO: Пользователь произвел переход на страницу Test
2022-04-07 21:04:28.8403 INFO: Осуществлен успешный вход в режим администрирования
2022-04-07 21:13:08.4819 INFO: Application started
2022-04-07 21:13:27.7953 INFO: Осуществлен успешный вход в режим администрирования
2022-04-07 21:13:33.6382 INFO: Пользователь произвел переход на страницу Settings
2022-04-07 21:13:38.6409 INFO: Пользователь произвел переход на страницу Test
2022-04-07 21:13:57.9207 INFO: Пользователь произвел переход на страницу Track X
2022-04-07 21:18:04.7563 WARN: Попытка входа в режим администрирования, введен неверный пароль
2022-04-07 21:20:13.1690 INFO: Application started
2022-04-07 21:23:49.6793 INFO: Application started
