2022-04-22 00:00:03.5409 INFO: Открытие занавеса в режиме записи трека
2022-04-22 00:00:03.6430 INFO: Открытие занавеса в режиме записи трека
2022-04-22 00:00:03.7483 INFO: Открытие занавеса в режиме записи трека
2022-04-22 00:00:03.8461 INFO: Открытие занавеса в режиме записи трека
2022-04-22 00:00:03.9481 INFO: Открытие занавеса в режиме записи трека
2022-04-22 00:00:04.0444 INFO: Открытие занавеса в режиме записи трека
2022-04-22 00:00:04.1475 INFO: Открытие занавеса в режиме записи трека
2022-04-22 00:00:04.2370 INFO: Открытие занавеса в режиме записи трека
2022-04-22 00:00:04.3495 INFO: Открытие занавеса в режиме записи трека
2022-04-22 00:00:04.4481 INFO: Открытие занавеса в режиме записи трека
2022-04-22 00:00:04.5451 INFO: Открытие занавеса в режиме записи трека
2022-04-22 00:00:04.6502 INFO: Открытие занавеса в режиме записи трека
2022-04-22 00:00:04.7463 INFO: Открытие занавеса в режиме записи трека
2022-04-22 00:00:04.8473 INFO: Открытие занавеса в режиме записи трека
2022-04-22 00:00:04.9462 INFO: Открытие занавеса в режиме записи трека
2022-04-22 00:00:05.0412 INFO: Открытие занавеса в режиме записи трека
2022-04-22 00:00:05.1377 INFO: Открытие занавеса в режиме записи трека
2022-04-22 00:00:05.2398 INFO: Открытие занавеса в режиме записи трека
2022-04-22 00:00:05.3376 INFO: Открытие занавеса в режиме записи трека
2022-04-22 00:00:05.4503 INFO: Открытие занавеса в режиме записи трека
2022-04-22 00:00:05.5391 INFO: Открытие занавеса в режиме записи трека
2022-04-22 00:00:05.6503 INFO: Открытие занавеса в режиме записи трека
2022-04-22 00:00:05.7393 INFO: Открытие занавеса в режиме записи трека
2022-04-22 00:00:05.8434 INFO: Открытие занавеса в режиме записи трека
2022-04-22 00:00:05.9394 INFO: Открытие занавеса в режиме записи трека
2022-04-22 00:00:06.0483 INFO: Открытие занавеса в режиме записи трека
2022-04-22 00:00:06.1393 INFO: Остановка занавеса в режиме записи трека
2022-04-22 00:00:08.8416 INFO: Закрытие занавеса в режиме записи трека
2022-04-22 00:00:08.9385 INFO: Закрытие занавеса в режиме записи трека
2022-04-22 00:00:09.0391 INFO: Закрытие занавеса в режиме записи трека
2022-04-22 00:00:09.1401 INFO: Закрытие занавеса в режиме записи трека
2022-04-22 00:00:09.2380 INFO: Закрытие занавеса в режиме записи трека
2022-04-22 00:00:09.3400 INFO: Закрытие занавеса в режиме записи трека
2022-04-22 00:00:09.4421 INFO: Закрытие занавеса в режиме записи трека
2022-04-22 00:00:09.5367 INFO: Закрытие занавеса в режиме записи трека
2022-04-22 00:00:09.6431 INFO: Закрытие занавеса в режиме записи трека
2022-04-22 00:00:09.7367 INFO: Закрытие занавеса в режиме записи трека
2022-04-22 00:00:09.8380 INFO: Закрытие занавеса в режиме записи трека
2022-04-22 00:00:09.9377 INFO: Закрытие занавеса в режиме записи трека
2022-04-22 00:00:10.0391 INFO: Закрытие занавеса в режиме записи трека
2022-04-22 00:00:10.1377 INFO: Закрытие занавеса в режиме записи трека
2022-04-22 00:00:10.2431 INFO: Закрытие занавеса в режиме записи трека
2022-04-22 00:00:10.3377 INFO: Закрытие занавеса в режиме записи трека
2022-04-22 00:00:10.4368 INFO: Закрытие занавеса в режиме записи трека
2022-04-22 00:00:10.5367 INFO: Закрытие занавеса в режиме записи трека
2022-04-22 00:00:10.6379 INFO: Закрытие занавеса в режиме записи трека
2022-04-22 00:00:10.7377 INFO: Закрытие занавеса в режиме записи трека
2022-04-22 00:00:10.8379 INFO: Закрытие занавеса в режиме записи трека
2022-04-22 00:00:10.9379 INFO: Закрытие занавеса в режиме записи трека
2022-04-22 00:00:11.0390 INFO: Закрытие занавеса в режиме записи трека
2022-04-22 00:00:11.1388 INFO: Закрытие занавеса в режиме записи трека
2022-04-22 00:00:11.2379 INFO: Закрытие занавеса в режиме записи трека
2022-04-22 00:00:11.3418 INFO: Закрытие занавеса в режиме записи трека
2022-04-22 00:00:11.4408 INFO: Закрытие занавеса в режиме записи трека
2022-04-22 00:00:11.5399 INFO: Закрытие занавеса в режиме записи трека
2022-04-22 00:00:11.6432 INFO: Закрытие занавеса в режиме записи трека
2022-04-22 00:00:11.7491 INFO: Закрытие занавеса в режиме записи трека
2022-04-22 00:00:11.8493 INFO: Закрытие занавеса в режиме записи трека
2022-04-22 00:00:11.9506 INFO: Закрытие занавеса в режиме записи трека
2022-04-22 00:00:12.0522 INFO: Закрытие занавеса в режиме записи трека
2022-04-22 00:00:12.1495 INFO: Закрытие занавеса в режиме записи трека
2022-04-22 00:00:12.2455 INFO: Остановка занавеса в режиме записи трека
2022-04-22 00:00:35.2127 INFO: Application closed
2022-04-22 09:42:48.1210 INFO: Application started
2022-04-22 09:42:57.4749 INFO: Осуществлен успешный вход в режим администрирования
2022-04-22 09:42:59.1017 INFO: Пользователь произвел переход на страницу Settings
2022-04-22 09:55:04.4041 INFO: Application started
2022-04-22 10:01:39.8559 INFO: Application started
2022-04-22 10:03:21.4320 INFO: Application started
2022-04-22 10:04:46.6686 INFO: Application started
2022-04-22 10:06:37.0463 INFO: Application started
2022-04-22 10:18:08.3198 INFO: Application started
