2022-04-08 12:42:29.5590 INFO: Application started
2022-04-08 12:43:31.4777 INFO: Осуществлен успешный вход в режим администрирования
2022-04-08 12:43:33.1809 INFO: Пользователь произвел переход на страницу Discrete X
2022-04-08 12:43:38.4584 INFO: Выбран режим открытия на скорости 30%
2022-04-08 12:43:38.6550 INFO: Выбран режим открытия на скорости 60%
2022-04-08 12:43:38.8872 INFO: Выбран режим открытия на скорости 100%
2022-04-08 12:43:39.6533 INFO: Выбран режим открытия на скорости 0%
2022-04-08 12:43:40.6877 INFO: Выбран режим закрытия на скорости 30%
2022-04-08 12:43:40.9029 INFO: Выбран режим закрытия на скорости 60%
2022-04-08 12:43:41.1089 INFO: Выбран режим закрытия на скорости 100%
2022-04-08 12:43:43.2260 INFO: Выбран режим подъема на скорости 30%
2022-04-08 12:43:43.7700 INFO: Выбран режим подъема на скорости 60%
2022-04-08 12:43:44.0053 INFO: Выбран режим подъема на скорости 100%
2022-04-08 12:43:45.1799 INFO: Выбран режим спуска на скорости 30%
2022-04-08 12:43:45.4407 INFO: Выбран режим спуска на скорости 60%
2022-04-08 12:43:45.6519 INFO: Выбран режим спуска на скорости 100%
2022-04-08 12:47:24.8933 INFO: Application started
2022-04-08 12:50:06.4116 INFO: Осуществлен успешный вход в режим администрирования
2022-04-08 12:50:23.2850 INFO: Осуществлен успешный вход в режим администрирования
2022-04-08 12:50:29.5569 INFO: Пользователь произвел переход на страницу Settings
2022-04-08 12:52:54.0308 INFO: Application started
2022-04-08 13:11:41.7542 INFO: Application started
2022-04-08 13:11:56.5276 INFO: Осуществлен успешный вход в режим администрирования
2022-04-08 13:11:58.0927 INFO: Пользователь произвел переход на страницу Settings
2022-04-08 14:37:18.4545 INFO: Application started
2022-04-08 14:39:26.8204 INFO: Выбран режим открытия на скорости 30%
2022-04-08 14:39:27.3510 INFO: Выбран режим открытия на скорости 60%
2022-04-08 14:39:27.7634 INFO: Выбран режим открытия на скорости 100%
2022-04-08 14:39:28.3231 INFO: Выбран режим открытия на скорости 0%
2022-04-08 14:39:28.8965 INFO: Выбран режим открытия на скорости 30%
2022-04-08 14:39:29.3614 INFO: Выбран режим открытия на скорости 60%
2022-04-08 14:39:29.8330 INFO: Выбран режим открытия на скорости 100%
2022-04-08 14:39:30.3461 INFO: Выбран режим открытия на скорости 0%
2022-04-08 14:39:31.1964 INFO: Выбран режим закрытия на скорости 30%
2022-04-08 14:39:31.5681 INFO: Выбран режим закрытия на скорости 60%
2022-04-08 14:39:31.8570 INFO: Выбран режим закрытия на скорости 100%
2022-04-08 14:39:32.2240 INFO: Выбран режим закрытия на скорости 0%
2022-04-08 14:39:32.6801 INFO: Выбран режим закрытия на скорости 30%
2022-04-08 14:39:32.9451 INFO: Выбран режим закрытия на скорости 60%
2022-04-08 14:39:33.1943 INFO: Выбран режим закрытия на скорости 100%
2022-04-08 14:39:33.4480 INFO: Выбран режим закрытия на скорости 0%
2022-04-08 14:43:29.1140 INFO: Application started
2022-04-08 14:43:31.6599 INFO: Выбран режим открытия на скорости 30%
2022-04-08 14:43:32.0859 INFO: Выбран режим открытия на скорости 60%
2022-04-08 14:43:32.5747 INFO: Выбран режим открытия на скорости 100%
2022-04-08 14:43:35.8264 INFO: Выбран режим открытия на скорости 0%
2022-04-08 14:43:36.8270 INFO: Выбран режим открытия на скорости 30%
2022-04-08 14:43:37.9144 INFO: Выбран режим открытия на скорости 60%
2022-04-08 14:43:40.5929 INFO: Выбран режим открытия на скорости 100%
2022-04-08 14:43:48.6693 INFO: Выбран режим открытия на скорости 0%
2022-04-08 14:43:49.4790 INFO: Выбран режим открытия на скорости 30%
2022-04-08 14:43:49.8785 INFO: Выбран режим открытия на скорости 60%
2022-04-08 14:43:50.2730 INFO: Выбран режим открытия на скорости 100%
2022-04-08 14:43:50.8798 INFO: Выбран режим открытия на скорости 0%
2022-04-08 14:43:51.5435 INFO: Выбран режим открытия на скорости 30%
2022-04-08 14:43:52.0472 INFO: Выбран режим открытия на скорости 60%
2022-04-08 14:43:52.3924 INFO: Выбран режим открытия на скорости 100%
2022-04-08 14:43:52.9695 INFO: Выбран режим открытия на скорости 0%
2022-04-08 14:43:53.8482 INFO: Выбран режим открытия на скорости 30%
2022-04-08 14:43:54.1200 INFO: Выбран режим открытия на скорости 60%
2022-04-08 14:43:54.5058 INFO: Выбран режим открытия на скорости 100%
2022-04-08 14:43:55.0238 INFO: Выбран режим открытия на скорости 0%
2022-04-08 14:43:55.7199 INFO: Выбран режим открытия на скорости 30%
2022-04-08 14:43:56.0879 INFO: Выбран режим открытия на скорости 60%
2022-04-08 14:43:56.3700 INFO: Выбран режим открытия на скорости 100%
2022-04-08 14:43:56.8879 INFO: Выбран режим открытия на скорости 0%
2022-04-08 14:48:41.3350 INFO: Application started
2022-04-08 14:49:01.9924 INFO: Выбран режим открытия на скорости 30%
2022-04-08 14:49:02.5265 INFO: Выбран режим открытия на скорости 60%
2022-04-08 14:49:03.0953 INFO: Выбран режим открытия на скорости 100%
2022-04-08 14:51:36.2050 INFO: Application started
2022-04-08 14:51:38.4190 INFO: Выбран режим открытия на скорости 30%
2022-04-08 14:51:38.9827 INFO: Выбран режим открытия на скорости 60%
2022-04-08 14:51:39.6139 INFO: Выбран режим открытия на скорости 100%
2022-04-08 14:54:05.3069 INFO: Application started
2022-04-08 14:54:07.9880 INFO: Выбран режим открытия на скорости 30%
2022-04-08 14:54:08.5591 INFO: Выбран режим открытия на скорости 60%
2022-04-08 14:54:09.0925 INFO: Выбран режим открытия на скорости 100%
2022-04-08 14:54:16.7461 INFO: Выбран режим открытия на скорости 0%
2022-04-08 14:55:25.0519 INFO: Application started
2022-04-08 14:55:28.1619 INFO: Выбран режим подъема на скорости 30%
2022-04-08 14:55:28.6355 INFO: Выбран режим подъема на скорости 60%
2022-04-08 14:55:29.1539 INFO: Выбран режим подъема на скорости 100%
2022-04-08 14:55:29.8585 INFO: Выбран режим подъема на скорости 0%
2022-04-08 14:55:30.4478 INFO: Выбран режим подъема на скорости 30%
2022-04-08 14:55:30.9867 INFO: Выбран режим подъема на скорости 60%
2022-04-08 14:55:33.0474 INFO: Выбран режим спуска на скорости 30%
2022-04-08 14:55:33.5415 INFO: Выбран режим спуска на скорости 60%
2022-04-08 14:55:34.0664 INFO: Выбран режим спуска на скорости 100%
2022-04-08 14:55:35.1940 INFO: Выбран режим спуска на скорости 0%
2022-04-08 14:55:35.6891 INFO: Выбран режим спуска на скорости 30%
2022-04-08 14:55:36.1560 INFO: Выбран режим спуска на скорости 60%
2022-04-08 14:55:36.6319 INFO: Выбран режим спуска на скорости 100%
2022-04-08 14:57:56.7339 INFO: Application started
2022-04-08 15:00:02.0216 INFO: Application started
2022-04-08 15:07:21.3798 INFO: Application started
2022-04-08 15:08:30.0624 INFO: Выбран режим открытия на скорости 30%
2022-04-08 15:08:30.3938 INFO: Выбран режим открытия на скорости 60%
2022-04-08 15:08:30.6784 INFO: Выбран режим открытия на скорости 100%
2022-04-08 15:08:31.0080 INFO: Выбран режим открытия на скорости 0%
2022-04-08 15:08:31.4722 INFO: Выбран режим открытия на скорости 30%
2022-04-08 15:08:31.7276 INFO: Выбран режим открытия на скорости 60%
2022-04-08 15:08:31.9511 INFO: Выбран режим открытия на скорости 100%
2022-04-08 15:08:32.2415 INFO: Выбран режим открытия на скорости 0%
2022-04-08 15:08:32.8792 INFO: Выбран режим закрытия на скорости 30%
2022-04-08 15:08:33.1115 INFO: Выбран режим закрытия на скорости 60%
2022-04-08 15:08:33.3270 INFO: Выбран режим закрытия на скорости 100%
2022-04-08 15:08:33.5428 INFO: Выбран режим закрытия на скорости 0%
2022-04-08 15:08:34.4118 INFO: Выбран режим спуска на скорости 30%
2022-04-08 15:08:34.6450 INFO: Выбран режим спуска на скорости 60%
2022-04-08 15:08:34.8480 INFO: Выбран режим спуска на скорости 100%
2022-04-08 15:08:35.0706 INFO: Выбран режим спуска на скорости 0%
2022-04-08 15:08:35.4630 INFO: Выбран режим спуска на скорости 30%
2022-04-08 15:08:36.0618 INFO: Выбран режим подъема на скорости 30%
2022-04-08 15:08:36.2846 INFO: Выбран режим подъема на скорости 60%
2022-04-08 15:08:36.4798 INFO: Выбран режим подъема на скорости 100%
2022-04-08 15:08:36.6789 INFO: Выбран режим подъема на скорости 0%
2022-04-08 15:08:36.9586 INFO: Выбран режим подъема на скорости 30%
2022-04-08 15:08:37.6626 INFO: Выбран режим подъема на скорости 60%
2022-04-08 15:08:45.5708 INFO: Осуществлен успешный вход в режим администрирования
2022-04-08 15:08:51.8720 INFO: Осуществлен успешный вход в режим администрирования
2022-04-08 15:08:53.6074 INFO: Пользователь произвел переход на страницу Discrete X
2022-04-08 15:08:59.8403 INFO: Осуществлен успешный вход в режим администрирования
2022-04-08 15:09:02.9347 INFO: Пользователь произвел переход на страницу Discrete X
2022-04-08 15:10:55.5429 INFO: Application started
2022-04-08 15:12:50.1416 INFO: Application started
2022-04-08 15:16:29.7071 INFO: Application started
2022-04-08 15:18:13.3234 WARN: Попытка входа в режим администрирования, введен неверный пароль
2022-04-08 15:18:19.4152 WARN: Попытка входа в режим администрирования, введен неверный пароль
2022-04-08 15:18:25.4385 WARN: Попытка входа в режим администрирования, введен неверный пароль
2022-04-08 15:18:32.6789 WARN: Попытка входа в режим администрирования, введен неверный пароль
2022-04-08 15:18:47.0067 WARN: Попытка входа в режим администрирования, введен неверный пароль
2022-04-08 15:20:59.6498 INFO: Application started
2022-04-08 15:24:24.1397 INFO: Application started
2022-04-08 15:25:03.9441 WARN: Попытка входа в режим администрирования, введен неверный пароль
2022-04-08 15:25:09.4384 INFO: Осуществлен успешный вход в режим администрирования
2022-04-08 15:25:12.3102 INFO: Пользователь произвел переход на страницу Settings
2022-04-08 15:25:43.4944 INFO: Осуществлен успешный вход в режим администрирования
2022-04-08 15:25:49.1904 INFO: Осуществлен успешный вход в режим администрирования
2022-04-08 15:27:29.0620 INFO: Application started
2022-04-08 15:27:43.8658 INFO: Осуществлен успешный вход в режим администрирования
2022-04-08 15:30:30.2480 INFO: Осуществлен успешный вход в режим администрирования
2022-04-08 15:30:33.0861 INFO: Пользователь произвел переход на страницу Settings
2022-04-08 15:30:38.7661 INFO: Пользователь произвел переход на страницу Test
2022-04-08 15:30:42.3419 INFO: Пользователь произвел переход на страницу Discrete X
2022-04-08 16:36:22.4602 INFO: Application started
2022-04-08 16:36:42.3232 INFO: Осуществлен успешный вход в режим администрирования
2022-04-08 16:36:43.6357 INFO: Пользователь произвел переход на страницу Settings
2022-04-08 16:36:47.5313 INFO: Пользователь произвел переход на страницу Test
2022-04-08 16:36:54.7311 INFO: Пользователь произвел переход на страницу Discrete Y
2022-04-08 16:37:15.0966 INFO: Выбран режим открытия на скорости 30%
2022-04-08 16:37:15.6784 INFO: Выбран режим открытия на скорости 60%
2022-04-08 16:37:16.2774 INFO: Выбран режим открытия на скорости 100%
2022-04-08 16:37:17.0915 INFO: Выбран режим открытия на скорости 0%
2022-04-08 16:37:43.8044 INFO: Осуществлен успешный вход в режим администрирования
2022-04-08 16:53:27.1973 INFO: Application started
2022-04-08 17:04:02.7242 INFO: Application started
2022-04-08 17:05:51.1732 INFO: Application started
2022-04-08 17:08:06.6403 INFO: Application started
2022-04-08 17:09:14.1169 INFO: Application started
2022-04-08 17:10:17.5069 INFO: Application started
2022-04-08 17:13:49.5074 INFO: Application started
2022-04-08 17:16:38.2281 INFO: Application started
2022-04-08 17:17:39.6607 INFO: Осуществлен успешный вход в режим администрирования
2022-04-08 17:17:40.7063 INFO: Пользователь произвел переход на страницу Settings
2022-04-08 17:18:15.7616 INFO: Application started
2022-04-08 17:25:20.4832 INFO: Application started
2022-04-08 17:25:29.2664 INFO: Осуществлен успешный вход в режим администрирования
2022-04-08 17:25:30.8334 INFO: Пользователь произвел переход на страницу Track Y
2022-04-08 17:27:44.5770 INFO: Application started
2022-04-08 17:34:37.2846 INFO: Application started
2022-04-08 17:46:56.0771 INFO: Application started
2022-04-08 17:47:13.6711 INFO: Осуществлен успешный вход в режим администрирования
2022-04-08 17:55:59.7382 INFO: Осуществлен успешный вход в режим администрирования
2022-04-08 17:56:01.3011 INFO: Пользователь произвел переход на страницу Settings
