2022-04-05 08:58:29.2868 INFO: Application started
2022-04-05 08:58:39.7689 INFO: Осуществлен успешный вход в режим администрирования
2022-04-05 08:58:42.9092 INFO: Пользователь произвел переход на страницу Track X
2022-04-05 09:02:11.5742 INFO: Application started
2022-04-05 09:05:33.0966 INFO: Осуществлен успешный вход в режим администрирования
2022-04-05 09:05:35.0982 INFO: Пользователь произвел переход на страницу Track Y
2022-04-05 09:28:47.7826 INFO: Application started
2022-04-05 09:28:54.7146 INFO: Осуществлен успешный вход в режим администрирования
2022-04-05 09:28:56.4673 INFO: Пользователь произвел переход на страницу Track X
2022-04-05 09:31:57.4683 INFO: Application started
2022-04-05 09:32:04.8940 INFO: Осуществлен успешный вход в режим администрирования
2022-04-05 09:32:06.0969 INFO: Пользователь произвел переход на страницу Track X
2022-04-05 09:45:39.4217 INFO: Application started
2022-04-05 09:48:19.1394 INFO: Application started
2022-04-05 10:32:37.7719 INFO: Application started
2022-04-05 10:33:28.4475 INFO: Application closed
2022-04-05 10:33:33.7922 INFO: Application started
2022-04-05 10:34:56.9646 INFO: Осуществлен успешный вход в режим администрирования
2022-04-05 10:34:58.2359 INFO: Пользователь произвел переход на страницу Track X
2022-04-05 10:36:32.7802 INFO: Application closed
2022-04-05 10:37:35.7472 INFO: Application started
2022-04-05 10:37:56.8983 INFO: Выбран режим открытия на скорости 30%
2022-04-05 10:37:57.6713 INFO: Выбран режим закрытия на скорости 30%
2022-04-05 10:38:08.3608 INFO: Осуществлен успешный вход в режим администрирования
2022-04-05 10:38:09.7502 INFO: Пользователь произвел переход на страницу Settings
2022-04-05 10:38:19.4258 INFO: Application closed
2022-04-05 10:39:11.9156 INFO: Application started
2022-04-05 10:39:18.1325 INFO: Осуществлен успешный вход в режим администрирования
2022-04-05 10:39:19.3460 INFO: Пользователь произвел переход на страницу Settings
2022-04-05 10:39:34.9396 INFO: Application closed
2022-04-05 10:40:17.2728 INFO: Application started
2022-04-05 10:40:22.4716 INFO: Осуществлен успешный вход в режим администрирования
2022-04-05 10:40:23.7818 INFO: Пользователь произвел переход на страницу Discrete X
2022-04-05 10:41:17.1752 INFO: Application closed
2022-04-05 10:59:23.4318 INFO: Application started
2022-04-05 10:59:37.4371 INFO: Выбран режим закрытия на скорости 30%
2022-04-05 10:59:38.4949 INFO: Выбран режим закрытия на скорости 60%
2022-04-05 10:59:39.5666 INFO: Закрытие занавеса
2022-04-05 10:59:39.6647 INFO: Закрытие занавеса
2022-04-05 10:59:39.7583 INFO: Закрытие занавеса
2022-04-05 10:59:39.8566 INFO: Закрытие занавеса
2022-04-05 10:59:39.9645 INFO: Закрытие занавеса
2022-04-05 10:59:40.0668 INFO: Закрытие занавеса
2022-04-05 10:59:40.1565 INFO: Закрытие занавеса
2022-04-05 10:59:40.2696 INFO: Закрытие занавеса
2022-04-05 10:59:40.3555 INFO: Закрытие занавеса
2022-04-05 10:59:40.4709 INFO: Закрытие занавеса
2022-04-05 10:59:40.5586 INFO: Закрытие занавеса
2022-04-05 10:59:40.6710 INFO: Закрытие занавеса
2022-04-05 10:59:40.7617 INFO: Закрытие занавеса
2022-04-05 10:59:40.8528 INFO: Закрытие занавеса
2022-04-05 10:59:40.9648 INFO: Закрытие занавеса
2022-04-05 10:59:41.0678 INFO: Закрытие занавеса
2022-04-05 10:59:41.1669 INFO: Закрытие занавеса
2022-04-05 10:59:41.2529 INFO: Закрытие занавеса
2022-04-05 10:59:41.3520 INFO: Закрытие занавеса
2022-04-05 10:59:41.4509 INFO: Закрытие занавеса
2022-04-05 10:59:41.5530 INFO: Закрытие занавеса
2022-04-05 10:59:41.6519 INFO: Закрытие занавеса
2022-04-05 10:59:41.7511 INFO: Закрытие занавеса
2022-04-05 10:59:41.8512 INFO: Закрытие занавеса
2022-04-05 10:59:41.9500 INFO: Закрытие занавеса
2022-04-05 10:59:42.0500 INFO: Закрытие занавеса
2022-04-05 10:59:42.1560 INFO: Закрытие занавеса
2022-04-05 10:59:42.2548 INFO: Остановка закрытия занавеса
2022-04-05 10:59:50.1000 INFO: Осуществлен успешный вход в режим администрирования
2022-04-05 10:59:51.5389 INFO: Пользователь произвел переход на страницу Discrete X
2022-04-05 11:00:00.3891 INFO: Перемещение АРЗ по пресетам на точку 1,0
2022-04-05 11:00:10.9804 INFO: Остановка движения по пресетам
2022-04-05 11:00:41.4307 INFO: Application closed
2022-04-05 11:01:16.5892 INFO: Application started
2022-04-05 11:01:35.9277 INFO: Application closed
2022-04-05 11:01:57.9744 INFO: Application started
2022-04-05 11:02:04.3221 INFO: Осуществлен успешный вход в режим администрирования
2022-04-05 11:02:05.5606 INFO: Пользователь произвел переход на страницу Discrete X
2022-04-05 11:02:15.9216 INFO: Перемещение АРЗ по пресетам на точку 5,1
2022-04-05 11:02:27.1125 INFO: Остановка движения по пресетам
2022-04-05 11:02:40.8054 INFO: Перемещение АРЗ по пресетам на расстояние 1,0
2022-04-05 11:02:45.3989 INFO: Остановка движения по пресетам
2022-04-05 11:02:50.2010 INFO: Перемещение АРЗ по пресетам на расстояние 1,5
2022-04-05 11:02:56.2022 INFO: Остановка движения по пресетам
2022-04-05 11:03:01.6047 INFO: Остановка движения по пресетам
2022-04-05 11:03:04.6018 INFO: Перемещение АРЗ по пресетам на расстояние 1,5
2022-04-05 11:03:10.0069 INFO: Остановка движения по пресетам
2022-04-05 11:03:26.5006 INFO: Перемещение АРЗ по пресетам на точку 1,0
2022-04-05 11:03:33.7017 INFO: Остановка движения по пресетам
2022-04-05 11:07:23.3062 INFO: Перемещение АРЗ по пресетам на точку 1,3
2022-04-05 11:07:28.9022 INFO: Остановка движения по пресетам
2022-04-05 11:07:33.6078 INFO: Перемещение АРЗ по пресетам на точку 4,3
2022-04-05 11:07:42.2955 INFO: Остановка движения по пресетам
2022-04-05 11:10:03.8956 INFO: Перемещение АРЗ по пресетам на точку 3,0
2022-04-05 11:10:09.6071 INFO: Остановка движения по пресетам
2022-04-05 11:11:44.1551 INFO: Application closed
2022-04-05 11:15:18.8172 INFO: Application started
2022-04-05 11:15:27.5265 INFO: Осуществлен успешный вход в режим администрирования
2022-04-05 11:15:28.9854 INFO: Пользователь произвел переход на страницу Discrete X
2022-04-05 11:15:40.5449 INFO: Перемещение АРЗ по пресетам на точку 1,0
2022-04-05 11:15:46.3456 INFO: Остановка движения по пресетам
2022-04-05 11:16:49.7592 INFO: Открытие занавеса в режиме записи трека
2022-04-05 11:16:49.8524 INFO: Открытие занавеса в режиме записи трека
2022-04-05 11:16:49.9482 INFO: Открытие занавеса в режиме записи трека
2022-04-05 11:16:50.0471 INFO: Открытие занавеса в режиме записи трека
2022-04-05 11:16:50.1498 INFO: Открытие занавеса в режиме записи трека
2022-04-05 11:16:50.2479 INFO: Открытие занавеса в режиме записи трека
2022-04-05 11:16:50.3478 INFO: Открытие занавеса в режиме записи трека
2022-04-05 11:16:50.4498 INFO: Открытие занавеса в режиме записи трека
2022-04-05 11:16:50.5481 INFO: Открытие занавеса в режиме записи трека
2022-04-05 11:16:50.6469 INFO: Открытие занавеса в режиме записи трека
2022-04-05 11:16:50.7500 INFO: Открытие занавеса в режиме записи трека
2022-04-05 11:16:50.8468 INFO: Открытие занавеса в режиме записи трека
2022-04-05 11:16:50.9481 INFO: Открытие занавеса в режиме записи трека
2022-04-05 11:16:51.0478 INFO: Остановка занавеса в режиме записи трека
2022-04-05 11:16:53.8618 INFO: Открытие занавеса в режиме записи трека
2022-04-05 11:16:53.9596 INFO: Открытие занавеса в режиме записи трека
2022-04-05 11:16:54.0617 INFO: Открытие занавеса в режиме записи трека
2022-04-05 11:16:54.1596 INFO: Открытие занавеса в режиме записи трека
2022-04-05 11:16:54.2608 INFO: Открытие занавеса в режиме записи трека
2022-04-05 11:16:54.3597 INFO: Открытие занавеса в режиме записи трека
2022-04-05 11:16:54.4619 INFO: Открытие занавеса в режиме записи трека
2022-04-05 11:16:54.5534 INFO: Открытие занавеса в режиме записи трека
2022-04-05 11:16:54.6508 INFO: Открытие занавеса в режиме записи трека
2022-04-05 11:16:54.7501 INFO: Открытие занавеса в режиме записи трека
2022-04-05 11:16:54.8489 INFO: Открытие занавеса в режиме записи трека
2022-04-05 11:16:54.9459 INFO: Остановка занавеса в режиме записи трека
2022-04-05 11:17:03.7597 INFO: Закрытие занавеса в режиме записи трека
2022-04-05 11:17:03.8595 INFO: Закрытие занавеса в режиме записи трека
2022-04-05 11:17:03.9597 INFO: Закрытие занавеса в режиме записи трека
2022-04-05 11:17:04.0575 INFO: Закрытие занавеса в режиме записи трека
2022-04-05 11:17:04.1597 INFO: Закрытие занавеса в режиме записи трека
2022-04-05 11:17:04.2566 INFO: Закрытие занавеса в режиме записи трека
2022-04-05 11:17:04.3548 INFO: Закрытие занавеса в режиме записи трека
2022-04-05 11:17:04.4536 INFO: Закрытие занавеса в режиме записи трека
2022-04-05 11:17:04.5558 INFO: Закрытие занавеса в режиме записи трека
2022-04-05 11:17:04.6556 INFO: Закрытие занавеса в режиме записи трека
2022-04-05 11:17:04.7569 INFO: Закрытие занавеса в режиме записи трека
2022-04-05 11:17:04.8476 INFO: Закрытие занавеса в режиме записи трека
2022-04-05 11:17:04.9557 INFO: Закрытие занавеса в режиме записи трека
2022-04-05 11:17:05.0505 INFO: Закрытие занавеса в режиме записи трека
2022-04-05 11:17:05.1578 INFO: Закрытие занавеса в режиме записи трека
2022-04-05 11:17:05.2497 INFO: Закрытие занавеса в режиме записи трека
2022-04-05 11:17:05.3548 INFO: Закрытие занавеса в режиме записи трека
2022-04-05 11:17:05.4495 INFO: Остановка занавеса в режиме записи трека
2022-04-05 11:17:08.3477 INFO: Закрытие занавеса в режиме записи трека
2022-04-05 11:17:08.4486 INFO: Закрытие занавеса в режиме записи трека
2022-04-05 11:17:08.5498 INFO: Закрытие занавеса в режиме записи трека
2022-04-05 11:17:08.6497 INFO: Закрытие занавеса в режиме записи трека
2022-04-05 11:17:08.7477 INFO: Закрытие занавеса в режиме записи трека
2022-04-05 11:17:08.8477 INFO: Закрытие занавеса в режиме записи трека
2022-04-05 11:17:08.9569 INFO: Закрытие занавеса в режиме записи трека
2022-04-05 11:17:09.0488 INFO: Закрытие занавеса в режиме записи трека
2022-04-05 11:17:09.1529 INFO: Закрытие занавеса в режиме записи трека
2022-04-05 11:17:09.2496 INFO: Закрытие занавеса в режиме записи трека
2022-04-05 11:17:09.3476 INFO: Закрытие занавеса в режиме записи трека
2022-04-05 11:17:09.4489 INFO: Закрытие занавеса в режиме записи трека
2022-04-05 11:17:09.5492 INFO: Закрытие занавеса в режиме записи трека
2022-04-05 11:17:09.6489 INFO: Закрытие занавеса в режиме записи трека
2022-04-05 11:17:09.7462 INFO: Закрытие занавеса в режиме записи трека
2022-04-05 11:17:09.8489 INFO: Закрытие занавеса в режиме записи трека
2022-04-05 11:17:09.9481 INFO: Закрытие занавеса в режиме записи трека
2022-04-05 11:17:10.0491 INFO: Закрытие занавеса в режиме записи трека
2022-04-05 11:17:10.1500 INFO: Закрытие занавеса в режиме записи трека
2022-04-05 11:17:10.2490 INFO: Закрытие занавеса в режиме записи трека
2022-04-05 11:17:10.3491 INFO: Закрытие занавеса в режиме записи трека
2022-04-05 11:17:10.4482 INFO: Закрытие занавеса в режиме записи трека
2022-04-05 11:17:10.5469 INFO: Закрытие занавеса в режиме записи трека
2022-04-05 11:17:10.6521 INFO: Закрытие занавеса в режиме записи трека
2022-04-05 11:17:10.7490 INFO: Закрытие занавеса в режиме записи трека
2022-04-05 11:17:10.8479 INFO: Закрытие занавеса в режиме записи трека
2022-04-05 11:17:10.9488 INFO: Закрытие занавеса в режиме записи трека
2022-04-05 11:17:11.0578 INFO: Закрытие занавеса в режиме записи трека
2022-04-05 11:17:11.1536 INFO: Закрытие занавеса в режиме записи трека
2022-04-05 11:17:11.2629 INFO: Закрытие занавеса в режиме записи трека
2022-04-05 11:17:11.3535 INFO: Закрытие занавеса в режиме записи трека
2022-04-05 11:17:11.4497 INFO: Закрытие занавеса в режиме записи трека
2022-04-05 11:17:11.5545 INFO: Закрытие занавеса в режиме записи трека
2022-04-05 11:17:11.6586 INFO: Закрытие занавеса в режиме записи трека
2022-04-05 11:17:11.7556 INFO: Закрытие занавеса в режиме записи трека
2022-04-05 11:17:11.8585 INFO: Закрытие занавеса в режиме записи трека
2022-04-05 11:17:11.9555 INFO: Закрытие занавеса в режиме записи трека
2022-04-05 11:17:12.0606 INFO: Закрытие занавеса в режиме записи трека
2022-04-05 11:17:12.1598 INFO: Закрытие занавеса в режиме записи трека
2022-04-05 11:17:12.2476 INFO: Закрытие занавеса в режиме записи трека
2022-04-05 11:17:12.3577 INFO: Остановка занавеса в режиме записи трека
2022-04-05 11:17:45.9561 INFO: Выбран режим открытия на скорости 30%
2022-04-05 11:17:46.1494 INFO: Выбран режим открытия на скорости 60%
2022-04-05 11:17:46.3428 INFO: Выбран режим открытия на скорости 100%
2022-04-05 11:17:47.5528 INFO: Открытие занавеса
2022-04-05 11:17:47.6369 INFO: Открытие занавеса
2022-04-05 11:17:47.7367 INFO: Открытие занавеса
2022-04-05 11:17:47.8371 INFO: Открытие занавеса
2022-04-05 11:17:47.9351 INFO: Открытие занавеса
2022-04-05 11:17:48.0349 INFO: Открытие занавеса
2022-04-05 11:17:48.1372 INFO: Открытие занавеса
2022-04-05 11:17:48.2405 INFO: Открытие занавеса
2022-04-05 11:17:48.3358 INFO: Открытие занавеса
2022-04-05 11:17:48.4359 INFO: Открытие занавеса
2022-04-05 11:17:48.5363 INFO: Открытие занавеса
2022-04-05 11:17:48.6485 INFO: Открытие занавеса
2022-04-05 11:17:48.7504 INFO: Открытие занавеса
2022-04-05 11:17:48.8515 INFO: Открытие занавеса
2022-04-05 11:17:48.9465 INFO: Открытие занавеса
2022-04-05 11:17:49.0515 INFO: Открытие занавеса
2022-04-05 11:17:49.1546 INFO: Открытие занавеса
2022-04-05 11:17:49.2556 INFO: Открытие занавеса
2022-04-05 11:17:49.3546 INFO: Открытие занавеса
2022-04-05 11:17:49.4505 INFO: Открытие занавеса
2022-04-05 11:17:49.5548 INFO: Открытие занавеса
2022-04-05 11:17:49.6535 INFO: Открытие занавеса
2022-04-05 11:17:49.7546 INFO: Открытие занавеса
2022-04-05 11:17:49.8482 INFO: Открытие занавеса
2022-04-05 11:17:49.9526 INFO: Открытие занавеса
2022-04-05 11:17:50.0372 INFO: Открытие занавеса
2022-04-05 11:17:50.1498 INFO: Открытие занавеса
2022-04-05 11:17:50.2467 INFO: Открытие занавеса
2022-04-05 11:17:50.3389 INFO: Открытие занавеса
2022-04-05 11:17:50.4377 INFO: Открытие занавеса
2022-04-05 11:17:50.5403 INFO: Открытие занавеса
2022-04-05 11:17:50.6369 INFO: Открытие занавеса
2022-04-05 11:17:50.7370 INFO: Открытие занавеса
2022-04-05 11:17:50.8380 INFO: Открытие занавеса
2022-04-05 11:17:50.9382 INFO: Открытие занавеса
2022-04-05 11:17:51.0360 INFO: Открытие занавеса
2022-04-05 11:17:51.1371 INFO: Открытие занавеса
2022-04-05 11:17:51.2361 INFO: Открытие занавеса
2022-04-05 11:17:51.3391 INFO: Открытие занавеса
2022-04-05 11:17:51.4364 INFO: Открытие занавеса
2022-04-05 11:17:51.5370 INFO: Открытие занавеса
2022-04-05 11:17:51.6383 INFO: Открытие занавеса
2022-04-05 11:17:51.7363 INFO: Открытие занавеса
2022-04-05 11:17:51.8363 INFO: Открытие занавеса
2022-04-05 11:17:51.9367 INFO: Открытие занавеса
2022-04-05 11:17:52.0358 INFO: Открытие занавеса
2022-04-05 11:17:52.1369 INFO: Открытие занавеса
2022-04-05 11:17:52.2388 INFO: Открытие занавеса
2022-04-05 11:17:52.3370 INFO: Открытие занавеса
2022-04-05 11:17:52.4378 INFO: Открытие занавеса
2022-04-05 11:17:52.5370 INFO: Открытие занавеса
2022-04-05 11:17:52.6378 INFO: Открытие занавеса
2022-04-05 11:17:52.7390 INFO: Открытие занавеса
2022-04-05 11:17:52.8358 INFO: Открытие занавеса
2022-04-05 11:17:52.9402 INFO: Открытие занавеса
2022-04-05 11:17:53.0369 INFO: Открытие занавеса
2022-04-05 11:17:53.1379 INFO: Открытие занавеса
2022-04-05 11:17:53.2358 INFO: Открытие занавеса
2022-04-05 11:17:53.3379 INFO: Открытие занавеса
2022-04-05 11:17:53.4359 INFO: Открытие занавеса
2022-04-05 11:17:53.5379 INFO: Открытие занавеса
2022-04-05 11:17:53.6392 INFO: Открытие занавеса
2022-04-05 11:17:53.7443 INFO: Открытие занавеса
2022-04-05 11:17:53.8381 INFO: Открытие занавеса
2022-04-05 11:17:53.9381 INFO: Открытие занавеса
2022-04-05 11:17:54.0359 INFO: Открытие занавеса
2022-04-05 11:17:54.1372 INFO: Открытие занавеса
2022-04-05 11:17:54.2369 INFO: Открытие занавеса
2022-04-05 11:17:54.3422 INFO: Открытие занавеса
2022-04-05 11:17:54.4359 INFO: Открытие занавеса
2022-04-05 11:17:54.5392 INFO: Открытие занавеса
2022-04-05 11:17:54.6380 INFO: Открытие занавеса
2022-04-05 11:17:54.7484 INFO: Открытие занавеса
2022-04-05 11:17:54.8433 INFO: Открытие занавеса
2022-04-05 11:17:54.9484 INFO: Открытие занавеса
2022-04-05 11:17:55.0380 INFO: Открытие занавеса
2022-04-05 11:17:55.1489 INFO: Открытие занавеса
2022-04-05 11:17:55.2395 INFO: Открытие занавеса
2022-04-05 11:17:55.3419 INFO: Открытие занавеса
2022-04-05 11:17:55.4397 INFO: Открытие занавеса
2022-04-05 11:17:55.5408 INFO: Открытие занавеса
2022-04-05 11:17:55.6447 INFO: Открытие занавеса
2022-04-05 11:17:55.7438 INFO: Открытие занавеса
2022-04-05 11:17:55.8398 INFO: Открытие занавеса
2022-04-05 11:17:55.9357 INFO: Открытие занавеса
2022-04-05 11:17:56.0535 INFO: Открытие занавеса
2022-04-05 11:17:56.1495 INFO: Открытие занавеса
2022-04-05 11:17:56.2547 INFO: Открытие занавеса
2022-04-05 11:17:56.3506 INFO: Открытие занавеса
2022-04-05 11:17:56.4554 INFO: Открытие занавеса
2022-04-05 11:17:56.5493 INFO: Открытие занавеса
2022-04-05 11:17:56.6484 INFO: Остановка открытия занавеса
2022-04-05 11:18:33.7947 INFO: Application closed
2022-04-05 11:35:40.5377 INFO: Application started
2022-04-05 11:35:46.8835 INFO: Осуществлен успешный вход в режим администрирования
2022-04-05 11:35:48.0368 INFO: Пользователь произвел переход на страницу Discrete X
2022-04-05 11:40:45.4239 INFO: Application started
2022-04-05 11:40:51.2297 INFO: Осуществлен успешный вход в режим администрирования
2022-04-05 11:40:52.3967 INFO: Пользователь произвел переход на страницу Discrete X
2022-04-05 11:49:59.9254 INFO: Application started
2022-04-05 11:50:05.4268 INFO: Осуществлен успешный вход в режим администрирования
2022-04-05 11:50:06.5271 INFO: Пользователь произвел переход на страницу Discrete X
2022-04-05 11:50:16.6029 INFO: Application closed
2022-04-05 11:50:25.8066 INFO: Application started
2022-04-05 11:50:31.6145 INFO: Осуществлен успешный вход в режим администрирования
2022-04-05 11:50:32.7395 INFO: Пользователь произвел переход на страницу Discrete X
2022-04-05 12:02:37.1852 INFO: Application started
2022-04-05 12:02:43.1767 INFO: Осуществлен успешный вход в режим администрирования
2022-04-05 12:02:44.2159 INFO: Пользователь произвел переход на страницу Discrete X
2022-04-05 12:04:04.9333 INFO: Application started
2022-04-05 12:04:10.2282 INFO: Осуществлен успешный вход в режим администрирования
2022-04-05 12:04:11.3584 INFO: Пользователь произвел переход на страницу Discrete X
2022-04-05 12:04:42.6524 INFO: Application closed
2022-04-05 12:05:38.8749 INFO: Application started
2022-04-05 12:05:44.9888 INFO: Осуществлен успешный вход в режим администрирования
2022-04-05 12:05:46.1770 INFO: Пользователь произвел переход на страницу Discrete X
2022-04-05 12:06:05.1767 INFO: Осуществлен успешный вход в режим администрирования
2022-04-05 12:06:30.0985 INFO: Application closed
