2022-03-16 13:07:03.3994 INFO: Application started
2022-03-16 13:07:55.0139 INFO: Application started
2022-03-16 16:02:23.4422 INFO: Application started
2022-03-16 16:02:33.6888 INFO: Осуществлен успешный вход в режим администрирования
2022-03-16 16:02:41.0029 INFO: Пользователь произвел переход на страницу Discrete X
2022-03-16 16:09:02.4194 INFO: Осуществлен успешный вход в режим администрирования
2022-03-16 16:09:05.0501 INFO: Пользователь произвел переход на страницу Discrete X
2022-03-16 16:13:45.7820 INFO: Application started
2022-03-16 16:14:30.9930 INFO: Application started
2022-03-16 16:15:59.7855 INFO: Application started
2022-03-16 16:17:35.5049 INFO: Application started
2022-03-16 16:18:19.6415 INFO: Application started
2022-03-16 16:18:31.0369 INFO: Осуществлен успешный вход в режим администрирования
2022-03-16 16:18:32.6867 INFO: Пользователь произвел переход на страницу Discrete X
2022-03-16 16:18:37.0477 INFO: Перемещение АРЗ по пресетам на точку 7,9
2022-03-16 16:18:46.1357 INFO: Остановка движения по пресетам
2022-03-16 16:25:44.2266 INFO: Перемещение АРЗ по пресетам на расстояние 1,0
2022-03-16 16:25:46.7366 INFO: Остановка движения по пресетам
2022-03-16 16:25:58.1196 INFO: Перемещение АРЗ по пресетам на расстояние 1,0
2022-03-16 16:25:59.3847 INFO: Остановка движения по пресетам
2022-03-16 16:26:01.3636 INFO: Перемещение АРЗ по пресетам на расстояние 1,0
2022-03-16 16:26:40.3667 INFO: Остановка движения по пресетам
2022-03-16 16:26:42.4438 INFO: Перемещение АРЗ по пресетам на расстояние 1,0
2022-03-16 16:26:46.9847 INFO: Остановка движения по пресетам
2022-03-16 16:27:03.2756 INFO: Перемещение АРЗ по пресетам на расстояние 1,0
2022-03-16 16:27:05.6887 INFO: Остановка движения по пресетам
2022-03-16 16:33:16.1688 INFO: Осуществлен успешный вход в режим администрирования
2022-03-16 16:58:46.0125 INFO: Осуществлен успешный вход в режим администрирования
2022-03-16 17:02:33.5640 INFO: Осуществлен успешный вход в режим администрирования
2022-03-16 17:04:12.4980 INFO: Осуществлен успешный вход в режим администрирования
2022-03-16 17:04:37.8608 INFO: Остановка движения по пресетам
2022-03-16 17:04:37.9427 INFO: Остановка движения по пресетам
2022-03-16 17:04:38.0477 INFO: Остановка движения по пресетам
2022-03-16 17:04:38.1427 INFO: Остановка движения по пресетам
2022-03-16 17:04:38.2518 INFO: Остановка движения по пресетам
2022-03-16 17:04:38.3457 INFO: Остановка движения по пресетам
2022-03-16 17:04:38.4498 INFO: Остановка движения по пресетам
2022-03-16 17:04:38.5447 INFO: Остановка движения по пресетам
2022-03-16 17:04:38.6488 INFO: Остановка движения по пресетам
2022-03-16 17:04:38.7449 INFO: Остановка движения по пресетам
2022-03-16 17:04:38.8448 INFO: Остановка движения по пресетам
2022-03-16 17:04:38.9468 INFO: Остановка движения по пресетам
2022-03-16 17:04:39.0488 INFO: Остановка движения по пресетам
2022-03-16 17:04:39.1488 INFO: Остановка движения по пресетам
2022-03-16 17:04:39.2498 INFO: Остановка движения по пресетам
2022-03-16 17:04:39.3468 INFO: Остановка движения по пресетам
2022-03-16 17:04:39.4437 INFO: Остановка движения по пресетам
2022-03-16 17:04:39.5457 INFO: Остановка движения по пресетам
2022-03-16 17:04:39.6417 INFO: Остановка движения по пресетам
2022-03-16 17:04:39.7487 INFO: Остановка движения по пресетам
2022-03-16 17:04:39.8458 INFO: Остановка движения по пресетам
2022-03-16 17:04:39.9468 INFO: Остановка движения по пресетам
2022-03-16 17:04:40.0427 INFO: Остановка движения по пресетам
2022-03-16 17:04:40.1447 INFO: Остановка движения по пресетам
2022-03-16 17:04:40.2427 INFO: Остановка движения по пресетам
2022-03-16 17:04:40.3477 INFO: Остановка движения по пресетам
2022-03-16 17:04:40.4448 INFO: Остановка движения по пресетам
2022-03-16 17:04:40.5487 INFO: Остановка движения по пресетам
2022-03-16 17:04:40.6458 INFO: Остановка движения по пресетам
2022-03-16 17:04:40.7488 INFO: Остановка движения по пресетам
2022-03-16 17:04:40.8467 INFO: Остановка движения по пресетам
2022-03-16 17:04:40.9467 INFO: Остановка движения по пресетам
2022-03-16 17:04:41.0467 INFO: Остановка движения по пресетам
2022-03-16 17:04:41.1458 INFO: Остановка движения по пресетам
2022-03-16 17:04:41.2498 INFO: Остановка движения по пресетам
2022-03-16 17:04:41.3488 INFO: Остановка движения по пресетам
2022-03-16 17:04:41.4487 INFO: Остановка движения по пресетам
2022-03-16 17:04:41.5488 INFO: Остановка движения по пресетам
2022-03-16 17:04:41.6488 INFO: Остановка движения по пресетам
2022-03-16 17:04:41.7498 INFO: Остановка движения по пресетам
2022-03-16 17:04:41.8488 INFO: Остановка движения по пресетам
2022-03-16 17:04:41.9488 INFO: Остановка движения по пресетам
2022-03-16 17:04:42.0468 INFO: Остановка движения по пресетам
2022-03-16 17:04:42.1468 INFO: Остановка движения по пресетам
2022-03-16 17:04:42.2498 INFO: Остановка движения по пресетам
2022-03-16 17:04:42.3437 INFO: Остановка движения по пресетам
2022-03-16 17:04:42.4457 INFO: Остановка движения по пресетам
2022-03-16 17:04:42.5437 INFO: Остановка движения по пресетам
2022-03-16 17:04:42.6488 INFO: Остановка движения по пресетам
2022-03-16 17:04:42.7508 INFO: Остановка движения по пресетам
2022-03-16 17:04:42.8468 INFO: Остановка движения по пресетам
2022-03-16 17:04:42.9478 INFO: Остановка движения по пресетам
2022-03-16 17:04:43.0508 INFO: Остановка движения по пресетам
2022-03-16 17:04:43.1467 INFO: Остановка движения по пресетам
2022-03-16 17:04:43.2448 INFO: Остановка движения по пресетам
2022-03-16 17:04:43.3427 INFO: Остановка движения по пресетам
2022-03-16 17:04:43.4467 INFO: Остановка движения по пресетам
2022-03-16 17:04:43.5447 INFO: Остановка движения по пресетам
2022-03-16 17:04:43.6508 INFO: Остановка движения по пресетам
2022-03-16 17:04:43.7467 INFO: Остановка движения по пресетам
2022-03-16 17:04:43.8438 INFO: Остановка движения по пресетам
2022-03-16 17:04:43.9477 INFO: Остановка движения по пресетам
2022-03-16 17:04:44.0467 INFO: Остановка движения по пресетам
2022-03-16 17:04:44.1456 INFO: Остановка движения по пресетам
2022-03-16 17:04:44.2488 INFO: Остановка движения по пресетам
2022-03-16 17:04:44.3497 INFO: Остановка движения по пресетам
2022-03-16 17:04:44.4457 INFO: Остановка движения по пресетам
2022-03-16 17:04:44.5487 INFO: Остановка движения по пресетам
2022-03-16 17:04:44.6448 INFO: Остановка движения по пресетам
2022-03-16 17:04:44.7498 INFO: Остановка движения по пресетам
2022-03-16 17:04:44.8448 INFO: Остановка движения по пресетам
2022-03-16 17:04:44.9508 INFO: Остановка движения по пресетам
2022-03-16 17:04:45.0437 INFO: Остановка движения по пресетам
2022-03-16 17:04:45.1468 INFO: Остановка движения по пресетам
2022-03-16 17:04:45.2508 INFO: Остановка движения по пресетам
2022-03-16 17:04:45.3437 INFO: Остановка движения по пресетам
2022-03-16 17:04:45.4437 INFO: Остановка движения по пресетам
2022-03-16 17:04:45.5427 INFO: Остановка движения по пресетам
2022-03-16 17:04:45.6417 INFO: Остановка движения по пресетам
2022-03-16 17:04:45.7468 INFO: Остановка движения по пресетам
2022-03-16 17:04:45.8488 INFO: Остановка движения по пресетам
2022-03-16 17:04:45.9498 INFO: Остановка движения по пресетам
2022-03-16 17:04:46.0528 INFO: Остановка движения по пресетам
2022-03-16 17:04:46.1458 INFO: Остановка движения по пресетам
2022-03-16 17:04:46.2527 INFO: Остановка движения по пресетам
2022-03-16 17:04:46.3468 INFO: Остановка движения по пресетам
2022-03-16 17:04:46.4498 INFO: Остановка движения по пресетам
2022-03-16 17:04:46.5508 INFO: Остановка движения по пресетам
2022-03-16 17:04:46.6518 INFO: Остановка движения по пресетам
2022-03-16 17:04:46.7478 INFO: Остановка движения по пресетам
2022-03-16 17:04:46.8519 INFO: Остановка движения по пресетам
2022-03-16 17:04:46.9427 INFO: Остановка движения по пресетам
2022-03-16 17:04:47.0488 INFO: Остановка движения по пресетам
2022-03-16 17:04:47.1437 INFO: Остановка движения по пресетам
2022-03-16 17:04:47.2488 INFO: Остановка движения по пресетам
2022-03-16 17:04:47.3437 INFO: Остановка движения по пресетам
2022-03-16 17:04:47.4469 INFO: Остановка движения по пресетам
2022-03-16 17:04:47.5447 INFO: Остановка движения по пресетам
2022-03-16 17:04:47.6488 INFO: Остановка движения по пресетам
2022-03-16 17:04:47.7448 INFO: Остановка движения по пресетам
2022-03-16 17:04:47.8508 INFO: Остановка движения по пресетам
2022-03-16 17:04:47.9468 INFO: Остановка движения по пресетам
2022-03-16 17:04:48.0508 INFO: Остановка движения по пресетам
2022-03-16 17:04:48.1477 INFO: Остановка движения по пресетам
2022-03-16 17:04:48.2488 INFO: Остановка движения по пресетам
2022-03-16 17:04:48.3498 INFO: Остановка движения по пресетам
2022-03-16 17:04:48.4467 INFO: Остановка движения по пресетам
2022-03-16 17:04:48.5488 INFO: Остановка движения по пресетам
2022-03-16 17:04:48.6436 INFO: Остановка движения по пресетам
2022-03-16 17:04:48.7477 INFO: Остановка движения по пресетам
2022-03-16 17:04:48.8447 INFO: Остановка движения по пресетам
2022-03-16 17:04:48.9467 INFO: Остановка движения по пресетам
2022-03-16 17:04:49.0498 INFO: Остановка движения по пресетам
2022-03-16 17:04:49.1478 INFO: Остановка движения по пресетам
2022-03-16 17:04:49.2457 INFO: Остановка движения по пресетам
2022-03-16 17:04:49.3488 INFO: Остановка движения по пресетам
2022-03-16 17:04:49.4468 INFO: Остановка движения по пресетам
2022-03-16 17:04:49.5518 INFO: Остановка движения по пресетам
2022-03-16 17:04:49.6478 INFO: Остановка движения по пресетам
2022-03-16 17:04:49.7488 INFO: Остановка движения по пресетам
2022-03-16 17:04:49.8508 INFO: Остановка движения по пресетам
2022-03-16 17:04:49.9508 INFO: Остановка движения по пресетам
2022-03-16 17:04:50.0427 INFO: Остановка движения по пресетам
2022-03-16 17:04:50.1488 INFO: Остановка движения по пресетам
2022-03-16 17:04:50.2417 INFO: Остановка движения по пресетам
2022-03-16 17:04:50.3457 INFO: Остановка движения по пресетам
2022-03-16 17:04:50.4436 INFO: Остановка движения по пресетам
2022-03-16 17:04:50.5477 INFO: Остановка движения по пресетам
2022-03-16 17:04:50.6476 INFO: Остановка движения по пресетам
2022-03-16 17:04:50.7508 INFO: Остановка движения по пресетам
2022-03-16 17:04:50.8467 INFO: Остановка движения по пресетам
2022-03-16 17:04:50.9478 INFO: Остановка движения по пресетам
2022-03-16 17:04:51.0508 INFO: Остановка движения по пресетам
2022-03-16 17:04:51.1478 INFO: Остановка движения по пресетам
2022-03-16 17:04:51.2478 INFO: Остановка движения по пресетам
2022-03-16 17:04:51.3448 INFO: Остановка движения по пресетам
2022-03-16 17:04:51.4458 INFO: Остановка движения по пресетам
2022-03-16 17:04:51.5508 INFO: Остановка движения по пресетам
2022-03-16 17:04:51.6489 INFO: Остановка движения по пресетам
2022-03-16 17:04:51.7436 INFO: Остановка движения по пресетам
2022-03-16 17:04:51.8457 INFO: Остановка движения по пресетам
2022-03-16 17:04:51.9427 INFO: Остановка движения по пресетам
2022-03-16 17:04:52.0427 INFO: Остановка движения по пресетам
2022-03-16 17:04:52.1437 INFO: Остановка движения по пресетам
2022-03-16 17:04:52.2488 INFO: Остановка движения по пресетам
2022-03-16 17:04:52.3437 INFO: Остановка движения по пресетам
2022-03-16 17:04:52.4498 INFO: Остановка движения по пресетам
2022-03-16 17:04:52.5488 INFO: Остановка движения по пресетам
2022-03-16 17:04:52.6517 INFO: Остановка движения по пресетам
2022-03-16 17:04:52.7478 INFO: Остановка движения по пресетам
2022-03-16 17:04:52.8508 INFO: Остановка движения по пресетам
2022-03-16 17:04:52.9458 INFO: Остановка движения по пресетам
2022-03-16 17:04:53.0498 INFO: Остановка движения по пресетам
2022-03-16 17:04:53.1436 INFO: Остановка движения по пресетам
2022-03-16 17:04:53.2426 INFO: Остановка движения по пресетам
2022-03-16 17:04:53.3457 INFO: Остановка движения по пресетам
2022-03-16 17:04:53.4436 INFO: Остановка движения по пресетам
2022-03-16 17:04:53.5467 INFO: Остановка движения по пресетам
2022-03-16 17:04:53.6458 INFO: Остановка движения по пресетам
2022-03-16 17:04:53.7507 INFO: Остановка движения по пресетам
2022-03-16 17:04:53.8498 INFO: Остановка движения по пресетам
2022-03-16 17:04:53.9518 INFO: Остановка движения по пресетам
2022-03-16 17:04:54.0474 INFO: Остановка движения по пресетам
2022-03-16 17:04:54.1468 INFO: Остановка движения по пресетам
2022-03-16 17:04:54.2505 INFO: Остановка движения по пресетам
2022-03-16 17:04:54.3436 INFO: Остановка движения по пресетам
2022-03-16 17:04:54.4487 INFO: Остановка движения по пресетам
2022-03-16 17:04:54.5498 INFO: Остановка движения по пресетам
2022-03-16 17:04:54.6457 INFO: Остановка движения по пресетам
2022-03-16 17:04:54.7446 INFO: Остановка движения по пресетам
2022-03-16 17:04:54.8477 INFO: Остановка движения по пресетам
2022-03-16 17:04:54.9487 INFO: Остановка движения по пресетам
2022-03-16 17:04:55.0498 INFO: Остановка движения по пресетам
2022-03-16 17:04:55.1537 INFO: Остановка движения по пресетам
2022-03-16 17:04:55.2468 INFO: Остановка движения по пресетам
2022-03-16 17:04:55.3498 INFO: Остановка движения по пресетам
2022-03-16 17:04:55.4487 INFO: Остановка движения по пресетам
2022-03-16 17:04:55.5488 INFO: Остановка движения по пресетам
2022-03-16 17:04:55.6477 INFO: Остановка движения по пресетам
2022-03-16 17:04:55.7448 INFO: Остановка движения по пресетам
2022-03-16 17:04:55.8487 INFO: Остановка движения по пресетам
2022-03-16 17:04:55.9478 INFO: Остановка движения по пресетам
2022-03-16 17:04:56.0468 INFO: Остановка движения по пресетам
2022-03-16 17:04:56.1477 INFO: Остановка движения по пресетам
2022-03-16 17:04:56.2466 INFO: Остановка движения по пресетам
2022-03-16 17:04:56.3438 INFO: Остановка движения по пресетам
2022-03-16 17:04:56.4477 INFO: Остановка движения по пресетам
2022-03-16 17:04:56.5488 INFO: Остановка движения по пресетам
2022-03-16 17:04:56.6488 INFO: Остановка движения по пресетам
2022-03-16 17:04:56.7490 INFO: Остановка движения по пресетам
2022-03-16 17:04:56.8508 INFO: Остановка движения по пресетам
2022-03-16 17:04:56.9478 INFO: Остановка движения по пресетам
2022-03-16 17:04:57.0518 INFO: Остановка движения по пресетам
2022-03-16 17:04:57.1488 INFO: Остановка движения по пресетам
2022-03-16 17:04:57.2508 INFO: Остановка движения по пресетам
2022-03-16 17:04:57.3447 INFO: Остановка движения по пресетам
2022-03-16 17:04:57.4487 INFO: Остановка движения по пресетам
2022-03-16 17:04:57.5427 INFO: Остановка движения по пресетам
2022-03-16 17:04:57.6488 INFO: Остановка движения по пресетам
2022-03-16 17:04:57.7478 INFO: Остановка движения по пресетам
2022-03-16 17:04:57.8508 INFO: Остановка движения по пресетам
2022-03-16 17:04:57.9518 INFO: Остановка движения по пресетам
2022-03-16 17:04:58.0488 INFO: Остановка движения по пресетам
2022-03-16 17:04:58.1478 INFO: Остановка движения по пресетам
2022-03-16 17:04:58.2498 INFO: Остановка движения по пресетам
2022-03-16 17:04:58.3508 INFO: Остановка движения по пресетам
2022-03-16 17:04:58.4508 INFO: Остановка движения по пресетам
2022-03-16 17:04:58.5528 INFO: Остановка движения по пресетам
2022-03-16 17:04:58.6489 INFO: Остановка движения по пресетам
2022-03-16 17:04:58.7478 INFO: Остановка движения по пресетам
2022-03-16 17:04:58.8478 INFO: Остановка движения по пресетам
2022-03-16 17:04:58.9467 INFO: Остановка движения по пресетам
2022-03-16 17:04:59.0467 INFO: Остановка движения по пресетам
2022-03-16 17:04:59.1467 INFO: Остановка движения по пресетам
2022-03-16 17:04:59.2470 INFO: Остановка движения по пресетам
2022-03-16 17:04:59.3497 INFO: Остановка движения по пресетам
2022-03-16 17:04:59.4426 INFO: Остановка движения по пресетам
2022-03-16 17:04:59.5457 INFO: Остановка движения по пресетам
2022-03-16 17:04:59.6468 INFO: Остановка движения по пресетам
2022-03-16 17:04:59.7499 INFO: Остановка движения по пресетам
2022-03-16 17:04:59.8488 INFO: Остановка движения по пресетам
2022-03-16 17:04:59.9488 INFO: Остановка движения по пресетам
2022-03-16 17:05:00.0467 INFO: Остановка движения по пресетам
2022-03-16 17:05:00.1488 INFO: Остановка движения по пресетам
2022-03-16 17:05:00.2448 INFO: Остановка движения по пресетам
2022-03-16 17:05:00.3498 INFO: Остановка движения по пресетам
2022-03-16 17:05:00.4468 INFO: Остановка движения по пресетам
2022-03-16 17:05:00.5466 INFO: Остановка движения по пресетам
2022-03-16 17:05:00.6437 INFO: Остановка движения по пресетам
2022-03-16 17:05:00.7436 INFO: Остановка движения по пресетам
2022-03-16 17:05:00.8457 INFO: Остановка движения по пресетам
2022-03-16 17:05:00.9467 INFO: Остановка движения по пресетам
2022-03-16 17:05:01.0477 INFO: Остановка движения по пресетам
2022-03-16 17:05:01.1437 INFO: Остановка движения по пресетам
2022-03-16 17:05:01.2488 INFO: Остановка движения по пресетам
2022-03-16 17:05:01.3468 INFO: Остановка движения по пресетам
2022-03-16 17:05:01.4477 INFO: Остановка движения по пресетам
2022-03-16 17:05:01.5488 INFO: Остановка движения по пресетам
2022-03-16 17:05:01.6488 INFO: Остановка движения по пресетам
2022-03-16 17:05:01.7508 INFO: Остановка движения по пресетам
2022-03-16 17:05:01.8468 INFO: Остановка движения по пресетам
2022-03-16 17:05:01.9437 INFO: Остановка движения по пресетам
2022-03-16 17:05:02.0498 INFO: Остановка движения по пресетам
2022-03-16 17:05:02.1437 INFO: Остановка движения по пресетам
2022-03-16 17:05:02.2477 INFO: Остановка движения по пресетам
2022-03-16 17:05:02.3448 INFO: Остановка движения по пресетам
2022-03-16 17:05:02.4487 INFO: Остановка движения по пресетам
2022-03-16 17:05:02.5467 INFO: Остановка движения по пресетам
2022-03-16 17:05:02.6508 INFO: Остановка движения по пресетам
2022-03-16 17:05:02.7468 INFO: Остановка движения по пресетам
2022-03-16 17:05:02.8518 INFO: Остановка движения по пресетам
2022-03-16 17:05:02.9487 INFO: Остановка движения по пресетам
2022-03-16 17:05:03.0469 INFO: Остановка движения по пресетам
2022-03-16 17:05:03.1467 INFO: Остановка движения по пресетам
2022-03-16 17:05:03.2468 INFO: Остановка движения по пресетам
2022-03-16 17:05:03.3477 INFO: Остановка движения по пресетам
2022-03-16 17:05:03.4487 INFO: Остановка движения по пресетам
2022-03-16 17:05:03.5507 INFO: Остановка движения по пресетам
2022-03-16 17:05:03.6448 INFO: Остановка движения по пресетам
2022-03-16 17:05:03.7416 INFO: Остановка движения по пресетам
2022-03-16 17:05:03.8417 INFO: Остановка движения по пресетам
2022-03-16 17:05:03.9508 INFO: Остановка движения по пресетам
2022-03-16 17:05:04.0477 INFO: Остановка движения по пресетам
2022-03-16 17:05:04.1508 INFO: Остановка движения по пресетам
2022-03-16 17:05:04.2458 INFO: Остановка движения по пресетам
2022-03-16 17:05:04.3518 INFO: Остановка движения по пресетам
2022-03-16 17:05:04.4487 INFO: Остановка движения по пресетам
2022-03-16 17:05:04.5488 INFO: Остановка движения по пресетам
2022-03-16 17:05:04.6488 INFO: Остановка движения по пресетам
2022-03-16 17:05:04.7488 INFO: Остановка движения по пресетам
2022-03-16 17:05:04.8498 INFO: Остановка движения по пресетам
2022-03-16 17:05:04.9508 INFO: Остановка движения по пресетам
2022-03-16 17:05:05.0457 INFO: Остановка движения по пресетам
2022-03-16 17:05:32.8483 INFO: Application started
2022-03-16 17:05:44.0543 INFO: Осуществлен успешный вход в режим администрирования
2022-03-16 17:06:36.9074 INFO: Application started
2022-03-16 17:15:31.1221 INFO: Осуществлен успешный вход в режим администрирования
2022-03-16 17:15:32.2569 INFO: Пользователь произвел переход на страницу Discrete X
2022-03-16 17:15:38.3270 INFO: Перемещение АРЗ по пресетам на расстояние 1,0
2022-03-16 17:15:44.5808 INFO: Остановка движения по пресетам
2022-03-16 17:16:52.4909 INFO: Перемещение АРЗ по пресетам на расстояние 1,0
2022-03-16 17:17:08.2462 INFO: Осуществлен успешный вход в режим администрирования
2022-03-16 17:17:09.5344 INFO: Пользователь произвел переход на страницу Discrete X
2022-03-16 17:19:45.4969 INFO: Application started
2022-03-16 17:19:58.0990 INFO: Осуществлен успешный вход в режим администрирования
2022-03-16 17:20:00.2835 INFO: Пользователь произвел переход на страницу Discrete X
