2021-09-15 09:33:54.6482 INFO: Application started
2021-09-15 09:34:02.5000 INFO: Выбран режим открытия на скорости 30%
2021-09-15 09:34:02.9075 INFO: Выбран режим открытия на скорости 60%
2021-09-15 09:43:28.2500 INFO: Application started
2021-09-15 09:50:08.4079 INFO: Application started
2021-09-15 09:50:11.8944 INFO: Выбран режим открытия на скорости 30%
2021-09-15 09:50:16.1775 INFO: Открытие занавеса
2021-09-15 09:50:16.2475 INFO: Открытие занавеса
2021-09-15 09:50:16.3497 INFO: Открытие занавеса
2021-09-15 09:50:16.4489 INFO: Открытие занавеса
2021-09-15 09:50:16.5478 INFO: Открытие занавеса
2021-09-15 09:50:16.6497 INFO: Открытие занавеса
2021-09-15 09:50:16.7477 INFO: Открытие занавеса
2021-09-15 09:50:16.8498 INFO: Открытие занавеса
2021-09-15 09:50:16.9477 INFO: Открытие занавеса
2021-09-15 09:50:17.0487 INFO: Открытие занавеса
2021-09-15 09:50:17.1487 INFO: Открытие занавеса
2021-09-15 09:50:17.2493 INFO: Открытие занавеса
2021-09-15 09:50:17.3478 INFO: Открытие занавеса
2021-09-15 09:50:17.4477 INFO: Открытие занавеса
2021-09-15 09:50:17.5485 INFO: Остановка открытия занавеса
2021-09-15 09:50:19.7585 INFO: Выбран режим закрытия на скорости 30%
2021-09-15 09:50:20.0102 INFO: Выбран режим закрытия на скорости 60%
2021-09-15 09:50:20.8594 INFO: Закрытие занавеса
2021-09-15 09:50:20.9667 INFO: Закрытие занавеса
2021-09-15 09:50:21.0674 INFO: Закрытие занавеса
2021-09-15 09:50:21.1676 INFO: Закрытие занавеса
2021-09-15 09:50:21.2664 INFO: Закрытие занавеса
2021-09-15 09:50:21.3697 INFO: Закрытие занавеса
2021-09-15 09:50:21.4674 INFO: Закрытие занавеса
2021-09-15 09:50:21.5667 INFO: Закрытие занавеса
2021-09-15 09:50:21.6664 INFO: Закрытие занавеса
2021-09-15 09:50:21.7677 INFO: Закрытие занавеса
2021-09-15 09:50:21.8664 INFO: Закрытие занавеса
2021-09-15 09:50:21.9676 INFO: Закрытие занавеса
2021-09-15 09:50:22.0645 INFO: Закрытие занавеса
2021-09-15 09:50:22.1674 INFO: Закрытие занавеса
2021-09-15 09:50:22.2654 INFO: Закрытие занавеса
2021-09-15 09:50:22.3667 INFO: Закрытие занавеса
2021-09-15 09:50:22.4674 INFO: Закрытие занавеса
2021-09-15 09:50:22.5666 INFO: Закрытие занавеса
2021-09-15 09:50:22.6665 INFO: Закрытие занавеса
2021-09-15 09:50:22.7626 INFO: Остановка закрытия занавеса
2021-09-15 09:50:23.6655 INFO: Закрытие занавеса
2021-09-15 09:50:23.7664 INFO: Закрытие занавеса
2021-09-15 09:50:23.8687 INFO: Закрытие занавеса
2021-09-15 09:50:23.9663 INFO: Закрытие занавеса
2021-09-15 09:50:24.0676 INFO: Закрытие занавеса
2021-09-15 09:50:24.1674 INFO: Закрытие занавеса
2021-09-15 09:50:24.2664 INFO: Закрытие занавеса
2021-09-15 09:50:24.3664 INFO: Закрытие занавеса
2021-09-15 09:50:24.4686 INFO: Закрытие занавеса
2021-09-15 09:50:24.5663 INFO: Закрытие занавеса
2021-09-15 09:50:24.6687 INFO: Закрытие занавеса
2021-09-15 09:50:24.7664 INFO: Закрытие занавеса
2021-09-15 09:50:24.8662 INFO: Закрытие занавеса
2021-09-15 09:50:24.9652 INFO: Закрытие занавеса
2021-09-15 09:50:25.0662 INFO: Закрытие занавеса
2021-09-15 09:50:25.1663 INFO: Закрытие занавеса
2021-09-15 09:50:25.2676 INFO: Закрытие занавеса
2021-09-15 09:50:25.3675 INFO: Закрытие занавеса
2021-09-15 09:50:25.4666 INFO: Закрытие занавеса
2021-09-15 09:50:25.5663 INFO: Закрытие занавеса
2021-09-15 09:50:25.6655 INFO: Закрытие занавеса
2021-09-15 09:50:25.7623 INFO: Остановка закрытия занавеса
2021-09-15 09:50:27.3813 INFO: Выбран режим открытия на скорости 30%
2021-09-15 09:50:27.7590 INFO: Выбран режим открытия на скорости 60%
2021-09-15 09:50:28.4144 INFO: Выбран режим открытия на скорости 100%
2021-09-15 09:50:29.1487 INFO: Открытие занавеса
2021-09-15 09:50:29.2477 INFO: Открытие занавеса
2021-09-15 09:50:29.3476 INFO: Открытие занавеса
2021-09-15 09:50:29.4492 INFO: Открытие занавеса
2021-09-15 09:50:29.5476 INFO: Открытие занавеса
2021-09-15 09:50:29.6491 INFO: Открытие занавеса
2021-09-15 09:50:29.7486 INFO: Открытие занавеса
2021-09-15 09:50:29.8476 INFO: Открытие занавеса
2021-09-15 09:50:29.9486 INFO: Открытие занавеса
2021-09-15 09:50:30.0486 INFO: Открытие занавеса
2021-09-15 09:50:30.1492 INFO: Открытие занавеса
2021-09-15 09:50:30.2479 INFO: Открытие занавеса
2021-09-15 09:50:30.3476 INFO: Открытие занавеса
2021-09-15 09:50:30.4476 INFO: Открытие занавеса
2021-09-15 09:50:30.5512 INFO: Открытие занавеса
2021-09-15 09:50:30.6571 INFO: Открытие занавеса
2021-09-15 09:50:30.7553 INFO: Открытие занавеса
2021-09-15 09:50:30.8512 INFO: Открытие занавеса
2021-09-15 09:50:30.9725 INFO: Открытие занавеса
2021-09-15 09:50:31.0552 INFO: Открытие занавеса
2021-09-15 09:50:31.1626 INFO: Открытие занавеса
2021-09-15 09:50:31.2572 INFO: Открытие занавеса
2021-09-15 09:50:31.3663 INFO: Открытие занавеса
2021-09-15 09:50:31.4611 INFO: Открытие занавеса
2021-09-15 09:50:31.5623 INFO: Открытие занавеса
2021-09-15 09:50:31.6648 INFO: Открытие занавеса
2021-09-15 09:50:31.7654 INFO: Открытие занавеса
2021-09-15 09:50:31.8653 INFO: Открытие занавеса
2021-09-15 09:50:31.9654 INFO: Открытие занавеса
2021-09-15 09:50:32.0644 INFO: Остановка открытия занавеса
2021-09-15 11:11:22.5339 INFO: Application started
2021-09-15 11:19:36.0716 INFO: Application started
