2021-08-18 11:45:28.4647 INFO: Application started
2021-08-18 11:45:41.7464 INFO: Осуществлен успешный вход в режим администрирования
2021-08-18 11:45:43.0529 INFO: Пользователь произвел переход на страницу Discrete X
2021-08-18 11:45:46.3091 INFO: Перемещение АРЗ по пресетам на точку 12,0
2021-08-18 11:45:49.7571 INFO: Остановка движения по пресетам
2021-08-18 11:46:18.9071 INFO: Application closed
2021-08-18 11:52:02.0298 INFO: Application started
2021-08-18 11:52:05.4291 INFO: Выбран режим открытия на скорости 30%
2021-08-18 11:52:12.1056 INFO: Выбран режим открытия на скорости 60%
2021-08-18 11:52:13.4613 INFO: Выбран режим открытия на скорости 100%
2021-08-18 11:52:14.3990 INFO: Выбран режим закрытия на скорости 30%
2021-08-18 11:52:14.5336 INFO: Выбран режим закрытия на скорости 60%
2021-08-18 11:52:15.7816 INFO: Выбран режим открытия на скорости 30%
2021-08-18 11:52:19.9984 INFO: Осуществлен успешный вход в режим администрирования
2021-08-18 11:52:21.5813 INFO: Пользователь произвел переход на страницу Discrete X
2021-08-18 11:52:25.2146 INFO: Перемещение АРЗ по пресетам на точку 7,0
2021-08-18 11:52:37.7286 INFO: Остановка движения по пресетам
2021-08-18 11:52:42.7966 INFO: Перемещение АРЗ по пресетам на точку 7,0
2021-08-18 11:52:44.6726 INFO: Остановка движения по пресетам
2021-08-18 11:52:56.1448 INFO: Application closed
2021-08-18 11:53:07.7829 INFO: Application started
2021-08-18 11:53:12.0483 INFO: Осуществлен успешный вход в режим администрирования
2021-08-18 11:53:13.0775 INFO: Пользователь произвел переход на страницу Discrete X
2021-08-18 11:53:21.8155 INFO: Перемещение АРЗ по пресетам на точку 13,0
2021-08-18 11:53:33.0406 INFO: Остановка движения по пресетам
2021-08-18 11:53:36.8917 INFO: Перемещение АРЗ по пресетам на точку 13,0
2021-08-18 11:53:41.7448 INFO: Остановка движения по пресетам
2021-08-18 11:53:46.1609 INFO: Application closed
