2022-04-25 12:49:35.2718 INFO: Application started
2022-04-25 12:49:51.2241 INFO: Движение к началу трека
2022-04-25 12:49:51.3161 INFO: Движение к началу трека
2022-04-25 12:49:51.4151 INFO: Движение к началу трека
2022-04-25 12:49:51.5161 INFO: Движение к началу трека
2022-04-25 12:49:51.6151 INFO: Движение к началу трека
2022-04-25 12:49:51.7161 INFO: Движение к началу трека
2022-04-25 12:49:51.8151 INFO: Движение к началу трека
2022-04-25 12:49:51.9161 INFO: Движение к началу трека
2022-04-25 12:49:52.0161 INFO: Движение к началу трека
2022-04-25 12:49:52.1131 INFO: Движение к началу трека
2022-04-25 12:49:52.2161 INFO: Движение к началу трека
2022-04-25 12:49:52.3151 INFO: Движение к началу трека
2022-04-25 12:49:52.4161 INFO: Движение к началу трека
2022-04-25 12:49:52.5130 INFO: Движение к началу трека
2022-04-25 12:49:52.6151 INFO: Движение к началу трека
2022-04-25 12:49:52.7151 INFO: Движение к началу трека
2022-04-25 12:49:52.8151 INFO: Движение к началу трека
2022-04-25 12:49:52.9151 INFO: Движение к началу трека
2022-04-25 12:49:53.0161 INFO: Движение к началу трека
2022-04-25 12:49:53.1161 INFO: Движение к началу трека
2022-04-25 12:49:53.2161 INFO: Движение к началу трека
2022-04-25 12:49:53.3161 INFO: Движение к началу трека
2022-04-25 12:49:53.4161 INFO: Движение к началу трека
2022-04-25 12:49:53.5161 INFO: Движение к началу трека
2022-04-25 12:49:53.6161 INFO: Движение к началу трека
2022-04-25 12:49:53.7161 INFO: Движение к началу трека
2022-04-25 12:49:53.8151 INFO: Движение к началу трека
2022-04-25 12:49:53.9151 INFO: Движение к началу трека
2022-04-25 12:49:54.0151 INFO: Движение к началу трека
2022-04-25 12:49:54.1151 INFO: Движение к началу трека
2022-04-25 12:49:54.2151 INFO: Движение к началу трека
2022-04-25 12:49:54.3161 INFO: Движение к началу трека
2022-04-25 12:49:54.4151 INFO: Движение к началу трека
2022-04-25 12:49:54.5161 INFO: Движение к началу трека
2022-04-25 12:49:54.6151 INFO: Движение к началу трека
2022-04-25 12:49:54.7151 INFO: Движение к началу трека
2022-04-25 12:49:54.8070 INFO: Движение к началу трека
2022-04-25 12:49:54.9161 INFO: Движение к началу трека
2022-04-25 12:49:55.0131 INFO: Движение к началу трека
2022-04-25 12:49:55.1151 INFO: Движение к началу трека
2022-04-25 12:49:55.2161 INFO: Движение к началу трека
2022-04-25 12:49:55.3121 INFO: Движение к началу трека
2022-04-25 12:49:55.4161 INFO: Движение к началу трека
2022-04-25 12:49:55.5151 INFO: Движение к началу трека
2022-04-25 12:49:55.6151 INFO: Движение к началу трека
2022-04-25 12:49:55.7151 INFO: Движение к началу трека
2022-04-25 12:49:55.8151 INFO: Движение к началу трека
2022-04-25 12:49:55.9151 INFO: Движение к началу трека
2022-04-25 12:49:56.0141 INFO: Движение к началу трека
2022-04-25 12:49:56.1151 INFO: Движение к началу трека
2022-04-25 12:49:56.2070 INFO: Движение к началу трека
2022-04-25 12:49:56.3161 INFO: Движение к началу трека
2022-04-25 12:49:56.4080 INFO: Движение к началу трека
2022-04-25 12:49:56.5161 INFO: Движение к началу трека
2022-04-25 12:49:56.6080 INFO: Движение к началу трека
2022-04-25 12:49:56.7151 INFO: Движение к началу трека
2022-04-25 12:49:56.8121 INFO: Движение к началу трека
2022-04-25 12:49:56.9151 INFO: Движение к началу трека
2022-04-25 12:49:57.0081 INFO: Движение к началу трека
2022-04-25 12:49:57.1161 INFO: Движение к началу трека
2022-04-25 12:49:57.2131 INFO: Движение к началу трека
2022-04-25 12:49:57.3151 INFO: Движение к началу трека
2022-04-25 12:49:57.4121 INFO: Движение к началу трека
2022-04-25 12:49:57.5161 INFO: Движение к началу трека
2022-04-25 12:49:57.6110 INFO: Движение к началу трека
2022-04-25 12:49:57.7161 INFO: Движение к началу трека
2022-04-25 12:49:57.8080 INFO: Движение к началу трека
2022-04-25 12:49:57.9161 INFO: Движение к началу трека
2022-04-25 12:49:58.0121 INFO: Движение к началу трека
2022-04-25 12:49:58.1151 INFO: Движение к началу трека
2022-04-25 12:49:58.2121 INFO: Движение к началу трека
2022-04-25 12:49:58.3151 INFO: Движение к началу трека
2022-04-25 12:49:58.4110 INFO: Движение к началу трека
2022-04-25 12:49:58.5161 INFO: Движение к началу трека
2022-04-25 12:49:58.6120 INFO: Движение к началу трека
2022-04-25 12:49:58.7151 INFO: Движение к началу трека
2022-04-25 12:49:58.8160 INFO: Движение к началу трека
2022-04-25 12:49:58.9161 INFO: Движение к началу трека
2022-04-25 12:49:59.0151 INFO: Движение к началу трека
2022-04-25 12:49:59.1050 INFO: Движение к началу трека
2022-04-25 12:49:59.2151 INFO: Движение к началу трека
2022-04-25 12:49:59.3151 INFO: Движение к началу трека
2022-04-25 12:49:59.4161 INFO: Движение к началу трека
2022-04-25 12:49:59.5161 INFO: Движение к началу трека
2022-04-25 12:49:59.6131 INFO: Движение к началу трека
2022-04-25 12:49:59.7161 INFO: Движение к началу трека
2022-04-25 12:49:59.8151 INFO: Движение к началу трека
2022-04-25 12:49:59.9151 INFO: Движение к началу трека
2022-04-25 12:50:00.0090 INFO: Движение к началу трека
2022-04-25 12:50:00.1120 INFO: Движение к началу трека
2022-04-25 12:50:00.2151 INFO: Движение к началу трека
2022-04-25 12:50:00.3151 INFO: Движение к началу трека
2022-04-25 12:50:00.4151 INFO: Движение к началу трека
2022-04-25 12:50:00.5070 INFO: Движение к началу трека
2022-04-25 12:50:00.6151 INFO: Движение к началу трека
2022-04-25 12:50:00.7141 INFO: Движение к началу трека
2022-04-25 12:50:00.8161 INFO: Движение к началу трека
2022-04-25 12:50:00.9151 INFO: Движение к началу трека
2022-04-25 12:50:01.0161 INFO: Движение к началу трека
2022-04-25 12:50:01.1151 INFO: Движение к началу трека
2022-04-25 12:50:01.2161 INFO: Движение к началу трека
2022-04-25 12:50:01.3121 INFO: Движение к началу трека
2022-04-25 12:50:01.4151 INFO: Движение к началу трека
2022-04-25 12:50:01.5161 INFO: Движение к началу трека
2022-04-25 12:50:01.6151 INFO: Движение к началу трека
2022-04-25 12:50:01.7121 INFO: Движение к началу трека
2022-04-25 12:50:01.8161 INFO: Движение к началу трека
2022-04-25 12:50:01.9070 INFO: Движение к началу трека
2022-04-25 12:50:02.0151 INFO: Движение к началу трека
2022-04-25 12:50:02.1080 INFO: Движение к началу трека
2022-04-25 12:50:02.2151 INFO: Движение к началу трека
2022-04-25 12:50:02.3091 INFO: Движение к началу трека
2022-04-25 12:50:02.4161 INFO: Движение к началу трека
2022-04-25 12:50:02.5091 INFO: Движение к началу трека
2022-04-25 12:50:02.6161 INFO: Движение к началу трека
2022-04-25 12:50:02.7081 INFO: Движение к началу трека
2022-04-25 12:50:02.8151 INFO: Движение к началу трека
2022-04-25 12:50:03.0221 INFO: Остановка движения по треку
2022-04-25 12:50:05.1171 INFO: Движение по треку
2022-04-25 12:50:05.2181 INFO: Движение по треку
2022-04-25 12:50:05.3181 INFO: Движение по треку
2022-04-25 12:50:05.4171 INFO: Движение по треку
2022-04-25 12:50:05.5161 INFO: Движение по треку
2022-04-25 12:50:05.6171 INFO: Движение по треку
2022-04-25 12:50:05.7161 INFO: Движение по треку
2022-04-25 12:50:05.8171 INFO: Движение по треку
2022-04-25 12:50:05.9181 INFO: Движение по треку
2022-04-25 12:50:06.0131 INFO: Движение по треку
2022-04-25 12:50:06.1111 INFO: Движение по треку
2022-04-25 12:50:06.2091 INFO: Движение по треку
2022-04-25 12:50:06.3151 INFO: Движение по треку
2022-04-25 12:50:06.4132 INFO: Движение по треку
2022-04-25 12:50:06.5161 INFO: Движение по треку
2022-04-25 12:50:06.6161 INFO: Движение по треку
2022-04-25 12:50:06.7101 INFO: Движение по треку
2022-04-25 12:50:06.8141 INFO: Движение по треку
2022-04-25 12:50:06.9171 INFO: Движение по треку
2022-04-25 12:50:07.0110 INFO: Движение по треку
2022-04-25 12:50:07.1141 INFO: Движение по треку
2022-04-25 12:50:07.2121 INFO: Движение по треку
2022-04-25 12:50:07.3141 INFO: Движение по треку
2022-04-25 12:50:07.4151 INFO: Движение по треку
2022-04-25 12:50:07.5161 INFO: Движение по треку
2022-04-25 12:50:07.6060 INFO: Движение по треку
2022-04-25 12:50:07.7161 INFO: Движение по треку
2022-04-25 12:50:07.8091 INFO: Движение по треку
2022-04-25 12:50:07.9141 INFO: Движение по треку
2022-04-25 12:50:08.0161 INFO: Движение по треку
2022-04-25 12:50:08.1161 INFO: Движение по треку
2022-04-25 12:50:08.2141 INFO: Движение по треку
2022-04-25 12:50:08.3161 INFO: Движение по треку
2022-04-25 12:50:08.4131 INFO: Движение по треку
2022-04-25 12:50:08.5161 INFO: Движение по треку
2022-04-25 12:50:08.6111 INFO: Движение по треку
2022-04-25 12:50:08.7131 INFO: Движение по треку
2022-04-25 12:50:08.8121 INFO: Движение по треку
2022-04-25 12:50:08.9161 INFO: Движение по треку
2022-04-25 12:50:09.0130 INFO: Движение по треку
2022-04-25 12:50:09.1121 INFO: Движение по треку
2022-04-25 12:50:09.2100 INFO: Движение по треку
2022-04-25 12:50:09.3161 INFO: Движение по треку
2022-04-25 12:50:09.4070 INFO: Движение по треку
2022-04-25 12:50:09.5141 INFO: Движение по треку
2022-04-25 12:50:09.6101 INFO: Движение по треку
2022-04-25 12:50:09.7131 INFO: Движение по треку
2022-04-25 12:50:09.8090 INFO: Движение по треку
2022-04-25 12:50:09.9141 INFO: Движение по треку
2022-04-25 12:50:10.0091 INFO: Движение по треку
2022-04-25 12:50:10.1121 INFO: Движение по треку
2022-04-25 12:50:10.2111 INFO: Движение по треку
2022-04-25 12:50:10.3121 INFO: Движение по треку
2022-04-25 12:50:10.4100 INFO: Движение по треку
2022-04-25 12:50:10.5081 INFO: Движение по треку
2022-04-25 12:50:10.6111 INFO: Движение по треку
2022-04-25 12:50:10.7081 INFO: Движение по треку
2022-04-25 12:50:10.8091 INFO: Движение по треку
2022-04-25 12:50:10.9111 INFO: Движение по треку
2022-04-25 12:50:11.0101 INFO: Движение по треку
2022-04-25 12:50:11.1071 INFO: Движение по треку
2022-04-25 12:50:11.2121 INFO: Движение по треку
2022-04-25 12:50:11.3101 INFO: Движение по треку
2022-04-25 12:50:11.4101 INFO: Движение по треку
2022-04-25 12:50:11.5071 INFO: Движение по треку
2022-04-25 12:50:11.6091 INFO: Движение по треку
2022-04-25 12:50:11.7121 INFO: Движение по треку
2022-04-25 12:50:11.8091 INFO: Движение по треку
2022-04-25 12:50:11.9060 INFO: Движение по треку
2022-04-25 12:50:12.0081 INFO: Движение по треку
2022-04-25 12:50:12.1070 INFO: Движение по треку
2022-04-25 12:50:12.2071 INFO: Движение по треку
2022-04-25 12:50:12.3091 INFO: Движение по треку
2022-04-25 12:50:12.4101 INFO: Движение по треку
2022-04-25 12:50:12.5081 INFO: Движение по треку
2022-04-25 12:50:12.6081 INFO: Движение по треку
2022-04-25 12:50:12.7081 INFO: Движение по треку
2022-04-25 12:50:12.8081 INFO: Движение по треку
2022-04-25 12:50:12.9091 INFO: Движение по треку
2022-04-25 12:50:13.0071 INFO: Движение по треку
2022-04-25 12:50:13.1081 INFO: Движение по треку
2022-04-25 12:50:13.2091 INFO: Движение по треку
2022-04-25 12:50:13.3060 INFO: Движение по треку
2022-04-25 12:50:13.4081 INFO: Движение по треку
2022-04-25 12:50:13.5061 INFO: Движение по треку
2022-04-25 12:50:13.6071 INFO: Движение по треку
2022-04-25 12:50:13.7071 INFO: Движение по треку
2022-04-25 12:50:13.8091 INFO: Движение по треку
2022-04-25 12:50:13.9071 INFO: Движение по треку
2022-04-25 12:50:14.0071 INFO: Движение по треку
2022-04-25 12:50:14.1071 INFO: Движение по треку
2022-04-25 12:50:14.2101 INFO: Движение по треку
2022-04-25 12:50:14.3071 INFO: Движение по треку
2022-04-25 12:50:14.4101 INFO: Движение по треку
2022-04-25 12:50:14.5060 INFO: Движение по треку
2022-04-25 12:50:14.6091 INFO: Движение по треку
2022-04-25 12:50:14.7070 INFO: Движение по треку
2022-04-25 12:50:14.8071 INFO: Движение по треку
2022-04-25 12:50:14.9060 INFO: Движение по треку
2022-04-25 12:50:15.0081 INFO: Движение по треку
2022-04-25 12:50:15.1071 INFO: Движение по треку
2022-04-25 12:50:15.2081 INFO: Движение по треку
2022-04-25 12:50:15.3081 INFO: Движение по треку
2022-04-25 12:50:15.4071 INFO: Движение по треку
2022-04-25 12:50:15.5091 INFO: Движение по треку
2022-04-25 12:50:15.6081 INFO: Движение по треку
2022-04-25 12:50:15.7081 INFO: Движение по треку
2022-04-25 12:50:15.8071 INFO: Движение по треку
2022-04-25 12:50:15.9060 INFO: Движение по треку
2022-04-25 12:50:16.0081 INFO: Движение по треку
2022-04-25 12:50:16.1071 INFO: Движение по треку
2022-04-25 12:50:16.2081 INFO: Движение по треку
2022-04-25 12:50:16.3091 INFO: Движение по треку
2022-04-25 12:50:16.4101 INFO: Движение по треку
2022-04-25 12:50:16.5081 INFO: Движение по треку
2022-04-25 12:50:16.6061 INFO: Движение по треку
2022-04-25 12:50:16.7081 INFO: Движение по треку
2022-04-25 12:50:16.8081 INFO: Движение по треку
2022-04-25 12:50:16.9111 INFO: Движение по треку
2022-04-25 12:50:17.0081 INFO: Движение по треку
2022-04-25 12:50:17.1081 INFO: Движение по треку
2022-04-25 12:50:17.2081 INFO: Движение по треку
2022-04-25 12:50:17.3071 INFO: Движение по треку
2022-04-25 12:50:17.4071 INFO: Движение по треку
2022-04-25 12:50:17.5081 INFO: Движение по треку
2022-04-25 12:50:17.6070 INFO: Движение по треку
2022-04-25 12:50:17.7071 INFO: Движение по треку
2022-04-25 12:50:17.8081 INFO: Движение по треку
2022-04-25 12:50:17.9081 INFO: Движение по треку
2022-04-25 12:50:18.0071 INFO: Движение по треку
2022-04-25 12:50:18.1081 INFO: Движение по треку
2022-04-25 12:50:18.2081 INFO: Движение по треку
2022-04-25 12:50:18.3081 INFO: Движение по треку
2022-04-25 12:50:18.4081 INFO: Движение по треку
2022-04-25 12:50:18.5081 INFO: Движение по треку
2022-04-25 12:50:18.6081 INFO: Движение по треку
2022-04-25 12:50:18.7091 INFO: Движение по треку
2022-04-25 12:50:18.8081 INFO: Движение по треку
2022-04-25 12:50:18.9081 INFO: Движение по треку
2022-04-25 12:50:19.0060 INFO: Движение по треку
2022-04-25 12:50:19.1081 INFO: Движение по треку
2022-04-25 12:50:19.2070 INFO: Движение по треку
2022-04-25 12:50:19.3071 INFO: Движение по треку
2022-04-25 12:50:19.5071 INFO: Остановка движения по треку
2022-04-25 12:50:23.7061 INFO: Движение к началу трека
2022-04-25 12:50:23.8061 INFO: Движение к началу трека
2022-04-25 12:50:23.9051 INFO: Движение к началу трека
2022-04-25 12:50:24.0061 INFO: Движение к началу трека
2022-04-25 12:50:24.1061 INFO: Движение к началу трека
2022-04-25 12:50:24.2071 INFO: Движение к началу трека
2022-04-25 12:50:24.3061 INFO: Движение к началу трека
2022-04-25 12:50:24.4061 INFO: Движение к началу трека
2022-04-25 12:50:24.5060 INFO: Движение к началу трека
2022-04-25 12:50:24.6060 INFO: Движение к началу трека
2022-04-25 12:50:24.7060 INFO: Движение к началу трека
2022-04-25 12:50:24.8061 INFO: Движение к началу трека
2022-04-25 12:50:24.9050 INFO: Движение к началу трека
2022-04-25 12:50:25.0061 INFO: Движение к началу трека
2022-04-25 12:50:25.1061 INFO: Движение к началу трека
2022-04-25 12:50:25.2061 INFO: Движение к началу трека
2022-04-25 12:50:25.3071 INFO: Движение к началу трека
2022-04-25 12:50:25.4081 INFO: Движение к началу трека
2022-04-25 12:50:25.5060 INFO: Движение к началу трека
2022-04-25 12:50:25.6061 INFO: Движение к началу трека
2022-04-25 12:50:25.7060 INFO: Движение к началу трека
2022-04-25 12:50:25.8061 INFO: Движение к началу трека
2022-04-25 12:50:25.9061 INFO: Движение к началу трека
2022-04-25 12:50:26.0061 INFO: Движение к началу трека
2022-04-25 12:50:26.1061 INFO: Движение к началу трека
2022-04-25 12:50:26.2061 INFO: Движение к началу трека
2022-04-25 12:50:26.3060 INFO: Движение к началу трека
2022-04-25 12:50:26.4061 INFO: Движение к началу трека
2022-04-25 12:50:26.5061 INFO: Движение к началу трека
2022-04-25 12:50:26.6061 INFO: Движение к началу трека
2022-04-25 12:50:26.7061 INFO: Движение к началу трека
2022-04-25 12:50:26.8061 INFO: Движение к началу трека
2022-04-25 12:50:26.9061 INFO: Движение к началу трека
2022-04-25 12:50:27.0061 INFO: Движение к началу трека
2022-04-25 12:50:27.1061 INFO: Движение к началу трека
2022-04-25 12:50:27.2061 INFO: Движение к началу трека
2022-04-25 12:50:27.3061 INFO: Движение к началу трека
2022-04-25 12:50:27.4071 INFO: Движение к началу трека
2022-04-25 12:50:27.5061 INFO: Движение к началу трека
2022-04-25 12:50:27.6060 INFO: Движение к началу трека
2022-04-25 12:50:27.7061 INFO: Движение к началу трека
2022-04-25 12:50:27.8061 INFO: Движение к началу трека
2022-04-25 12:50:27.9061 INFO: Движение к началу трека
2022-04-25 12:50:28.0061 INFO: Движение к началу трека
2022-04-25 12:50:28.1061 INFO: Движение к началу трека
2022-04-25 12:50:28.2071 INFO: Движение к началу трека
2022-04-25 12:50:28.3071 INFO: Движение к началу трека
2022-04-25 12:50:28.4061 INFO: Движение к началу трека
2022-04-25 12:50:28.5061 INFO: Движение к началу трека
2022-04-25 12:50:28.6061 INFO: Движение к началу трека
2022-04-25 12:50:28.7061 INFO: Движение к началу трека
2022-04-25 12:50:28.8061 INFO: Движение к началу трека
2022-04-25 12:50:28.9071 INFO: Движение к началу трека
2022-04-25 12:50:29.0060 INFO: Движение к началу трека
2022-04-25 12:50:29.1061 INFO: Движение к началу трека
2022-04-25 12:50:29.2061 INFO: Движение к началу трека
2022-04-25 12:50:29.3061 INFO: Движение к началу трека
2022-04-25 12:50:29.4061 INFO: Движение к началу трека
2022-04-25 12:50:29.5071 INFO: Движение к началу трека
2022-04-25 12:50:29.6061 INFO: Движение к началу трека
2022-04-25 12:50:29.7071 INFO: Движение к началу трека
2022-04-25 12:50:29.8061 INFO: Движение к началу трека
2022-04-25 12:50:30.0061 INFO: Остановка движения по треку
2022-04-25 12:50:32.0071 INFO: Движение по треку
2022-04-25 12:50:32.1071 INFO: Движение по треку
2022-04-25 12:50:32.2081 INFO: Движение по треку
2022-04-25 12:50:32.3081 INFO: Движение по треку
2022-04-25 12:50:32.4081 INFO: Движение по треку
2022-04-25 12:50:32.5061 INFO: Движение по треку
2022-04-25 12:50:32.6081 INFO: Движение по треку
2022-04-25 12:50:32.7081 INFO: Движение по треку
2022-04-25 12:50:32.8091 INFO: Движение по треку
2022-04-25 12:50:32.9071 INFO: Движение по треку
2022-04-25 12:50:33.0061 INFO: Движение по треку
2022-04-25 12:50:33.1081 INFO: Движение по треку
2022-04-25 12:50:33.2081 INFO: Движение по треку
2022-04-25 12:50:33.3060 INFO: Движение по треку
2022-04-25 12:50:33.4071 INFO: Движение по треку
2022-04-25 12:50:33.5071 INFO: Движение по треку
2022-04-25 12:50:33.6081 INFO: Движение по треку
2022-04-25 12:50:33.7071 INFO: Движение по треку
2022-04-25 12:50:33.8081 INFO: Движение по треку
2022-04-25 12:50:33.9061 INFO: Движение по треку
2022-04-25 12:50:34.0081 INFO: Движение по треку
2022-04-25 12:50:34.1061 INFO: Движение по треку
2022-04-25 12:50:34.2071 INFO: Движение по треку
2022-04-25 12:50:34.3071 INFO: Движение по треку
2022-04-25 12:50:34.4071 INFO: Движение по треку
2022-04-25 12:50:34.5061 INFO: Движение по треку
2022-04-25 12:50:34.6071 INFO: Движение по треку
2022-04-25 12:50:34.7070 INFO: Движение по треку
2022-04-25 12:50:34.8091 INFO: Движение по треку
2022-04-25 12:50:34.9071 INFO: Движение по треку
2022-04-25 12:50:35.0081 INFO: Движение по треку
2022-04-25 12:50:35.1081 INFO: Движение по треку
2022-04-25 12:50:35.2081 INFO: Движение по треку
2022-04-25 12:50:35.3061 INFO: Движение по треку
2022-04-25 12:50:35.4071 INFO: Движение по треку
2022-04-25 12:50:35.5071 INFO: Движение по треку
2022-04-25 12:50:35.6091 INFO: Движение по треку
2022-04-25 12:50:35.7060 INFO: Движение по треку
2022-04-25 12:50:35.8081 INFO: Движение по треку
2022-04-25 12:50:35.9071 INFO: Движение по треку
2022-04-25 12:50:36.0061 INFO: Движение по треку
2022-04-25 12:50:36.1080 INFO: Движение по треку
2022-04-25 12:50:36.2061 INFO: Движение по треку
2022-04-25 12:50:36.3080 INFO: Движение по треку
2022-04-25 12:50:36.4071 INFO: Движение по треку
2022-04-25 12:50:36.5081 INFO: Движение по треку
2022-04-25 12:50:36.6061 INFO: Движение по треку
2022-04-25 12:50:36.7070 INFO: Движение по треку
2022-04-25 12:50:36.8081 INFO: Движение по треку
2022-04-25 12:50:37.0051 INFO: Остановка движения по треку
2022-04-25 12:51:10.3691 INFO: Application started
2022-04-25 12:51:17.4891 INFO: Осуществлен успешный вход в режим администрирования
2022-04-25 12:51:18.5646 INFO: Пользователь произвел переход на страницу Settings
